<?xml version="1.0" encoding="UTF-8"?>
<robot generator="Robot 5.0.1 (Python 3.10.7 on win32)" generated="20240425 16:27:47.305" rpa="false" schemaversion="3">
<suite id="s1" name="Start-Session" source="C:\Users\newaj\PycharmProjects\Mobile-Automation-Projects-using-Robot-Framework\Android Projects\TestCases\Start-Session.robot">
<test id="s1-t1" name="Open_Application" line="9">
<kw name="Open Application" library="AppiumLibrary">
<arg>http://localhost:4723</arg>
<arg>platformName=Android</arg>
<arg>platformVersion=11</arg>
<arg>deviceName=HA1HSDDT</arg>
<arg>appPackage=com.savethechildren.coco.coco</arg>
<arg>appActivity=com.savethechildren.coco.coco.MainActivity</arg>
<arg>automationName=UiAutomator2</arg>
<doc>Opens a new application to given Appium server.
Capabilities of appium server, Android and iOS,
Please check https://github.com/appium/appium/blob/master/docs/en/writing-running-appium/server-args.md
| *Option*            | *Man.* | *Description*     |
| remote_url          | Yes    | Appium server url |
| alias               | no     | alias             |
| strict_ssl          | No     | allows you to send commands to an invalid certificate host like a self-signed one. |</doc>
<msg timestamp="20240425 16:27:47.626" level="TRACE">Arguments: [ 'http://localhost:4723' | platformName='Android' | platformVersion='11' | deviceName='HA1HSDDT' | appPackage='com.savethechildren.coco.coco' | appActivity='com.savethechildren.coco.coco.MainActivity' | automationName='UiAutomator2' ]</msg>
<msg timestamp="20240425 16:27:47.627" level="DEBUG">POST http://localhost:4723/session {"capabilities": {"firstMatch": [{}], "alwaysMatch": {"platformName": "Android", "appium:platformVersion": "11", "appium:deviceName": "HA1HSDDT", "appium:appPackage": "com.savethechildren.coco.coco", "appium:appActivity": "com.savethechildren.coco.coco.MainActivity", "appium:automationName": "UiAutomator2"}}}</msg>
<msg timestamp="20240425 16:27:47.640" level="DEBUG">Starting new HTTP connection (1): localhost:4723</msg>
<msg timestamp="20240425 16:27:56.928" level="DEBUG">http://localhost:4723 "POST /session HTTP/1.1" 200 960</msg>
<msg timestamp="20240425 16:27:56.928" level="DEBUG">Remote response: status=200 | data={"value":{"capabilities":{"platformName":"Android","platformVersion":"11","deviceName":"HA1HSDDT","appPackage":"com.savethechildren.coco.coco","appActivity":"com.savethechildren.coco.coco.MainActivity","automationName":"UiAutomator2","platform":"LINUX","webStorageEnabled":false,"takesScreenshot":true,"javascriptEnabled":true,"databaseEnabled":false,"networkConnectionEnabled":true,"locationContextEnabled":false,"warnings":{},"desired":{"platformName":"Android","platformVersion":"11","deviceName":"HA1HSDDT","appPackage":"com.savethechildren.coco.coco","appActivity":"com.savethechildren.coco.coco.MainActivity","automationName":"UiAutomator2"},"deviceUDID":"HA1HSDDT","pixelRatio":"1","statBarHeight":24,"viewportRect":{"left":0,"top":24,"width":600,"height":1000},"deviceApiLevel":30,"deviceManufacturer":"LENOVO","deviceModel":"Lenovo TB-7306F","deviceScreenSize":"600x1024","deviceScreenDensity":160},"sessionId":"dbb6f58f-b8d6-4c21-aec3-dd7523434d5d"}} | headers=HTTPHeaderDict({'X-Powered-By': 'Express', 'Vary': 'X-HTTP-Method-Override', 'Content-Type': 'application/json; charset=utf-8', 'Content-Length': '960', 'ETag': 'W/"3c0-KQWjeALhJH2oZhgunk3MD13V/oE"', 'Date': 'Thu, 25 Apr 2024 10:27:56 GMT', 'Connection': 'keep-alive', 'Keep-Alive': 'timeout=600'})</msg>
<msg timestamp="20240425 16:27:56.928" level="DEBUG">Finished Request</msg>
<msg timestamp="20240425 16:27:56.930" level="DEBUG">Opened application with session id dbb6f58f-b8d6-4c21-aec3-dd7523434d5d</msg>
<msg timestamp="20240425 16:27:56.930" level="TRACE">Return: 1</msg>
<status status="PASS" starttime="20240425 16:27:47.625" endtime="20240425 16:27:56.930"/>
</kw>
<status status="PASS" starttime="20240425 16:27:47.624" endtime="20240425 16:27:56.931"/>
</test>
<status status="PASS" starttime="20240425 16:27:47.307" endtime="20240425 16:27:56.932"/>
</suite>
<statistics>
<total>
<stat pass="1" fail="0" skip="0">All Tests</stat>
</total>
<tag>
</tag>
<suite>
<stat pass="1" fail="0" skip="0" id="s1" name="Start-Session">Start-Session</stat>
</suite>
</statistics>
<errors>
</errors>
</robot>
