<?xml version="1.0" encoding="UTF-8"?>
<robot generator="Robot 5.0.1 (Python 3.10.7 on win32)" generated="20240429 14:35:38.873" rpa="false" schemaversion="3">
<suite id="s1" name="Start-Session" source="C:\Users\newaj\PycharmProjects\Mobile-Automation-Projects-using-Robot-Framework\Contraceptive Coach (COCO) - Which Method\TestCases\Start-Session.robot">
<test id="s1-t1" name="CoCo_Skip Logic - Pattern 1" line="9">
<kw name="Open Application" library="AppiumLibrary">
<arg>http://localhost:4723</arg>
<arg>platformName=Android</arg>
<arg>platformVersion=11</arg>
<arg>deviceName=HA1HSDDT</arg>
<arg>automationName=UiAutomator2</arg>
<doc>Opens a new application to given Appium server.
Capabilities of appium server, Android and iOS,
Please check https://github.com/appium/appium/blob/master/docs/en/writing-running-appium/server-args.md
| *Option*            | *Man.* | *Description*     |
| remote_url          | Yes    | Appium server url |
| alias               | no     | alias             |
| strict_ssl          | No     | allows you to send commands to an invalid certificate host like a self-signed one. |</doc>
<msg timestamp="20240429 14:35:39.324" level="TRACE">Arguments: [ 'http://localhost:4723' | platformName='Android' | platformVersion='11' | deviceName='HA1HSDDT' | automationName='UiAutomator2' ]</msg>
<msg timestamp="20240429 14:35:39.324" level="DEBUG">POST http://localhost:4723/session {"capabilities": {"firstMatch": [{}], "alwaysMatch": {"platformName": "Android", "appium:platformVersion": "11", "appium:deviceName": "HA1HSDDT", "appium:automationName": "UiAutomator2"}}}</msg>
<msg timestamp="20240429 14:35:39.353" level="DEBUG">Starting new HTTP connection (1): localhost:4723</msg>
<msg timestamp="20240429 14:35:47.675" level="DEBUG">http://localhost:4723 "POST /session HTTP/1.1" 200 752</msg>
<msg timestamp="20240429 14:35:47.675" level="DEBUG">Remote response: status=200 | data={"value":{"capabilities":{"platformName":"Android","platformVersion":"11","deviceName":"HA1HSDDT","automationName":"UiAutomator2","platform":"LINUX","webStorageEnabled":false,"takesScreenshot":true,"javascriptEnabled":true,"databaseEnabled":false,"networkConnectionEnabled":true,"locationContextEnabled":false,"warnings":{},"desired":{"platformName":"Android","platformVersion":"11","deviceName":"HA1HSDDT","automationName":"UiAutomator2"},"deviceUDID":"HA1HSDDT","pixelRatio":"1","statBarHeight":24,"viewportRect":{"left":0,"top":24,"width":600,"height":1000},"deviceApiLevel":30,"deviceManufacturer":"LENOVO","deviceModel":"Lenovo TB-7306F","deviceScreenSize":"600x1024","deviceScreenDensity":160},"sessionId":"ec110942-ad53-46fb-84f3-9966ce9d1f41"}} | headers=HTTPHeaderDict({'X-Powered-By': 'Express', 'Vary': 'X-HTTP-Method-Override', 'Content-Type': 'application/json; charset=utf-8', 'Content-Length': '752', 'ETag': 'W/"2f0-0n2qDOt7+SLl5c9/RSgMqjyVFuI"', 'Date': 'Mon, 29 Apr 2024 08:35:47 GMT', 'Connection': 'keep-alive', 'Keep-Alive': 'timeout=600'})</msg>
<msg timestamp="20240429 14:35:47.675" level="DEBUG">Finished Request</msg>
<msg timestamp="20240429 14:35:47.675" level="DEBUG">Opened application with session id ec110942-ad53-46fb-84f3-9966ce9d1f41</msg>
<msg timestamp="20240429 14:35:47.675" level="TRACE">Return: 1</msg>
<status status="PASS" starttime="20240429 14:35:39.324" endtime="20240429 14:35:47.675"/>
</kw>
<kw name="Click Element" library="AppiumLibrary">
<arg>${btn_app}</arg>
<doc>Click element identified by `locator`.</doc>
<msg timestamp="20240429 14:35:47.675" level="TRACE">Arguments: [ "//android.widget.TextView[@content-desc='COCO']" ]</msg>
<msg timestamp="20240429 14:35:47.675" level="INFO">Clicking element '//android.widget.TextView[@content-desc='COCO']'.</msg>
<msg timestamp="20240429 14:35:47.675" level="DEBUG">POST http://localhost:4723/session/ec110942-ad53-46fb-84f3-9966ce9d1f41/elements {"using": "xpath", "value": "//android.widget.TextView[@content-desc='COCO']"}</msg>
<msg timestamp="20240429 14:35:48.800" level="DEBUG">http://localhost:4723 "POST /session/ec110942-ad53-46fb-84f3-9966ce9d1f41/elements HTTP/1.1" 200 139</msg>
<msg timestamp="20240429 14:35:48.800" level="DEBUG">Remote response: status=200 | data={"value":[{"element-6066-11e4-a52e-4f735466cecf":"00000000-0000-0002-ffff-ffff0000015b","ELEMENT":"00000000-0000-0002-ffff-ffff0000015b"}]} | headers=HTTPHeaderDict({'X-Powered-By': 'Express', 'Vary': 'X-HTTP-Method-Override', 'Content-Type': 'application/json; charset=utf-8', 'Content-Length': '139', 'ETag': 'W/"8b-u46wxQIpRmkwXbCwjIhbMrtPrkI"', 'Date': 'Mon, 29 Apr 2024 08:35:48 GMT', 'Connection': 'keep-alive', 'Keep-Alive': 'timeout=600'})</msg>
<msg timestamp="20240429 14:35:48.800" level="DEBUG">Finished Request</msg>
<msg timestamp="20240429 14:35:48.800" level="DEBUG">POST http://localhost:4723/session/ec110942-ad53-46fb-84f3-9966ce9d1f41/element/00000000-0000-0002-ffff-ffff0000015b/click {"id": "00000000-0000-0002-ffff-ffff0000015b"}</msg>
<msg timestamp="20240429 14:35:48.896" level="DEBUG">http://localhost:4723 "POST /session/ec110942-ad53-46fb-84f3-9966ce9d1f41/element/00000000-0000-0002-ffff-ffff0000015b/click HTTP/1.1" 200 14</msg>
<msg timestamp="20240429 14:35:48.901" level="DEBUG">Remote response: status=200 | data={"value":null} | headers=HTTPHeaderDict({'X-Powered-By': 'Express', 'Vary': 'X-HTTP-Method-Override', 'Content-Type': 'application/json; charset=utf-8', 'Content-Length': '14', 'ETag': 'W/"e-9/1BuKMgFObM1mWJm+YjxtXJnUM"', 'Date': 'Mon, 29 Apr 2024 08:35:48 GMT', 'Connection': 'keep-alive', 'Keep-Alive': 'timeout=600'})</msg>
<msg timestamp="20240429 14:35:48.901" level="DEBUG">Finished Request</msg>
<msg timestamp="20240429 14:35:48.901" level="INFO">xpath criteria: //android.widget.TextView[@content-desc='COCO']</msg>
<msg timestamp="20240429 14:35:48.901" level="TRACE">Return: None</msg>
<status status="PASS" starttime="20240429 14:35:47.675" endtime="20240429 14:35:48.901"/>
</kw>
<kw name="Sleep" library="BuiltIn">
<arg>5 seconds</arg>
<doc>Pauses the test executed for the given time.</doc>
<msg timestamp="20240429 14:35:48.901" level="TRACE">Arguments: [ '5 seconds' ]</msg>
<msg timestamp="20240429 14:35:53.903" level="INFO">Slept 5 seconds</msg>
<msg timestamp="20240429 14:35:53.903" level="TRACE">Return: None</msg>
<status status="PASS" starttime="20240429 14:35:48.901" endtime="20240429 14:35:53.903"/>
</kw>
<kw name="Start Session" library="CoCo_keywords">
<msg timestamp="20240429 14:35:53.903" level="TRACE">Arguments: [  ]</msg>
<kw name="Wait Until Page Contains Element" library="AppiumLibrary">
<arg>${session}</arg>
<doc>Waits until element specified with `locator` appears on current page.</doc>
<msg timestamp="20240429 14:35:53.903" level="TRACE">Arguments: [ "//android.widget.ImageView[@content-desc='Session']" ]</msg>
<msg timestamp="20240429 14:35:53.903" level="DEBUG">POST http://localhost:4723/session/ec110942-ad53-46fb-84f3-9966ce9d1f41/elements {"using": "xpath", "value": "//android.widget.ImageView[@content-desc='Session']"}</msg>
<msg timestamp="20240429 14:35:53.998" level="DEBUG">http://localhost:4723 "POST /session/ec110942-ad53-46fb-84f3-9966ce9d1f41/elements HTTP/1.1" 200 12</msg>
<msg timestamp="20240429 14:35:53.998" level="DEBUG">Remote response: status=200 | data={"value":[]} | headers=HTTPHeaderDict({'X-Powered-By': 'Express', 'Vary': 'X-HTTP-Method-Override', 'Content-Type': 'application/json; charset=utf-8', 'Content-Length': '12', 'ETag': 'W/"c-ct3goOI+b+kRZv2R9j2fTtMXwkk"', 'Date': 'Mon, 29 Apr 2024 08:35:53 GMT', 'Connection': 'keep-alive', 'Keep-Alive': 'timeout=600'})</msg>
<msg timestamp="20240429 14:35:53.998" level="DEBUG">Finished Request</msg>
<msg timestamp="20240429 14:35:54.211" level="DEBUG">POST http://localhost:4723/session/ec110942-ad53-46fb-84f3-9966ce9d1f41/elements {"using": "xpath", "value": "//android.widget.ImageView[@content-desc='Session']"}</msg>
<msg timestamp="20240429 14:35:54.298" level="DEBUG">http://localhost:4723 "POST /session/ec110942-ad53-46fb-84f3-9966ce9d1f41/elements HTTP/1.1" 200 12</msg>
<msg timestamp="20240429 14:35:54.298" level="DEBUG">Remote response: status=200 | data={"value":[]} | headers=HTTPHeaderDict({'X-Powered-By': 'Express', 'Vary': 'X-HTTP-Method-Override', 'Content-Type': 'application/json; charset=utf-8', 'Content-Length': '12', 'ETag': 'W/"c-ct3goOI+b+kRZv2R9j2fTtMXwkk"', 'Date': 'Mon, 29 Apr 2024 08:35:54 GMT', 'Connection': 'keep-alive', 'Keep-Alive': 'timeout=600'})</msg>
<msg timestamp="20240429 14:35:54.298" level="DEBUG">Finished Request</msg>
<msg timestamp="20240429 14:35:54.508" level="DEBUG">POST http://localhost:4723/session/ec110942-ad53-46fb-84f3-9966ce9d1f41/elements {"using": "xpath", "value": "//android.widget.ImageView[@content-desc='Session']"}</msg>
<msg timestamp="20240429 14:35:54.592" level="DEBUG">http://localhost:4723 "POST /session/ec110942-ad53-46fb-84f3-9966ce9d1f41/elements HTTP/1.1" 200 12</msg>
<msg timestamp="20240429 14:35:54.592" level="DEBUG">Remote response: status=200 | data={"value":[]} | headers=HTTPHeaderDict({'X-Powered-By': 'Express', 'Vary': 'X-HTTP-Method-Override', 'Content-Type': 'application/json; charset=utf-8', 'Content-Length': '12', 'ETag': 'W/"c-ct3goOI+b+kRZv2R9j2fTtMXwkk"', 'Date': 'Mon, 29 Apr 2024 08:35:54 GMT', 'Connection': 'keep-alive', 'Keep-Alive': 'timeout=600'})</msg>
<msg timestamp="20240429 14:35:54.592" level="DEBUG">Finished Request</msg>
<msg timestamp="20240429 14:35:54.799" level="DEBUG">POST http://localhost:4723/session/ec110942-ad53-46fb-84f3-9966ce9d1f41/elements {"using": "xpath", "value": "//android.widget.ImageView[@content-desc='Session']"}</msg>
<msg timestamp="20240429 14:35:56.268" level="DEBUG">http://localhost:4723 "POST /session/ec110942-ad53-46fb-84f3-9966ce9d1f41/elements HTTP/1.1" 200 139</msg>
<msg timestamp="20240429 14:35:56.268" level="DEBUG">Remote response: status=200 | data={"value":[{"element-6066-11e4-a52e-4f735466cecf":"00000000-0000-000a-0000-000a00000004","ELEMENT":"00000000-0000-000a-0000-000a00000004"}]} | headers=HTTPHeaderDict({'X-Powered-By': 'Express', 'Vary': 'X-HTTP-Method-Override', 'Content-Type': 'application/json; charset=utf-8', 'Content-Length': '139', 'ETag': 'W/"8b-26z/Kw09EW44ARpgjGzkxKZKJ+k"', 'Date': 'Mon, 29 Apr 2024 08:35:56 GMT', 'Connection': 'keep-alive', 'Keep-Alive': 'timeout=600'})</msg>
<msg timestamp="20240429 14:35:56.268" level="DEBUG">Finished Request</msg>
<msg timestamp="20240429 14:35:56.268" level="INFO">xpath criteria: //android.widget.ImageView[@content-desc='Session']
xpath criteria: //android.widget.ImageView[@content-desc='Session']
xpath criteria: //android.widget.ImageView[@content-desc='Session']
xpath criteria: //android.widget.ImageView[@content-desc='Session']</msg>
<msg timestamp="20240429 14:35:56.268" level="TRACE">Return: None</msg>
<status status="PASS" starttime="20240429 14:35:53.903" endtime="20240429 14:35:56.268"/>
</kw>
<kw name="Click Element" library="AppiumLibrary">
<arg>${session}</arg>
<doc>Click element identified by `locator`.</doc>
<msg timestamp="20240429 14:35:56.268" level="TRACE">Arguments: [ "//android.widget.ImageView[@content-desc='Session']" ]</msg>
<msg timestamp="20240429 14:35:56.268" level="INFO">Clicking element '//android.widget.ImageView[@content-desc='Session']'.</msg>
<msg timestamp="20240429 14:35:56.268" level="DEBUG">POST http://localhost:4723/session/ec110942-ad53-46fb-84f3-9966ce9d1f41/elements {"using": "xpath", "value": "//android.widget.ImageView[@content-desc='Session']"}</msg>
<msg timestamp="20240429 14:35:56.396" level="DEBUG">http://localhost:4723 "POST /session/ec110942-ad53-46fb-84f3-9966ce9d1f41/elements HTTP/1.1" 200 139</msg>
<msg timestamp="20240429 14:35:56.396" level="DEBUG">Remote response: status=200 | data={"value":[{"element-6066-11e4-a52e-4f735466cecf":"00000000-0000-000a-0000-000a00000004","ELEMENT":"00000000-0000-000a-0000-000a00000004"}]} | headers=HTTPHeaderDict({'X-Powered-By': 'Express', 'Vary': 'X-HTTP-Method-Override', 'Content-Type': 'application/json; charset=utf-8', 'Content-Length': '139', 'ETag': 'W/"8b-26z/Kw09EW44ARpgjGzkxKZKJ+k"', 'Date': 'Mon, 29 Apr 2024 08:35:56 GMT', 'Connection': 'keep-alive', 'Keep-Alive': 'timeout=600'})</msg>
<msg timestamp="20240429 14:35:56.396" level="DEBUG">Finished Request</msg>
<msg timestamp="20240429 14:35:56.396" level="DEBUG">POST http://localhost:4723/session/ec110942-ad53-46fb-84f3-9966ce9d1f41/element/00000000-0000-000a-0000-000a00000004/click {"id": "00000000-0000-000a-0000-000a00000004"}</msg>
<msg timestamp="20240429 14:36:02.376" level="DEBUG">http://localhost:4723 "POST /session/ec110942-ad53-46fb-84f3-9966ce9d1f41/element/00000000-0000-000a-0000-000a00000004/click HTTP/1.1" 200 14</msg>
<msg timestamp="20240429 14:36:02.376" level="DEBUG">Remote response: status=200 | data={"value":null} | headers=HTTPHeaderDict({'X-Powered-By': 'Express', 'Vary': 'X-HTTP-Method-Override', 'Content-Type': 'application/json; charset=utf-8', 'Content-Length': '14', 'ETag': 'W/"e-9/1BuKMgFObM1mWJm+YjxtXJnUM"', 'Date': 'Mon, 29 Apr 2024 08:36:02 GMT', 'Connection': 'keep-alive', 'Keep-Alive': 'timeout=600'})</msg>
<msg timestamp="20240429 14:36:02.376" level="DEBUG">Finished Request</msg>
<msg timestamp="20240429 14:36:02.376" level="INFO">xpath criteria: //android.widget.ImageView[@content-desc='Session']</msg>
<msg timestamp="20240429 14:36:02.376" level="TRACE">Return: None</msg>
<status status="PASS" starttime="20240429 14:35:56.268" endtime="20240429 14:36:02.376"/>
</kw>
<kw name="Sleep" library="BuiltIn">
<arg>3 seconds</arg>
<doc>Pauses the test executed for the given time.</doc>
<msg timestamp="20240429 14:36:02.376" level="TRACE">Arguments: [ '3 seconds' ]</msg>
<msg timestamp="20240429 14:36:05.386" level="INFO">Slept 3 seconds</msg>
<msg timestamp="20240429 14:36:05.386" level="TRACE">Return: None</msg>
<status status="PASS" starttime="20240429 14:36:02.376" endtime="20240429 14:36:05.386"/>
</kw>
<kw name="Click Element" library="AppiumLibrary">
<arg>${btn_skip}</arg>
<doc>Click element identified by `locator`.</doc>
<msg timestamp="20240429 14:36:05.386" level="TRACE">Arguments: [ "//android.widget.Button[@content-desc='Skip the tutorial']" ]</msg>
<msg timestamp="20240429 14:36:05.389" level="INFO">Clicking element '//android.widget.Button[@content-desc='Skip the tutorial']'.</msg>
<msg timestamp="20240429 14:36:05.389" level="DEBUG">POST http://localhost:4723/session/ec110942-ad53-46fb-84f3-9966ce9d1f41/elements {"using": "xpath", "value": "//android.widget.Button[@content-desc='Skip the tutorial']"}</msg>
<msg timestamp="20240429 14:36:05.520" level="DEBUG">http://localhost:4723 "POST /session/ec110942-ad53-46fb-84f3-9966ce9d1f41/elements HTTP/1.1" 200 139</msg>
<msg timestamp="20240429 14:36:05.520" level="DEBUG">Remote response: status=200 | data={"value":[{"element-6066-11e4-a52e-4f735466cecf":"00000000-0000-000a-0000-001e00000004","ELEMENT":"00000000-0000-000a-0000-001e00000004"}]} | headers=HTTPHeaderDict({'X-Powered-By': 'Express', 'Vary': 'X-HTTP-Method-Override', 'Content-Type': 'application/json; charset=utf-8', 'Content-Length': '139', 'ETag': 'W/"8b-ISbQEG4M5PHaps1XAMEnFggQOa0"', 'Date': 'Mon, 29 Apr 2024 08:36:05 GMT', 'Connection': 'keep-alive', 'Keep-Alive': 'timeout=600'})</msg>
<msg timestamp="20240429 14:36:05.520" level="DEBUG">Finished Request</msg>
<msg timestamp="20240429 14:36:05.520" level="DEBUG">POST http://localhost:4723/session/ec110942-ad53-46fb-84f3-9966ce9d1f41/element/00000000-0000-000a-0000-001e00000004/click {"id": "00000000-0000-000a-0000-001e00000004"}</msg>
<msg timestamp="20240429 14:36:06.395" level="DEBUG">http://localhost:4723 "POST /session/ec110942-ad53-46fb-84f3-9966ce9d1f41/element/00000000-0000-000a-0000-001e00000004/click HTTP/1.1" 200 14</msg>
<msg timestamp="20240429 14:36:06.395" level="DEBUG">Remote response: status=200 | data={"value":null} | headers=HTTPHeaderDict({'X-Powered-By': 'Express', 'Vary': 'X-HTTP-Method-Override', 'Content-Type': 'application/json; charset=utf-8', 'Content-Length': '14', 'ETag': 'W/"e-9/1BuKMgFObM1mWJm+YjxtXJnUM"', 'Date': 'Mon, 29 Apr 2024 08:36:06 GMT', 'Connection': 'keep-alive', 'Keep-Alive': 'timeout=600'})</msg>
<msg timestamp="20240429 14:36:06.395" level="DEBUG">Finished Request</msg>
<msg timestamp="20240429 14:36:06.395" level="INFO">xpath criteria: //android.widget.Button[@content-desc='Skip the tutorial']</msg>
<msg timestamp="20240429 14:36:06.395" level="TRACE">Return: None</msg>
<status status="PASS" starttime="20240429 14:36:05.386" endtime="20240429 14:36:06.395"/>
</kw>
<kw name="Sleep" library="BuiltIn">
<arg>2 Seconds</arg>
<doc>Pauses the test executed for the given time.</doc>
<msg timestamp="20240429 14:36:06.395" level="TRACE">Arguments: [ '2 Seconds' ]</msg>
<msg timestamp="20240429 14:36:08.408" level="INFO">Slept 2 seconds</msg>
<msg timestamp="20240429 14:36:08.408" level="TRACE">Return: None</msg>
<status status="PASS" starttime="20240429 14:36:06.395" endtime="20240429 14:36:08.408"/>
</kw>
<kw name="Swipe By Percent" library="AppiumLibrary">
<arg>50</arg>
<arg>70</arg>
<arg>50</arg>
<arg>0</arg>
<doc>Swipe from one percent of the screen to another percent, for an optional duration.
Normal swipe fails to scale for different screen resolutions, this can be avoided using percent.</doc>
<msg timestamp="20240429 14:36:08.410" level="TRACE">Arguments: [ '50' | '70' | '50' | '0' ]</msg>
<msg timestamp="20240429 14:36:08.410" level="DEBUG">GET http://localhost:4723/session/ec110942-ad53-46fb-84f3-9966ce9d1f41/window/rect {}</msg>
<msg timestamp="20240429 14:36:08.426" level="DEBUG">http://localhost:4723 "GET /session/ec110942-ad53-46fb-84f3-9966ce9d1f41/window/rect HTTP/1.1" 200 49</msg>
<msg timestamp="20240429 14:36:08.426" level="DEBUG">Remote response: status=200 | data={"value":{"width":1024,"height":600,"x":0,"y":0}} | headers=HTTPHeaderDict({'X-Powered-By': 'Express', 'Content-Type': 'application/json; charset=utf-8', 'Content-Length': '49', 'ETag': 'W/"31-EBSmie5/1Cr24ZUubENun57+4uI"', 'Date': 'Mon, 29 Apr 2024 08:36:08 GMT', 'Connection': 'keep-alive', 'Keep-Alive': 'timeout=600'})</msg>
<msg timestamp="20240429 14:36:08.426" level="DEBUG">Finished Request</msg>
<msg timestamp="20240429 14:36:08.426" level="DEBUG">GET http://localhost:4723/session/ec110942-ad53-46fb-84f3-9966ce9d1f41/window/rect {}</msg>
<msg timestamp="20240429 14:36:08.458" level="DEBUG">http://localhost:4723 "GET /session/ec110942-ad53-46fb-84f3-9966ce9d1f41/window/rect HTTP/1.1" 200 49</msg>
<msg timestamp="20240429 14:36:08.458" level="DEBUG">Remote response: status=200 | data={"value":{"width":1024,"height":600,"x":0,"y":0}} | headers=HTTPHeaderDict({'X-Powered-By': 'Express', 'Content-Type': 'application/json; charset=utf-8', 'Content-Length': '49', 'ETag': 'W/"31-EBSmie5/1Cr24ZUubENun57+4uI"', 'Date': 'Mon, 29 Apr 2024 08:36:08 GMT', 'Connection': 'keep-alive', 'Keep-Alive': 'timeout=600'})</msg>
<msg timestamp="20240429 14:36:08.458" level="DEBUG">Finished Request</msg>
<msg timestamp="20240429 14:36:08.468" level="DEBUG">POST http://localhost:4723/session/ec110942-ad53-46fb-84f3-9966ce9d1f41/actions {"actions": [{"type": "pointer", "parameters": {"pointerType": "touch"}, "id": "touch", "actions": [{"type": "pointerMove", "duration": 250, "x": 512, "y": 420, "origin": "viewport"}, {"type": "pointerDown", "duration": 0, "button": 0}, {"type": "pointerMove", "duration": 1000, "x": 512, "y": 0, "origin": "viewport"}, {"type": "pointerUp", "duration": 0, "button": 0}]}]}</msg>
<msg timestamp="20240429 14:36:09.816" level="DEBUG">http://localhost:4723 "POST /session/ec110942-ad53-46fb-84f3-9966ce9d1f41/actions HTTP/1.1" 200 14</msg>
<msg timestamp="20240429 14:36:09.816" level="DEBUG">Remote response: status=200 | data={"value":null} | headers=HTTPHeaderDict({'X-Powered-By': 'Express', 'Vary': 'X-HTTP-Method-Override', 'Content-Type': 'application/json; charset=utf-8', 'Content-Length': '14', 'ETag': 'W/"e-9/1BuKMgFObM1mWJm+YjxtXJnUM"', 'Date': 'Mon, 29 Apr 2024 08:36:09 GMT', 'Connection': 'keep-alive', 'Keep-Alive': 'timeout=600'})</msg>
<msg timestamp="20240429 14:36:09.816" level="DEBUG">Finished Request</msg>
<msg timestamp="20240429 14:36:09.816" level="TRACE">Return: None</msg>
<status status="PASS" starttime="20240429 14:36:08.408" endtime="20240429 14:36:09.816"/>
</kw>
<kw name="Sleep" library="BuiltIn">
<arg>2 Seconds</arg>
<doc>Pauses the test executed for the given time.</doc>
<msg timestamp="20240429 14:36:09.816" level="TRACE">Arguments: [ '2 Seconds' ]</msg>
<msg timestamp="20240429 14:36:11.817" level="INFO">Slept 2 seconds</msg>
<msg timestamp="20240429 14:36:11.817" level="TRACE">Return: None</msg>
<status status="PASS" starttime="20240429 14:36:09.816" endtime="20240429 14:36:11.817"/>
</kw>
<kw name="Click Element" library="AppiumLibrary">
<arg>${startsession}</arg>
<doc>Click element identified by `locator`.</doc>
<msg timestamp="20240429 14:36:11.817" level="TRACE">Arguments: [ "//android.widget.Button[@content-desc='Start session']" ]</msg>
<msg timestamp="20240429 14:36:11.817" level="INFO">Clicking element '//android.widget.Button[@content-desc='Start session']'.</msg>
<msg timestamp="20240429 14:36:11.817" level="DEBUG">POST http://localhost:4723/session/ec110942-ad53-46fb-84f3-9966ce9d1f41/elements {"using": "xpath", "value": "//android.widget.Button[@content-desc='Start session']"}</msg>
<msg timestamp="20240429 14:36:11.953" level="DEBUG">http://localhost:4723 "POST /session/ec110942-ad53-46fb-84f3-9966ce9d1f41/elements HTTP/1.1" 200 139</msg>
<msg timestamp="20240429 14:36:11.953" level="DEBUG">Remote response: status=200 | data={"value":[{"element-6066-11e4-a52e-4f735466cecf":"00000000-0000-000a-0000-002800000004","ELEMENT":"00000000-0000-000a-0000-002800000004"}]} | headers=HTTPHeaderDict({'X-Powered-By': 'Express', 'Vary': 'X-HTTP-Method-Override', 'Content-Type': 'application/json; charset=utf-8', 'Content-Length': '139', 'ETag': 'W/"8b-WRWLc3Epp8p4CtoyC5HYvL1TEjk"', 'Date': 'Mon, 29 Apr 2024 08:36:11 GMT', 'Connection': 'keep-alive', 'Keep-Alive': 'timeout=600'})</msg>
<msg timestamp="20240429 14:36:11.953" level="DEBUG">Finished Request</msg>
<msg timestamp="20240429 14:36:11.953" level="DEBUG">POST http://localhost:4723/session/ec110942-ad53-46fb-84f3-9966ce9d1f41/element/00000000-0000-000a-0000-002800000004/click {"id": "00000000-0000-000a-0000-002800000004"}</msg>
<msg timestamp="20240429 14:36:12.038" level="DEBUG">http://localhost:4723 "POST /session/ec110942-ad53-46fb-84f3-9966ce9d1f41/element/00000000-0000-000a-0000-002800000004/click HTTP/1.1" 200 14</msg>
<msg timestamp="20240429 14:36:12.038" level="DEBUG">Remote response: status=200 | data={"value":null} | headers=HTTPHeaderDict({'X-Powered-By': 'Express', 'Vary': 'X-HTTP-Method-Override', 'Content-Type': 'application/json; charset=utf-8', 'Content-Length': '14', 'ETag': 'W/"e-9/1BuKMgFObM1mWJm+YjxtXJnUM"', 'Date': 'Mon, 29 Apr 2024 08:36:12 GMT', 'Connection': 'keep-alive', 'Keep-Alive': 'timeout=600'})</msg>
<msg timestamp="20240429 14:36:12.038" level="DEBUG">Finished Request</msg>
<msg timestamp="20240429 14:36:12.038" level="INFO">xpath criteria: //android.widget.Button[@content-desc='Start session']</msg>
<msg timestamp="20240429 14:36:12.038" level="TRACE">Return: None</msg>
<status status="PASS" starttime="20240429 14:36:11.817" endtime="20240429 14:36:12.038"/>
</kw>
<kw name="Sleep" library="BuiltIn">
<arg>2 Seconds</arg>
<doc>Pauses the test executed for the given time.</doc>
<msg timestamp="20240429 14:36:12.038" level="TRACE">Arguments: [ '2 Seconds' ]</msg>
<msg timestamp="20240429 14:36:14.045" level="INFO">Slept 2 seconds</msg>
<msg timestamp="20240429 14:36:14.045" level="TRACE">Return: None</msg>
<status status="PASS" starttime="20240429 14:36:12.038" endtime="20240429 14:36:14.045"/>
</kw>
<kw name="Click Element" library="AppiumLibrary">
<arg>${birthyear}</arg>
<doc>Click element identified by `locator`.</doc>
<msg timestamp="20240429 14:36:14.045" level="TRACE">Arguments: [ "//android.widget.EditText[@text='YYYY']" ]</msg>
<msg timestamp="20240429 14:36:14.045" level="INFO">Clicking element '//android.widget.EditText[@text='YYYY']'.</msg>
<msg timestamp="20240429 14:36:14.045" level="DEBUG">POST http://localhost:4723/session/ec110942-ad53-46fb-84f3-9966ce9d1f41/elements {"using": "xpath", "value": "//android.widget.EditText[@text='YYYY']"}</msg>
<msg timestamp="20240429 14:36:14.179" level="DEBUG">http://localhost:4723 "POST /session/ec110942-ad53-46fb-84f3-9966ce9d1f41/elements HTTP/1.1" 200 139</msg>
<msg timestamp="20240429 14:36:14.179" level="DEBUG">Remote response: status=200 | data={"value":[{"element-6066-11e4-a52e-4f735466cecf":"00000000-0000-000a-0000-002e00000004","ELEMENT":"00000000-0000-000a-0000-002e00000004"}]} | headers=HTTPHeaderDict({'X-Powered-By': 'Express', 'Vary': 'X-HTTP-Method-Override', 'Content-Type': 'application/json; charset=utf-8', 'Content-Length': '139', 'ETag': 'W/"8b-uyHtO0R7A705VJePCMQ7aASCZY0"', 'Date': 'Mon, 29 Apr 2024 08:36:14 GMT', 'Connection': 'keep-alive', 'Keep-Alive': 'timeout=600'})</msg>
<msg timestamp="20240429 14:36:14.179" level="DEBUG">Finished Request</msg>
<msg timestamp="20240429 14:36:14.179" level="DEBUG">POST http://localhost:4723/session/ec110942-ad53-46fb-84f3-9966ce9d1f41/element/00000000-0000-000a-0000-002e00000004/click {"id": "00000000-0000-000a-0000-002e00000004"}</msg>
<msg timestamp="20240429 14:36:14.251" level="DEBUG">http://localhost:4723 "POST /session/ec110942-ad53-46fb-84f3-9966ce9d1f41/element/00000000-0000-000a-0000-002e00000004/click HTTP/1.1" 200 14</msg>
<msg timestamp="20240429 14:36:14.251" level="DEBUG">Remote response: status=200 | data={"value":null} | headers=HTTPHeaderDict({'X-Powered-By': 'Express', 'Vary': 'X-HTTP-Method-Override', 'Content-Type': 'application/json; charset=utf-8', 'Content-Length': '14', 'ETag': 'W/"e-9/1BuKMgFObM1mWJm+YjxtXJnUM"', 'Date': 'Mon, 29 Apr 2024 08:36:14 GMT', 'Connection': 'keep-alive', 'Keep-Alive': 'timeout=600'})</msg>
<msg timestamp="20240429 14:36:14.251" level="DEBUG">Finished Request</msg>
<msg timestamp="20240429 14:36:14.251" level="INFO">xpath criteria: //android.widget.EditText[@text='YYYY']</msg>
<msg timestamp="20240429 14:36:14.251" level="TRACE">Return: None</msg>
<status status="PASS" starttime="20240429 14:36:14.045" endtime="20240429 14:36:14.251"/>
</kw>
<kw name="Enter Birthyear" library="CoCo_keywords">
<msg timestamp="20240429 14:36:14.251" level="TRACE">Arguments: [  ]</msg>
<kw name="Input Text" library="AppiumLibrary">
<arg>${birthyear}</arg>
<arg>1995</arg>
<doc>Types the given `text` into text field identified by `locator`.</doc>
<msg timestamp="20240429 14:36:14.251" level="TRACE">Arguments: [ "//android.widget.EditText[@text='YYYY']" | '1995' ]</msg>
<msg timestamp="20240429 14:36:14.260" level="INFO">Typing text '1995' into text field '//android.widget.EditText[@text='YYYY']'</msg>
<msg timestamp="20240429 14:36:14.260" level="DEBUG">POST http://localhost:4723/session/ec110942-ad53-46fb-84f3-9966ce9d1f41/elements {"using": "xpath", "value": "//android.widget.EditText[@text='YYYY']"}</msg>
<msg timestamp="20240429 14:36:15.622" level="DEBUG">http://localhost:4723 "POST /session/ec110942-ad53-46fb-84f3-9966ce9d1f41/elements HTTP/1.1" 200 139</msg>
<msg timestamp="20240429 14:36:15.622" level="DEBUG">Remote response: status=200 | data={"value":[{"element-6066-11e4-a52e-4f735466cecf":"00000000-0000-000a-0000-002e00000004","ELEMENT":"00000000-0000-000a-0000-002e00000004"}]} | headers=HTTPHeaderDict({'X-Powered-By': 'Express', 'Vary': 'X-HTTP-Method-Override', 'Content-Type': 'application/json; charset=utf-8', 'Content-Length': '139', 'ETag': 'W/"8b-uyHtO0R7A705VJePCMQ7aASCZY0"', 'Date': 'Mon, 29 Apr 2024 08:36:15 GMT', 'Connection': 'keep-alive', 'Keep-Alive': 'timeout=600'})</msg>
<msg timestamp="20240429 14:36:15.622" level="DEBUG">Finished Request</msg>
<msg timestamp="20240429 14:36:15.622" level="DEBUG">POST http://localhost:4723/session/ec110942-ad53-46fb-84f3-9966ce9d1f41/element/00000000-0000-000a-0000-002e00000004/value {"text": "1995", "value": ["1", "9", "9", "5"], "id": "00000000-0000-000a-0000-002e00000004"}</msg>
<msg timestamp="20240429 14:36:15.677" level="DEBUG">http://localhost:4723 "POST /session/ec110942-ad53-46fb-84f3-9966ce9d1f41/element/00000000-0000-000a-0000-002e00000004/value HTTP/1.1" 200 14</msg>
<msg timestamp="20240429 14:36:15.677" level="DEBUG">Remote response: status=200 | data={"value":null} | headers=HTTPHeaderDict({'X-Powered-By': 'Express', 'Vary': 'X-HTTP-Method-Override', 'Content-Type': 'application/json; charset=utf-8', 'Content-Length': '14', 'ETag': 'W/"e-9/1BuKMgFObM1mWJm+YjxtXJnUM"', 'Date': 'Mon, 29 Apr 2024 08:36:15 GMT', 'Connection': 'keep-alive', 'Keep-Alive': 'timeout=600'})</msg>
<msg timestamp="20240429 14:36:15.677" level="DEBUG">Finished Request</msg>
<msg timestamp="20240429 14:36:15.677" level="INFO">xpath criteria: //android.widget.EditText[@text='YYYY']</msg>
<msg timestamp="20240429 14:36:15.677" level="TRACE">Return: None</msg>
<status status="PASS" starttime="20240429 14:36:14.251" endtime="20240429 14:36:15.677"/>
</kw>
<msg timestamp="20240429 14:36:15.677" level="TRACE">Return: None</msg>
<status status="PASS" starttime="20240429 14:36:14.251" endtime="20240429 14:36:15.677"/>
</kw>
<kw name="Go Back" library="AppiumLibrary">
<doc>Goes one step backward in the browser history.</doc>
<msg timestamp="20240429 14:36:15.678" level="TRACE">Arguments: [  ]</msg>
<msg timestamp="20240429 14:36:15.678" level="DEBUG">POST http://localhost:4723/session/ec110942-ad53-46fb-84f3-9966ce9d1f41/back {}</msg>
<msg timestamp="20240429 14:36:16.359" level="DEBUG">http://localhost:4723 "POST /session/ec110942-ad53-46fb-84f3-9966ce9d1f41/back HTTP/1.1" 200 65</msg>
<msg timestamp="20240429 14:36:16.360" level="DEBUG">Remote response: status=200 | data={"sessionId":"ec110942-ad53-46fb-84f3-9966ce9d1f41","value":null} | headers=HTTPHeaderDict({'X-Powered-By': 'Express', 'Vary': 'X-HTTP-Method-Override', 'Content-Type': 'application/json; charset=utf-8', 'Content-Length': '65', 'ETag': 'W/"41-cwdC2Zofpb1FAi9wdPK1zK67xnM"', 'Date': 'Mon, 29 Apr 2024 08:36:16 GMT', 'Connection': 'keep-alive', 'Keep-Alive': 'timeout=600'})</msg>
<msg timestamp="20240429 14:36:16.360" level="DEBUG">Finished Request</msg>
<msg timestamp="20240429 14:36:16.360" level="TRACE">Return: None</msg>
<status status="PASS" starttime="20240429 14:36:15.678" endtime="20240429 14:36:16.360"/>
</kw>
<kw name="Sleep" library="BuiltIn">
<arg>2 Seconds</arg>
<doc>Pauses the test executed for the given time.</doc>
<msg timestamp="20240429 14:36:16.361" level="TRACE">Arguments: [ '2 Seconds' ]</msg>
<msg timestamp="20240429 14:36:18.370" level="INFO">Slept 2 seconds</msg>
<msg timestamp="20240429 14:36:18.370" level="TRACE">Return: None</msg>
<status status="PASS" starttime="20240429 14:36:16.360" endtime="20240429 14:36:18.370"/>
</kw>
<kw name="Click Element" library="AppiumLibrary">
<arg>${choose}</arg>
<doc>Click element identified by `locator`.</doc>
<msg timestamp="20240429 14:36:18.371" level="TRACE">Arguments: [ "//android.widget.Button[@content-desc='Choose']" ]</msg>
<msg timestamp="20240429 14:36:18.374" level="INFO">Clicking element '//android.widget.Button[@content-desc='Choose']'.</msg>
<msg timestamp="20240429 14:36:18.374" level="DEBUG">POST http://localhost:4723/session/ec110942-ad53-46fb-84f3-9966ce9d1f41/elements {"using": "xpath", "value": "//android.widget.Button[@content-desc='Choose']"}</msg>
<msg timestamp="20240429 14:36:18.493" level="DEBUG">http://localhost:4723 "POST /session/ec110942-ad53-46fb-84f3-9966ce9d1f41/elements HTTP/1.1" 200 139</msg>
<msg timestamp="20240429 14:36:18.493" level="DEBUG">Remote response: status=200 | data={"value":[{"element-6066-11e4-a52e-4f735466cecf":"00000000-0000-000a-0000-003200000004","ELEMENT":"00000000-0000-000a-0000-003200000004"}]} | headers=HTTPHeaderDict({'X-Powered-By': 'Express', 'Vary': 'X-HTTP-Method-Override', 'Content-Type': 'application/json; charset=utf-8', 'Content-Length': '139', 'ETag': 'W/"8b-bw5UvSILNZ4wUzSyUH+9ghL6VZc"', 'Date': 'Mon, 29 Apr 2024 08:36:18 GMT', 'Connection': 'keep-alive', 'Keep-Alive': 'timeout=600'})</msg>
<msg timestamp="20240429 14:36:18.493" level="DEBUG">Finished Request</msg>
<msg timestamp="20240429 14:36:18.493" level="DEBUG">POST http://localhost:4723/session/ec110942-ad53-46fb-84f3-9966ce9d1f41/element/00000000-0000-000a-0000-003200000004/click {"id": "00000000-0000-000a-0000-003200000004"}</msg>
<msg timestamp="20240429 14:36:18.580" level="DEBUG">http://localhost:4723 "POST /session/ec110942-ad53-46fb-84f3-9966ce9d1f41/element/00000000-0000-000a-0000-003200000004/click HTTP/1.1" 200 14</msg>
<msg timestamp="20240429 14:36:18.580" level="DEBUG">Remote response: status=200 | data={"value":null} | headers=HTTPHeaderDict({'X-Powered-By': 'Express', 'Vary': 'X-HTTP-Method-Override', 'Content-Type': 'application/json; charset=utf-8', 'Content-Length': '14', 'ETag': 'W/"e-9/1BuKMgFObM1mWJm+YjxtXJnUM"', 'Date': 'Mon, 29 Apr 2024 08:36:18 GMT', 'Connection': 'keep-alive', 'Keep-Alive': 'timeout=600'})</msg>
<msg timestamp="20240429 14:36:18.580" level="DEBUG">Finished Request</msg>
<msg timestamp="20240429 14:36:18.580" level="INFO">xpath criteria: //android.widget.Button[@content-desc='Choose']</msg>
<msg timestamp="20240429 14:36:18.580" level="TRACE">Return: None</msg>
<status status="PASS" starttime="20240429 14:36:18.371" endtime="20240429 14:36:18.580"/>
</kw>
<kw name="Sleep" library="BuiltIn">
<arg>2 Seconds</arg>
<doc>Pauses the test executed for the given time.</doc>
<msg timestamp="20240429 14:36:18.580" level="TRACE">Arguments: [ '2 Seconds' ]</msg>
<msg timestamp="20240429 14:36:20.586" level="INFO">Slept 2 seconds</msg>
<msg timestamp="20240429 14:36:20.586" level="TRACE">Return: None</msg>
<status status="PASS" starttime="20240429 14:36:18.580" endtime="20240429 14:36:20.586"/>
</kw>
<kw name="Click Element" library="AppiumLibrary">
<arg>${degree}</arg>
<doc>Click element identified by `locator`.</doc>
<msg timestamp="20240429 14:36:20.586" level="TRACE">Arguments: [ "//android.view.View[@content-desc='Completed a university degree or more']" ]</msg>
<msg timestamp="20240429 14:36:20.588" level="INFO">Clicking element '//android.view.View[@content-desc='Completed a university degree or more']'.</msg>
<msg timestamp="20240429 14:36:20.588" level="DEBUG">POST http://localhost:4723/session/ec110942-ad53-46fb-84f3-9966ce9d1f41/elements {"using": "xpath", "value": "//android.view.View[@content-desc='Completed a university degree or more']"}</msg>
<msg timestamp="20240429 14:36:20.682" level="DEBUG">http://localhost:4723 "POST /session/ec110942-ad53-46fb-84f3-9966ce9d1f41/elements HTTP/1.1" 200 139</msg>
<msg timestamp="20240429 14:36:20.682" level="DEBUG">Remote response: status=200 | data={"value":[{"element-6066-11e4-a52e-4f735466cecf":"00000000-0000-000a-0000-003d00000004","ELEMENT":"00000000-0000-000a-0000-003d00000004"}]} | headers=HTTPHeaderDict({'X-Powered-By': 'Express', 'Vary': 'X-HTTP-Method-Override', 'Content-Type': 'application/json; charset=utf-8', 'Content-Length': '139', 'ETag': 'W/"8b-bf9kOtbHRx/5mWo6xT8KsYUzQI0"', 'Date': 'Mon, 29 Apr 2024 08:36:20 GMT', 'Connection': 'keep-alive', 'Keep-Alive': 'timeout=600'})</msg>
<msg timestamp="20240429 14:36:20.682" level="DEBUG">Finished Request</msg>
<msg timestamp="20240429 14:36:20.682" level="DEBUG">POST http://localhost:4723/session/ec110942-ad53-46fb-84f3-9966ce9d1f41/element/00000000-0000-000a-0000-003d00000004/click {"id": "00000000-0000-000a-0000-003d00000004"}</msg>
<msg timestamp="20240429 14:36:21.833" level="DEBUG">http://localhost:4723 "POST /session/ec110942-ad53-46fb-84f3-9966ce9d1f41/element/00000000-0000-000a-0000-003d00000004/click HTTP/1.1" 200 14</msg>
<msg timestamp="20240429 14:36:21.833" level="DEBUG">Remote response: status=200 | data={"value":null} | headers=HTTPHeaderDict({'X-Powered-By': 'Express', 'Vary': 'X-HTTP-Method-Override', 'Content-Type': 'application/json; charset=utf-8', 'Content-Length': '14', 'ETag': 'W/"e-9/1BuKMgFObM1mWJm+YjxtXJnUM"', 'Date': 'Mon, 29 Apr 2024 08:36:21 GMT', 'Connection': 'keep-alive', 'Keep-Alive': 'timeout=600'})</msg>
<msg timestamp="20240429 14:36:21.833" level="DEBUG">Finished Request</msg>
<msg timestamp="20240429 14:36:21.833" level="INFO">xpath criteria: //android.view.View[@content-desc='Completed a university degree or more']</msg>
<msg timestamp="20240429 14:36:21.833" level="TRACE">Return: None</msg>
<status status="PASS" starttime="20240429 14:36:20.586" endtime="20240429 14:36:21.833"/>
</kw>
<kw name="Go Back" library="AppiumLibrary">
<doc>Goes one step backward in the browser history.</doc>
<msg timestamp="20240429 14:36:21.833" level="TRACE">Arguments: [  ]</msg>
<msg timestamp="20240429 14:36:21.833" level="DEBUG">POST http://localhost:4723/session/ec110942-ad53-46fb-84f3-9966ce9d1f41/back {}</msg>
<msg timestamp="20240429 14:36:22.004" level="DEBUG">http://localhost:4723 "POST /session/ec110942-ad53-46fb-84f3-9966ce9d1f41/back HTTP/1.1" 200 65</msg>
<msg timestamp="20240429 14:36:22.004" level="DEBUG">Remote response: status=200 | data={"sessionId":"ec110942-ad53-46fb-84f3-9966ce9d1f41","value":null} | headers=HTTPHeaderDict({'X-Powered-By': 'Express', 'Vary': 'X-HTTP-Method-Override', 'Content-Type': 'application/json; charset=utf-8', 'Content-Length': '65', 'ETag': 'W/"41-cwdC2Zofpb1FAi9wdPK1zK67xnM"', 'Date': 'Mon, 29 Apr 2024 08:36:21 GMT', 'Connection': 'keep-alive', 'Keep-Alive': 'timeout=600'})</msg>
<msg timestamp="20240429 14:36:22.004" level="DEBUG">Finished Request</msg>
<msg timestamp="20240429 14:36:22.004" level="TRACE">Return: None</msg>
<status status="PASS" starttime="20240429 14:36:21.833" endtime="20240429 14:36:22.004"/>
</kw>
<kw name="Sleep" library="BuiltIn">
<arg>2 Seconds</arg>
<doc>Pauses the test executed for the given time.</doc>
<msg timestamp="20240429 14:36:22.004" level="TRACE">Arguments: [ '2 Seconds' ]</msg>
<msg timestamp="20240429 14:36:24.016" level="INFO">Slept 2 seconds</msg>
<msg timestamp="20240429 14:36:24.016" level="TRACE">Return: None</msg>
<status status="PASS" starttime="20240429 14:36:22.004" endtime="20240429 14:36:24.017"/>
</kw>
<kw name="Click Element" library="AppiumLibrary">
<arg>${startsession2}</arg>
<doc>Click element identified by `locator`.</doc>
<msg timestamp="20240429 14:36:24.017" level="TRACE">Arguments: [ "//android.widget.Button[@content-desc='Start Session']" ]</msg>
<msg timestamp="20240429 14:36:24.020" level="INFO">Clicking element '//android.widget.Button[@content-desc='Start Session']'.</msg>
<msg timestamp="20240429 14:36:24.020" level="DEBUG">POST http://localhost:4723/session/ec110942-ad53-46fb-84f3-9966ce9d1f41/elements {"using": "xpath", "value": "//android.widget.Button[@content-desc='Start Session']"}</msg>
<msg timestamp="20240429 14:36:24.135" level="DEBUG">http://localhost:4723 "POST /session/ec110942-ad53-46fb-84f3-9966ce9d1f41/elements HTTP/1.1" 200 139</msg>
<msg timestamp="20240429 14:36:24.135" level="DEBUG">Remote response: status=200 | data={"value":[{"element-6066-11e4-a52e-4f735466cecf":"00000000-0000-000a-0000-003100000004","ELEMENT":"00000000-0000-000a-0000-003100000004"}]} | headers=HTTPHeaderDict({'X-Powered-By': 'Express', 'Vary': 'X-HTTP-Method-Override', 'Content-Type': 'application/json; charset=utf-8', 'Content-Length': '139', 'ETag': 'W/"8b-QcVi722odDYLLYbr4kPSckxsG2A"', 'Date': 'Mon, 29 Apr 2024 08:36:24 GMT', 'Connection': 'keep-alive', 'Keep-Alive': 'timeout=600'})</msg>
<msg timestamp="20240429 14:36:24.135" level="DEBUG">Finished Request</msg>
<msg timestamp="20240429 14:36:24.135" level="DEBUG">POST http://localhost:4723/session/ec110942-ad53-46fb-84f3-9966ce9d1f41/element/00000000-0000-000a-0000-003100000004/click {"id": "00000000-0000-000a-0000-003100000004"}</msg>
<msg timestamp="20240429 14:36:24.915" level="DEBUG">http://localhost:4723 "POST /session/ec110942-ad53-46fb-84f3-9966ce9d1f41/element/00000000-0000-000a-0000-003100000004/click HTTP/1.1" 200 14</msg>
<msg timestamp="20240429 14:36:24.915" level="DEBUG">Remote response: status=200 | data={"value":null} | headers=HTTPHeaderDict({'X-Powered-By': 'Express', 'Vary': 'X-HTTP-Method-Override', 'Content-Type': 'application/json; charset=utf-8', 'Content-Length': '14', 'ETag': 'W/"e-9/1BuKMgFObM1mWJm+YjxtXJnUM"', 'Date': 'Mon, 29 Apr 2024 08:36:24 GMT', 'Connection': 'keep-alive', 'Keep-Alive': 'timeout=600'})</msg>
<msg timestamp="20240429 14:36:24.915" level="DEBUG">Finished Request</msg>
<msg timestamp="20240429 14:36:24.915" level="INFO">xpath criteria: //android.widget.Button[@content-desc='Start Session']</msg>
<msg timestamp="20240429 14:36:24.915" level="TRACE">Return: None</msg>
<status status="PASS" starttime="20240429 14:36:24.017" endtime="20240429 14:36:24.915"/>
</kw>
<msg timestamp="20240429 14:36:24.915" level="TRACE">Return: None</msg>
<status status="PASS" starttime="20240429 14:35:53.903" endtime="20240429 14:36:24.915"/>
</kw>
<kw name="Sleep" library="BuiltIn">
<arg>2 Seconds</arg>
<doc>Pauses the test executed for the given time.</doc>
<msg timestamp="20240429 14:36:24.928" level="TRACE">Arguments: [ '2 Seconds' ]</msg>
<msg timestamp="20240429 14:36:26.943" level="INFO">Slept 2 seconds</msg>
<msg timestamp="20240429 14:36:26.943" level="TRACE">Return: None</msg>
<status status="PASS" starttime="20240429 14:36:24.927" endtime="20240429 14:36:26.943"/>
</kw>
<kw name="Question 1" library="CoCo_keywords">
<msg timestamp="20240429 14:36:26.943" level="TRACE">Arguments: [  ]</msg>
<kw name="Click Element" library="AppiumLibrary">
<arg>${q1_no}</arg>
<doc>Click element identified by `locator`.</doc>
<msg timestamp="20240429 14:36:26.943" level="TRACE">Arguments: [ "//android.view.View[@content-desc='Have you ever had sex?']/android.widget.ImageView[4]" ]</msg>
<msg timestamp="20240429 14:36:26.943" level="INFO">Clicking element '//android.view.View[@content-desc='Have you ever had sex?']/android.widget.ImageView[4]'.</msg>
<msg timestamp="20240429 14:36:26.943" level="DEBUG">POST http://localhost:4723/session/ec110942-ad53-46fb-84f3-9966ce9d1f41/elements {"using": "xpath", "value": "//android.view.View[@content-desc='Have you ever had sex?']/android.widget.ImageView[4]"}</msg>
<msg timestamp="20240429 14:36:27.038" level="DEBUG">http://localhost:4723 "POST /session/ec110942-ad53-46fb-84f3-9966ce9d1f41/elements HTTP/1.1" 200 139</msg>
<msg timestamp="20240429 14:36:27.038" level="DEBUG">Remote response: status=200 | data={"value":[{"element-6066-11e4-a52e-4f735466cecf":"00000000-0000-000a-0000-004800000004","ELEMENT":"00000000-0000-000a-0000-004800000004"}]} | headers=HTTPHeaderDict({'X-Powered-By': 'Express', 'Vary': 'X-HTTP-Method-Override', 'Content-Type': 'application/json; charset=utf-8', 'Content-Length': '139', 'ETag': 'W/"8b-7V1DGkS6WY+Y18+9uyWnXpLNUnk"', 'Date': 'Mon, 29 Apr 2024 08:36:27 GMT', 'Connection': 'keep-alive', 'Keep-Alive': 'timeout=600'})</msg>
<msg timestamp="20240429 14:36:27.038" level="DEBUG">Finished Request</msg>
<msg timestamp="20240429 14:36:27.038" level="DEBUG">POST http://localhost:4723/session/ec110942-ad53-46fb-84f3-9966ce9d1f41/element/00000000-0000-000a-0000-004800000004/click {"id": "00000000-0000-000a-0000-004800000004"}</msg>
<msg timestamp="20240429 14:36:27.120" level="DEBUG">http://localhost:4723 "POST /session/ec110942-ad53-46fb-84f3-9966ce9d1f41/element/00000000-0000-000a-0000-004800000004/click HTTP/1.1" 200 14</msg>
<msg timestamp="20240429 14:36:27.120" level="DEBUG">Remote response: status=200 | data={"value":null} | headers=HTTPHeaderDict({'X-Powered-By': 'Express', 'Vary': 'X-HTTP-Method-Override', 'Content-Type': 'application/json; charset=utf-8', 'Content-Length': '14', 'ETag': 'W/"e-9/1BuKMgFObM1mWJm+YjxtXJnUM"', 'Date': 'Mon, 29 Apr 2024 08:36:27 GMT', 'Connection': 'keep-alive', 'Keep-Alive': 'timeout=600'})</msg>
<msg timestamp="20240429 14:36:27.120" level="DEBUG">Finished Request</msg>
<msg timestamp="20240429 14:36:27.120" level="INFO">xpath criteria: //android.view.View[@content-desc='Have you ever had sex?']/android.widget.ImageView[4]</msg>
<msg timestamp="20240429 14:36:27.120" level="TRACE">Return: None</msg>
<status status="PASS" starttime="20240429 14:36:26.943" endtime="20240429 14:36:27.120"/>
</kw>
<kw name="Sleep" library="BuiltIn">
<arg>2 Seconds</arg>
<doc>Pauses the test executed for the given time.</doc>
<msg timestamp="20240429 14:36:27.120" level="TRACE">Arguments: [ '2 Seconds' ]</msg>
<msg timestamp="20240429 14:36:29.128" level="INFO">Slept 2 seconds</msg>
<msg timestamp="20240429 14:36:29.128" level="TRACE">Return: None</msg>
<status status="PASS" starttime="20240429 14:36:27.120" endtime="20240429 14:36:29.128"/>
</kw>
<kw name="Click Element" library="AppiumLibrary">
<arg>${btn_next}</arg>
<doc>Click element identified by `locator`.</doc>
<msg timestamp="20240429 14:36:29.128" level="TRACE">Arguments: [ "//android.widget.Button[@content-desc='Next']" ]</msg>
<msg timestamp="20240429 14:36:29.128" level="INFO">Clicking element '//android.widget.Button[@content-desc='Next']'.</msg>
<msg timestamp="20240429 14:36:29.128" level="DEBUG">POST http://localhost:4723/session/ec110942-ad53-46fb-84f3-9966ce9d1f41/elements {"using": "xpath", "value": "//android.widget.Button[@content-desc='Next']"}</msg>
<msg timestamp="20240429 14:36:29.252" level="DEBUG">http://localhost:4723 "POST /session/ec110942-ad53-46fb-84f3-9966ce9d1f41/elements HTTP/1.1" 200 139</msg>
<msg timestamp="20240429 14:36:29.252" level="DEBUG">Remote response: status=200 | data={"value":[{"element-6066-11e4-a52e-4f735466cecf":"00000000-0000-000a-0000-004c00000004","ELEMENT":"00000000-0000-000a-0000-004c00000004"}]} | headers=HTTPHeaderDict({'X-Powered-By': 'Express', 'Vary': 'X-HTTP-Method-Override', 'Content-Type': 'application/json; charset=utf-8', 'Content-Length': '139', 'ETag': 'W/"8b-z4YkSjLXi7DXeC4IfoTM5nukXN0"', 'Date': 'Mon, 29 Apr 2024 08:36:29 GMT', 'Connection': 'keep-alive', 'Keep-Alive': 'timeout=600'})</msg>
<msg timestamp="20240429 14:36:29.252" level="DEBUG">Finished Request</msg>
<msg timestamp="20240429 14:36:29.252" level="DEBUG">POST http://localhost:4723/session/ec110942-ad53-46fb-84f3-9966ce9d1f41/element/00000000-0000-000a-0000-004c00000004/click {"id": "00000000-0000-000a-0000-004c00000004"}</msg>
<msg timestamp="20240429 14:36:29.894" level="DEBUG">http://localhost:4723 "POST /session/ec110942-ad53-46fb-84f3-9966ce9d1f41/element/00000000-0000-000a-0000-004c00000004/click HTTP/1.1" 200 14</msg>
<msg timestamp="20240429 14:36:29.894" level="DEBUG">Remote response: status=200 | data={"value":null} | headers=HTTPHeaderDict({'X-Powered-By': 'Express', 'Vary': 'X-HTTP-Method-Override', 'Content-Type': 'application/json; charset=utf-8', 'Content-Length': '14', 'ETag': 'W/"e-9/1BuKMgFObM1mWJm+YjxtXJnUM"', 'Date': 'Mon, 29 Apr 2024 08:36:29 GMT', 'Connection': 'keep-alive', 'Keep-Alive': 'timeout=600'})</msg>
<msg timestamp="20240429 14:36:29.894" level="DEBUG">Finished Request</msg>
<msg timestamp="20240429 14:36:29.894" level="INFO">xpath criteria: //android.widget.Button[@content-desc='Next']</msg>
<msg timestamp="20240429 14:36:29.894" level="TRACE">Return: None</msg>
<status status="PASS" starttime="20240429 14:36:29.128" endtime="20240429 14:36:29.894"/>
</kw>
<msg timestamp="20240429 14:36:29.894" level="TRACE">Return: None</msg>
<status status="PASS" starttime="20240429 14:36:26.943" endtime="20240429 14:36:29.894"/>
</kw>
<kw name="Question 6" library="CoCo_keywords">
<msg timestamp="20240429 14:36:29.897" level="TRACE">Arguments: [  ]</msg>
<kw name="Click Element" library="AppiumLibrary">
<arg>${q6_now}</arg>
<doc>Click element identified by `locator`.</doc>
<msg timestamp="20240429 14:36:29.897" level="TRACE">Arguments: [ "//android.widget.RadioButton[@content-desc='Now']" ]</msg>
<msg timestamp="20240429 14:36:29.897" level="INFO">Clicking element '//android.widget.RadioButton[@content-desc='Now']'.</msg>
<msg timestamp="20240429 14:36:29.897" level="DEBUG">POST http://localhost:4723/session/ec110942-ad53-46fb-84f3-9966ce9d1f41/elements {"using": "xpath", "value": "//android.widget.RadioButton[@content-desc='Now']"}</msg>
<msg timestamp="20240429 14:36:30.022" level="DEBUG">http://localhost:4723 "POST /session/ec110942-ad53-46fb-84f3-9966ce9d1f41/elements HTTP/1.1" 200 139</msg>
<msg timestamp="20240429 14:36:30.022" level="DEBUG">Remote response: status=200 | data={"value":[{"element-6066-11e4-a52e-4f735466cecf":"00000000-0000-000a-0000-005300000004","ELEMENT":"00000000-0000-000a-0000-005300000004"}]} | headers=HTTPHeaderDict({'X-Powered-By': 'Express', 'Vary': 'X-HTTP-Method-Override', 'Content-Type': 'application/json; charset=utf-8', 'Content-Length': '139', 'ETag': 'W/"8b-rBFl7e4en2oO+RVtsjwm7fNFBaE"', 'Date': 'Mon, 29 Apr 2024 08:36:30 GMT', 'Connection': 'keep-alive', 'Keep-Alive': 'timeout=600'})</msg>
<msg timestamp="20240429 14:36:30.022" level="DEBUG">Finished Request</msg>
<msg timestamp="20240429 14:36:30.022" level="DEBUG">POST http://localhost:4723/session/ec110942-ad53-46fb-84f3-9966ce9d1f41/element/00000000-0000-000a-0000-005300000004/click {"id": "00000000-0000-000a-0000-005300000004"}</msg>
<msg timestamp="20240429 14:36:30.595" level="DEBUG">http://localhost:4723 "POST /session/ec110942-ad53-46fb-84f3-9966ce9d1f41/element/00000000-0000-000a-0000-005300000004/click HTTP/1.1" 200 14</msg>
<msg timestamp="20240429 14:36:30.595" level="DEBUG">Remote response: status=200 | data={"value":null} | headers=HTTPHeaderDict({'X-Powered-By': 'Express', 'Vary': 'X-HTTP-Method-Override', 'Content-Type': 'application/json; charset=utf-8', 'Content-Length': '14', 'ETag': 'W/"e-9/1BuKMgFObM1mWJm+YjxtXJnUM"', 'Date': 'Mon, 29 Apr 2024 08:36:30 GMT', 'Connection': 'keep-alive', 'Keep-Alive': 'timeout=600'})</msg>
<msg timestamp="20240429 14:36:30.595" level="DEBUG">Finished Request</msg>
<msg timestamp="20240429 14:36:30.595" level="INFO">xpath criteria: //android.widget.RadioButton[@content-desc='Now']</msg>
<msg timestamp="20240429 14:36:30.595" level="TRACE">Return: None</msg>
<status status="PASS" starttime="20240429 14:36:29.897" endtime="20240429 14:36:30.595"/>
</kw>
<kw name="Sleep" library="BuiltIn">
<arg>2 Seconds</arg>
<doc>Pauses the test executed for the given time.</doc>
<msg timestamp="20240429 14:36:30.595" level="TRACE">Arguments: [ '2 Seconds' ]</msg>
<msg timestamp="20240429 14:36:32.608" level="INFO">Slept 2 seconds</msg>
<msg timestamp="20240429 14:36:32.608" level="TRACE">Return: None</msg>
<status status="PASS" starttime="20240429 14:36:30.595" endtime="20240429 14:36:32.608"/>
</kw>
<kw name="Swipe By Percent" library="AppiumLibrary">
<arg>50</arg>
<arg>70</arg>
<arg>50</arg>
<arg>0</arg>
<doc>Swipe from one percent of the screen to another percent, for an optional duration.
Normal swipe fails to scale for different screen resolutions, this can be avoided using percent.</doc>
<msg timestamp="20240429 14:36:32.608" level="TRACE">Arguments: [ '50' | '70' | '50' | '0' ]</msg>
<msg timestamp="20240429 14:36:32.608" level="DEBUG">GET http://localhost:4723/session/ec110942-ad53-46fb-84f3-9966ce9d1f41/window/rect {}</msg>
<msg timestamp="20240429 14:36:32.624" level="DEBUG">http://localhost:4723 "GET /session/ec110942-ad53-46fb-84f3-9966ce9d1f41/window/rect HTTP/1.1" 200 49</msg>
<msg timestamp="20240429 14:36:32.624" level="DEBUG">Remote response: status=200 | data={"value":{"width":1024,"height":600,"x":0,"y":0}} | headers=HTTPHeaderDict({'X-Powered-By': 'Express', 'Content-Type': 'application/json; charset=utf-8', 'Content-Length': '49', 'ETag': 'W/"31-EBSmie5/1Cr24ZUubENun57+4uI"', 'Date': 'Mon, 29 Apr 2024 08:36:32 GMT', 'Connection': 'keep-alive', 'Keep-Alive': 'timeout=600'})</msg>
<msg timestamp="20240429 14:36:32.624" level="DEBUG">Finished Request</msg>
<msg timestamp="20240429 14:36:32.624" level="DEBUG">GET http://localhost:4723/session/ec110942-ad53-46fb-84f3-9966ce9d1f41/window/rect {}</msg>
<msg timestamp="20240429 14:36:32.655" level="DEBUG">http://localhost:4723 "GET /session/ec110942-ad53-46fb-84f3-9966ce9d1f41/window/rect HTTP/1.1" 200 49</msg>
<msg timestamp="20240429 14:36:32.655" level="DEBUG">Remote response: status=200 | data={"value":{"width":1024,"height":600,"x":0,"y":0}} | headers=HTTPHeaderDict({'X-Powered-By': 'Express', 'Content-Type': 'application/json; charset=utf-8', 'Content-Length': '49', 'ETag': 'W/"31-EBSmie5/1Cr24ZUubENun57+4uI"', 'Date': 'Mon, 29 Apr 2024 08:36:32 GMT', 'Connection': 'keep-alive', 'Keep-Alive': 'timeout=600'})</msg>
<msg timestamp="20240429 14:36:32.655" level="DEBUG">Finished Request</msg>
<msg timestamp="20240429 14:36:32.655" level="DEBUG">POST http://localhost:4723/session/ec110942-ad53-46fb-84f3-9966ce9d1f41/actions {"actions": [{"type": "pointer", "parameters": {"pointerType": "touch"}, "id": "touch", "actions": [{"type": "pointerMove", "duration": 250, "x": 512, "y": 420, "origin": "viewport"}, {"type": "pointerDown", "duration": 0, "button": 0}, {"type": "pointerMove", "duration": 1000, "x": 512, "y": 0, "origin": "viewport"}, {"type": "pointerUp", "duration": 0, "button": 0}]}]}</msg>
<msg timestamp="20240429 14:36:34.009" level="DEBUG">http://localhost:4723 "POST /session/ec110942-ad53-46fb-84f3-9966ce9d1f41/actions HTTP/1.1" 200 14</msg>
<msg timestamp="20240429 14:36:34.010" level="DEBUG">Remote response: status=200 | data={"value":null} | headers=HTTPHeaderDict({'X-Powered-By': 'Express', 'Vary': 'X-HTTP-Method-Override', 'Content-Type': 'application/json; charset=utf-8', 'Content-Length': '14', 'ETag': 'W/"e-9/1BuKMgFObM1mWJm+YjxtXJnUM"', 'Date': 'Mon, 29 Apr 2024 08:36:33 GMT', 'Connection': 'keep-alive', 'Keep-Alive': 'timeout=600'})</msg>
<msg timestamp="20240429 14:36:34.010" level="DEBUG">Finished Request</msg>
<msg timestamp="20240429 14:36:34.010" level="TRACE">Return: None</msg>
<status status="PASS" starttime="20240429 14:36:32.608" endtime="20240429 14:36:34.010"/>
</kw>
<kw name="Sleep" library="BuiltIn">
<arg>2 Seconds</arg>
<doc>Pauses the test executed for the given time.</doc>
<msg timestamp="20240429 14:36:34.010" level="TRACE">Arguments: [ '2 Seconds' ]</msg>
<msg timestamp="20240429 14:36:36.017" level="INFO">Slept 2 seconds</msg>
<msg timestamp="20240429 14:36:36.017" level="TRACE">Return: None</msg>
<status status="PASS" starttime="20240429 14:36:34.010" endtime="20240429 14:36:36.017"/>
</kw>
<kw name="Click Element" library="AppiumLibrary">
<arg>${btn_next}</arg>
<doc>Click element identified by `locator`.</doc>
<msg timestamp="20240429 14:36:36.017" level="TRACE">Arguments: [ "//android.widget.Button[@content-desc='Next']" ]</msg>
<msg timestamp="20240429 14:36:36.017" level="INFO">Clicking element '//android.widget.Button[@content-desc='Next']'.</msg>
<msg timestamp="20240429 14:36:36.017" level="DEBUG">POST http://localhost:4723/session/ec110942-ad53-46fb-84f3-9966ce9d1f41/elements {"using": "xpath", "value": "//android.widget.Button[@content-desc='Next']"}</msg>
<msg timestamp="20240429 14:36:36.148" level="DEBUG">http://localhost:4723 "POST /session/ec110942-ad53-46fb-84f3-9966ce9d1f41/elements HTTP/1.1" 200 139</msg>
<msg timestamp="20240429 14:36:36.148" level="DEBUG">Remote response: status=200 | data={"value":[{"element-6066-11e4-a52e-4f735466cecf":"00000000-0000-000a-0000-005200000004","ELEMENT":"00000000-0000-000a-0000-005200000004"}]} | headers=HTTPHeaderDict({'X-Powered-By': 'Express', 'Vary': 'X-HTTP-Method-Override', 'Content-Type': 'application/json; charset=utf-8', 'Content-Length': '139', 'ETag': 'W/"8b-VK0iKgo9B7qoYAYPVHeAI7JTaMk"', 'Date': 'Mon, 29 Apr 2024 08:36:36 GMT', 'Connection': 'keep-alive', 'Keep-Alive': 'timeout=600'})</msg>
<msg timestamp="20240429 14:36:36.148" level="DEBUG">Finished Request</msg>
<msg timestamp="20240429 14:36:36.148" level="DEBUG">POST http://localhost:4723/session/ec110942-ad53-46fb-84f3-9966ce9d1f41/element/00000000-0000-000a-0000-005200000004/click {"id": "00000000-0000-000a-0000-005200000004"}</msg>
<msg timestamp="20240429 14:36:37.285" level="DEBUG">http://localhost:4723 "POST /session/ec110942-ad53-46fb-84f3-9966ce9d1f41/element/00000000-0000-000a-0000-005200000004/click HTTP/1.1" 200 14</msg>
<msg timestamp="20240429 14:36:37.285" level="DEBUG">Remote response: status=200 | data={"value":null} | headers=HTTPHeaderDict({'X-Powered-By': 'Express', 'Vary': 'X-HTTP-Method-Override', 'Content-Type': 'application/json; charset=utf-8', 'Content-Length': '14', 'ETag': 'W/"e-9/1BuKMgFObM1mWJm+YjxtXJnUM"', 'Date': 'Mon, 29 Apr 2024 08:36:37 GMT', 'Connection': 'keep-alive', 'Keep-Alive': 'timeout=600'})</msg>
<msg timestamp="20240429 14:36:37.285" level="DEBUG">Finished Request</msg>
<msg timestamp="20240429 14:36:37.285" level="INFO">xpath criteria: //android.widget.Button[@content-desc='Next']</msg>
<msg timestamp="20240429 14:36:37.285" level="TRACE">Return: None</msg>
<status status="PASS" starttime="20240429 14:36:36.017" endtime="20240429 14:36:37.285"/>
</kw>
<msg timestamp="20240429 14:36:37.287" level="TRACE">Return: None</msg>
<status status="PASS" starttime="20240429 14:36:29.897" endtime="20240429 14:36:37.287"/>
</kw>
<kw name="Question 8_1" library="CoCo_keywords">
<msg timestamp="20240429 14:36:37.289" level="TRACE">Arguments: [  ]</msg>
<kw name="Get Element Size" library="AppiumLibrary">
<var>${element_size}</var>
<arg>class=android.widget.SeekBar</arg>
<doc>Get element size</doc>
<msg timestamp="20240429 14:36:37.289" level="TRACE">Arguments: [ 'class=android.widget.SeekBar' ]</msg>
<msg timestamp="20240429 14:36:37.289" level="DEBUG">POST http://localhost:4723/session/ec110942-ad53-46fb-84f3-9966ce9d1f41/elements {"using": "class name", "value": "android.widget.SeekBar"}</msg>
<msg timestamp="20240429 14:36:37.332" level="DEBUG">http://localhost:4723 "POST /session/ec110942-ad53-46fb-84f3-9966ce9d1f41/elements HTTP/1.1" 200 139</msg>
<msg timestamp="20240429 14:36:37.332" level="DEBUG">Remote response: status=200 | data={"value":[{"element-6066-11e4-a52e-4f735466cecf":"00000000-0000-000a-0000-007800000004","ELEMENT":"00000000-0000-000a-0000-007800000004"}]} | headers=HTTPHeaderDict({'X-Powered-By': 'Express', 'Vary': 'X-HTTP-Method-Override', 'Content-Type': 'application/json; charset=utf-8', 'Content-Length': '139', 'ETag': 'W/"8b-4IHQLzVNgtC+trXF3IKp2EetKeU"', 'Date': 'Mon, 29 Apr 2024 08:36:37 GMT', 'Connection': 'keep-alive', 'Keep-Alive': 'timeout=600'})</msg>
<msg timestamp="20240429 14:36:37.332" level="DEBUG">Finished Request</msg>
<msg timestamp="20240429 14:36:37.332" level="DEBUG">GET http://localhost:4723/session/ec110942-ad53-46fb-84f3-9966ce9d1f41/element/00000000-0000-000a-0000-007800000004/rect {"id": "00000000-0000-000a-0000-007800000004"}</msg>
<msg timestamp="20240429 14:36:37.364" level="DEBUG">http://localhost:4723 "GET /session/ec110942-ad53-46fb-84f3-9966ce9d1f41/element/00000000-0000-000a-0000-007800000004/rect HTTP/1.1" 200 101</msg>
<msg timestamp="20240429 14:36:37.364" level="DEBUG">Remote response: status=200 | data={"sessionId":"ec110942-ad53-46fb-84f3-9966ce9d1f41","value":{"height":48,"width":920,"x":76,"y":231}} | headers=HTTPHeaderDict({'X-Powered-By': 'Express', 'Content-Type': 'application/json; charset=utf-8', 'Content-Length': '101', 'ETag': 'W/"65-RYaXE/JitFkuEYaiouEtW0xb4VE"', 'Date': 'Mon, 29 Apr 2024 08:36:37 GMT', 'Connection': 'keep-alive', 'Keep-Alive': 'timeout=600'})</msg>
<msg timestamp="20240429 14:36:37.364" level="DEBUG">Finished Request</msg>
<msg timestamp="20240429 14:36:37.364" level="INFO">Element 'class=android.widget.SeekBar' size: {'height': 48, 'width': 920} </msg>
<msg timestamp="20240429 14:36:37.364" level="TRACE">Return: {'height': 48, 'width': 920}</msg>
<msg timestamp="20240429 14:36:37.364" level="INFO">${element_size} = {'height': 48, 'width': 920}</msg>
<status status="PASS" starttime="20240429 14:36:37.289" endtime="20240429 14:36:37.364"/>
</kw>
<kw name="Get Element Location" library="AppiumLibrary">
<var>${element_location}</var>
<arg>class=android.widget.SeekBar</arg>
<doc>Get element location</doc>
<msg timestamp="20240429 14:36:37.364" level="TRACE">Arguments: [ 'class=android.widget.SeekBar' ]</msg>
<msg timestamp="20240429 14:36:37.364" level="DEBUG">POST http://localhost:4723/session/ec110942-ad53-46fb-84f3-9966ce9d1f41/elements {"using": "class name", "value": "android.widget.SeekBar"}</msg>
<msg timestamp="20240429 14:36:37.411" level="DEBUG">http://localhost:4723 "POST /session/ec110942-ad53-46fb-84f3-9966ce9d1f41/elements HTTP/1.1" 200 139</msg>
<msg timestamp="20240429 14:36:37.411" level="DEBUG">Remote response: status=200 | data={"value":[{"element-6066-11e4-a52e-4f735466cecf":"00000000-0000-000a-0000-007800000004","ELEMENT":"00000000-0000-000a-0000-007800000004"}]} | headers=HTTPHeaderDict({'X-Powered-By': 'Express', 'Vary': 'X-HTTP-Method-Override', 'Content-Type': 'application/json; charset=utf-8', 'Content-Length': '139', 'ETag': 'W/"8b-4IHQLzVNgtC+trXF3IKp2EetKeU"', 'Date': 'Mon, 29 Apr 2024 08:36:37 GMT', 'Connection': 'keep-alive', 'Keep-Alive': 'timeout=600'})</msg>
<msg timestamp="20240429 14:36:37.411" level="DEBUG">Finished Request</msg>
<msg timestamp="20240429 14:36:37.411" level="DEBUG">GET http://localhost:4723/session/ec110942-ad53-46fb-84f3-9966ce9d1f41/element/00000000-0000-000a-0000-007800000004/rect {"id": "00000000-0000-000a-0000-007800000004"}</msg>
<msg timestamp="20240429 14:36:37.443" level="DEBUG">http://localhost:4723 "GET /session/ec110942-ad53-46fb-84f3-9966ce9d1f41/element/00000000-0000-000a-0000-007800000004/rect HTTP/1.1" 200 101</msg>
<msg timestamp="20240429 14:36:37.443" level="DEBUG">Remote response: status=200 | data={"sessionId":"ec110942-ad53-46fb-84f3-9966ce9d1f41","value":{"height":48,"width":920,"x":76,"y":231}} | headers=HTTPHeaderDict({'X-Powered-By': 'Express', 'Content-Type': 'application/json; charset=utf-8', 'Content-Length': '101', 'ETag': 'W/"65-RYaXE/JitFkuEYaiouEtW0xb4VE"', 'Date': 'Mon, 29 Apr 2024 08:36:37 GMT', 'Connection': 'keep-alive', 'Keep-Alive': 'timeout=600'})</msg>
<msg timestamp="20240429 14:36:37.443" level="DEBUG">Finished Request</msg>
<msg timestamp="20240429 14:36:37.443" level="INFO">Element 'class=android.widget.SeekBar' location: {'x': 76, 'y': 231} </msg>
<msg timestamp="20240429 14:36:37.443" level="TRACE">Return: {'x': 76, 'y': 231}</msg>
<msg timestamp="20240429 14:36:37.443" level="INFO">${element_location} = {'x': 76, 'y': 231}</msg>
<status status="PASS" starttime="20240429 14:36:37.364" endtime="20240429 14:36:37.443"/>
</kw>
<kw name="Evaluate" library="BuiltIn">
<var>${start_x}</var>
<arg>${element_location['x']}+ (${element_size['width']} *0.5)</arg>
<doc>Evaluates the given expression in Python and returns the result.</doc>
<msg timestamp="20240429 14:36:37.443" level="TRACE">Arguments: [ '76+ (920 *0.5)' ]</msg>
<msg timestamp="20240429 14:36:37.443" level="TRACE">Return: 536.0</msg>
<msg timestamp="20240429 14:36:37.443" level="INFO">${start_x} = 536.0</msg>
<status status="PASS" starttime="20240429 14:36:37.443" endtime="20240429 14:36:37.443"/>
</kw>
<kw name="Evaluate" library="BuiltIn">
<var>${start_y}</var>
<arg>${element_location['y']}+ (${element_size['height']} * 0)</arg>
<doc>Evaluates the given expression in Python and returns the result.</doc>
<msg timestamp="20240429 14:36:37.443" level="TRACE">Arguments: [ '231+ (48 * 0)' ]</msg>
<msg timestamp="20240429 14:36:37.443" level="TRACE">Return: 231</msg>
<msg timestamp="20240429 14:36:37.443" level="INFO">${start_y} = 231</msg>
<status status="PASS" starttime="20240429 14:36:37.443" endtime="20240429 14:36:37.443"/>
</kw>
<kw name="Evaluate" library="BuiltIn">
<var>${end_x}</var>
<arg>${element_location['x']} + (${element_size['width']} * 0.5)</arg>
<doc>Evaluates the given expression in Python and returns the result.</doc>
<msg timestamp="20240429 14:36:37.443" level="TRACE">Arguments: [ '76 + (920 * 0.5)' ]</msg>
<msg timestamp="20240429 14:36:37.443" level="TRACE">Return: 536.0</msg>
<msg timestamp="20240429 14:36:37.443" level="INFO">${end_x} = 536.0</msg>
<status status="PASS" starttime="20240429 14:36:37.443" endtime="20240429 14:36:37.443"/>
</kw>
<kw name="Evaluate" library="BuiltIn">
<var>${end_y}</var>
<arg>${element_location['y']} + (${element_size['height']} * 0)</arg>
<doc>Evaluates the given expression in Python and returns the result.</doc>
<msg timestamp="20240429 14:36:37.443" level="TRACE">Arguments: [ '231 + (48 * 0)' ]</msg>
<msg timestamp="20240429 14:36:37.443" level="TRACE">Return: 231</msg>
<msg timestamp="20240429 14:36:37.443" level="INFO">${end_y} = 231</msg>
<status status="PASS" starttime="20240429 14:36:37.443" endtime="20240429 14:36:37.443"/>
</kw>
<kw name="Swipe" library="AppiumLibrary">
<arg>${start_y}</arg>
<arg>${start_y}</arg>
<arg>${end_x}</arg>
<arg>${end_y}</arg>
<arg>1000</arg>
<doc>Swipe from one point to another point, for an optional duration.</doc>
<msg timestamp="20240429 14:36:37.443" level="TRACE">Arguments: [ 231 | 231 | 536.0 | 231 | 1000 ]</msg>
<msg timestamp="20240429 14:36:37.443" level="DEBUG">POST http://localhost:4723/session/ec110942-ad53-46fb-84f3-9966ce9d1f41/actions {"actions": [{"type": "pointer", "parameters": {"pointerType": "touch"}, "id": "touch", "actions": [{"type": "pointerMove", "duration": 250, "x": 231, "y": 231, "origin": "viewport"}, {"type": "pointerDown", "duration": 0, "button": 0}, {"type": "pointerMove", "duration": 1000, "x": 536, "y": 231, "origin": "viewport"}, {"type": "pointerUp", "duration": 0, "button": 0}]}]}</msg>
<msg timestamp="20240429 14:36:38.773" level="DEBUG">http://localhost:4723 "POST /session/ec110942-ad53-46fb-84f3-9966ce9d1f41/actions HTTP/1.1" 200 14</msg>
<msg timestamp="20240429 14:36:38.773" level="DEBUG">Remote response: status=200 | data={"value":null} | headers=HTTPHeaderDict({'X-Powered-By': 'Express', 'Vary': 'X-HTTP-Method-Override', 'Content-Type': 'application/json; charset=utf-8', 'Content-Length': '14', 'ETag': 'W/"e-9/1BuKMgFObM1mWJm+YjxtXJnUM"', 'Date': 'Mon, 29 Apr 2024 08:36:38 GMT', 'Connection': 'keep-alive', 'Keep-Alive': 'timeout=600'})</msg>
<msg timestamp="20240429 14:36:38.773" level="DEBUG">Finished Request</msg>
<msg timestamp="20240429 14:36:38.773" level="TRACE">Return: None</msg>
<status status="PASS" starttime="20240429 14:36:37.443" endtime="20240429 14:36:38.773"/>
</kw>
<kw name="Sleep" library="BuiltIn">
<arg>2 Seconds</arg>
<doc>Pauses the test executed for the given time.</doc>
<msg timestamp="20240429 14:36:38.773" level="TRACE">Arguments: [ '2 Seconds' ]</msg>
<msg timestamp="20240429 14:36:40.789" level="INFO">Slept 2 seconds</msg>
<msg timestamp="20240429 14:36:40.789" level="TRACE">Return: None</msg>
<status status="PASS" starttime="20240429 14:36:38.773" endtime="20240429 14:36:40.789"/>
</kw>
<kw name="Click Element" library="AppiumLibrary">
<arg>${btn_next}</arg>
<doc>Click element identified by `locator`.</doc>
<msg timestamp="20240429 14:36:40.789" level="TRACE">Arguments: [ "//android.widget.Button[@content-desc='Next']" ]</msg>
<msg timestamp="20240429 14:36:40.789" level="INFO">Clicking element '//android.widget.Button[@content-desc='Next']'.</msg>
<msg timestamp="20240429 14:36:40.789" level="DEBUG">POST http://localhost:4723/session/ec110942-ad53-46fb-84f3-9966ce9d1f41/elements {"using": "xpath", "value": "//android.widget.Button[@content-desc='Next']"}</msg>
<msg timestamp="20240429 14:36:40.913" level="DEBUG">http://localhost:4723 "POST /session/ec110942-ad53-46fb-84f3-9966ce9d1f41/elements HTTP/1.1" 200 139</msg>
<msg timestamp="20240429 14:36:40.913" level="DEBUG">Remote response: status=200 | data={"value":[{"element-6066-11e4-a52e-4f735466cecf":"00000000-0000-000a-0000-006500000004","ELEMENT":"00000000-0000-000a-0000-006500000004"}]} | headers=HTTPHeaderDict({'X-Powered-By': 'Express', 'Vary': 'X-HTTP-Method-Override', 'Content-Type': 'application/json; charset=utf-8', 'Content-Length': '139', 'ETag': 'W/"8b-DGqaMsL7w/swhDvIwrCqRs9p7oQ"', 'Date': 'Mon, 29 Apr 2024 08:36:40 GMT', 'Connection': 'keep-alive', 'Keep-Alive': 'timeout=600'})</msg>
<msg timestamp="20240429 14:36:40.913" level="DEBUG">Finished Request</msg>
<msg timestamp="20240429 14:36:40.913" level="DEBUG">POST http://localhost:4723/session/ec110942-ad53-46fb-84f3-9966ce9d1f41/element/00000000-0000-000a-0000-006500000004/click {"id": "00000000-0000-000a-0000-006500000004"}</msg>
<msg timestamp="20240429 14:36:41.498" level="DEBUG">http://localhost:4723 "POST /session/ec110942-ad53-46fb-84f3-9966ce9d1f41/element/00000000-0000-000a-0000-006500000004/click HTTP/1.1" 200 14</msg>
<msg timestamp="20240429 14:36:41.498" level="DEBUG">Remote response: status=200 | data={"value":null} | headers=HTTPHeaderDict({'X-Powered-By': 'Express', 'Vary': 'X-HTTP-Method-Override', 'Content-Type': 'application/json; charset=utf-8', 'Content-Length': '14', 'ETag': 'W/"e-9/1BuKMgFObM1mWJm+YjxtXJnUM"', 'Date': 'Mon, 29 Apr 2024 08:36:41 GMT', 'Connection': 'keep-alive', 'Keep-Alive': 'timeout=600'})</msg>
<msg timestamp="20240429 14:36:41.498" level="DEBUG">Finished Request</msg>
<msg timestamp="20240429 14:36:41.498" level="INFO">xpath criteria: //android.widget.Button[@content-desc='Next']</msg>
<msg timestamp="20240429 14:36:41.498" level="TRACE">Return: None</msg>
<status status="PASS" starttime="20240429 14:36:40.789" endtime="20240429 14:36:41.499"/>
</kw>
<msg timestamp="20240429 14:36:41.499" level="TRACE">Return: None</msg>
<status status="PASS" starttime="20240429 14:36:37.287" endtime="20240429 14:36:41.499"/>
</kw>
<kw name="Question 8_2" library="CoCo_keywords">
<msg timestamp="20240429 14:36:41.500" level="TRACE">Arguments: [  ]</msg>
<kw name="Get Element Size" library="AppiumLibrary">
<var>${element_size}</var>
<arg>class=android.widget.SeekBar</arg>
<doc>Get element size</doc>
<msg timestamp="20240429 14:36:41.500" level="TRACE">Arguments: [ 'class=android.widget.SeekBar' ]</msg>
<msg timestamp="20240429 14:36:41.501" level="DEBUG">POST http://localhost:4723/session/ec110942-ad53-46fb-84f3-9966ce9d1f41/elements {"using": "class name", "value": "android.widget.SeekBar"}</msg>
<msg timestamp="20240429 14:36:41.553" level="DEBUG">http://localhost:4723 "POST /session/ec110942-ad53-46fb-84f3-9966ce9d1f41/elements HTTP/1.1" 200 139</msg>
<msg timestamp="20240429 14:36:41.553" level="DEBUG">Remote response: status=200 | data={"value":[{"element-6066-11e4-a52e-4f735466cecf":"00000000-0000-000a-0000-008600000004","ELEMENT":"00000000-0000-000a-0000-008600000004"}]} | headers=HTTPHeaderDict({'X-Powered-By': 'Express', 'Vary': 'X-HTTP-Method-Override', 'Content-Type': 'application/json; charset=utf-8', 'Content-Length': '139', 'ETag': 'W/"8b-zDRvbqCj+OszbzFT7IC+lITsgbk"', 'Date': 'Mon, 29 Apr 2024 08:36:41 GMT', 'Connection': 'keep-alive', 'Keep-Alive': 'timeout=600'})</msg>
<msg timestamp="20240429 14:36:41.553" level="DEBUG">Finished Request</msg>
<msg timestamp="20240429 14:36:41.553" level="DEBUG">GET http://localhost:4723/session/ec110942-ad53-46fb-84f3-9966ce9d1f41/element/00000000-0000-000a-0000-008600000004/rect {"id": "00000000-0000-000a-0000-008600000004"}</msg>
<msg timestamp="20240429 14:36:41.579" level="DEBUG">http://localhost:4723 "GET /session/ec110942-ad53-46fb-84f3-9966ce9d1f41/element/00000000-0000-000a-0000-008600000004/rect HTTP/1.1" 200 101</msg>
<msg timestamp="20240429 14:36:41.579" level="DEBUG">Remote response: status=200 | data={"sessionId":"ec110942-ad53-46fb-84f3-9966ce9d1f41","value":{"height":48,"width":920,"x":76,"y":231}} | headers=HTTPHeaderDict({'X-Powered-By': 'Express', 'Content-Type': 'application/json; charset=utf-8', 'Content-Length': '101', 'ETag': 'W/"65-RYaXE/JitFkuEYaiouEtW0xb4VE"', 'Date': 'Mon, 29 Apr 2024 08:36:41 GMT', 'Connection': 'keep-alive', 'Keep-Alive': 'timeout=600'})</msg>
<msg timestamp="20240429 14:36:41.580" level="DEBUG">Finished Request</msg>
<msg timestamp="20240429 14:36:41.581" level="INFO">Element 'class=android.widget.SeekBar' size: {'height': 48, 'width': 920} </msg>
<msg timestamp="20240429 14:36:41.581" level="TRACE">Return: {'height': 48, 'width': 920}</msg>
<msg timestamp="20240429 14:36:41.581" level="INFO">${element_size} = {'height': 48, 'width': 920}</msg>
<status status="PASS" starttime="20240429 14:36:41.500" endtime="20240429 14:36:41.581"/>
</kw>
<kw name="Get Element Location" library="AppiumLibrary">
<var>${element_location}</var>
<arg>class=android.widget.SeekBar</arg>
<doc>Get element location</doc>
<msg timestamp="20240429 14:36:41.581" level="TRACE">Arguments: [ 'class=android.widget.SeekBar' ]</msg>
<msg timestamp="20240429 14:36:41.582" level="DEBUG">POST http://localhost:4723/session/ec110942-ad53-46fb-84f3-9966ce9d1f41/elements {"using": "class name", "value": "android.widget.SeekBar"}</msg>
<msg timestamp="20240429 14:36:41.622" level="DEBUG">http://localhost:4723 "POST /session/ec110942-ad53-46fb-84f3-9966ce9d1f41/elements HTTP/1.1" 200 139</msg>
<msg timestamp="20240429 14:36:41.624" level="DEBUG">Remote response: status=200 | data={"value":[{"element-6066-11e4-a52e-4f735466cecf":"00000000-0000-000a-0000-008600000004","ELEMENT":"00000000-0000-000a-0000-008600000004"}]} | headers=HTTPHeaderDict({'X-Powered-By': 'Express', 'Vary': 'X-HTTP-Method-Override', 'Content-Type': 'application/json; charset=utf-8', 'Content-Length': '139', 'ETag': 'W/"8b-zDRvbqCj+OszbzFT7IC+lITsgbk"', 'Date': 'Mon, 29 Apr 2024 08:36:41 GMT', 'Connection': 'keep-alive', 'Keep-Alive': 'timeout=600'})</msg>
<msg timestamp="20240429 14:36:41.624" level="DEBUG">Finished Request</msg>
<msg timestamp="20240429 14:36:41.624" level="DEBUG">GET http://localhost:4723/session/ec110942-ad53-46fb-84f3-9966ce9d1f41/element/00000000-0000-000a-0000-008600000004/rect {"id": "00000000-0000-000a-0000-008600000004"}</msg>
<msg timestamp="20240429 14:36:41.649" level="DEBUG">http://localhost:4723 "GET /session/ec110942-ad53-46fb-84f3-9966ce9d1f41/element/00000000-0000-000a-0000-008600000004/rect HTTP/1.1" 200 101</msg>
<msg timestamp="20240429 14:36:41.649" level="DEBUG">Remote response: status=200 | data={"sessionId":"ec110942-ad53-46fb-84f3-9966ce9d1f41","value":{"height":48,"width":920,"x":76,"y":231}} | headers=HTTPHeaderDict({'X-Powered-By': 'Express', 'Content-Type': 'application/json; charset=utf-8', 'Content-Length': '101', 'ETag': 'W/"65-RYaXE/JitFkuEYaiouEtW0xb4VE"', 'Date': 'Mon, 29 Apr 2024 08:36:41 GMT', 'Connection': 'keep-alive', 'Keep-Alive': 'timeout=600'})</msg>
<msg timestamp="20240429 14:36:41.649" level="DEBUG">Finished Request</msg>
<msg timestamp="20240429 14:36:41.651" level="INFO">Element 'class=android.widget.SeekBar' location: {'x': 76, 'y': 231} </msg>
<msg timestamp="20240429 14:36:41.651" level="TRACE">Return: {'x': 76, 'y': 231}</msg>
<msg timestamp="20240429 14:36:41.651" level="INFO">${element_location} = {'x': 76, 'y': 231}</msg>
<status status="PASS" starttime="20240429 14:36:41.581" endtime="20240429 14:36:41.651"/>
</kw>
<kw name="Evaluate" library="BuiltIn">
<var>${start_x}</var>
<arg>${element_location['x']}+ (${element_size['width']} *0.5)</arg>
<doc>Evaluates the given expression in Python and returns the result.</doc>
<msg timestamp="20240429 14:36:41.652" level="TRACE">Arguments: [ '76+ (920 *0.5)' ]</msg>
<msg timestamp="20240429 14:36:41.652" level="TRACE">Return: 536.0</msg>
<msg timestamp="20240429 14:36:41.652" level="INFO">${start_x} = 536.0</msg>
<status status="PASS" starttime="20240429 14:36:41.651" endtime="20240429 14:36:41.652"/>
</kw>
<kw name="Evaluate" library="BuiltIn">
<var>${start_y}</var>
<arg>${element_location['y']}+ (${element_size['height']} * 0)</arg>
<doc>Evaluates the given expression in Python and returns the result.</doc>
<msg timestamp="20240429 14:36:41.652" level="TRACE">Arguments: [ '231+ (48 * 0)' ]</msg>
<msg timestamp="20240429 14:36:41.652" level="TRACE">Return: 231</msg>
<msg timestamp="20240429 14:36:41.652" level="INFO">${start_y} = 231</msg>
<status status="PASS" starttime="20240429 14:36:41.652" endtime="20240429 14:36:41.652"/>
</kw>
<kw name="Evaluate" library="BuiltIn">
<var>${end_x}</var>
<arg>${element_location['x']} + (${element_size['width']} * 0.5)</arg>
<doc>Evaluates the given expression in Python and returns the result.</doc>
<msg timestamp="20240429 14:36:41.655" level="TRACE">Arguments: [ '76 + (920 * 0.5)' ]</msg>
<msg timestamp="20240429 14:36:41.657" level="TRACE">Return: 536.0</msg>
<msg timestamp="20240429 14:36:41.657" level="INFO">${end_x} = 536.0</msg>
<status status="PASS" starttime="20240429 14:36:41.655" endtime="20240429 14:36:41.657"/>
</kw>
<kw name="Evaluate" library="BuiltIn">
<var>${end_y}</var>
<arg>${element_location['y']} + (${element_size['height']} * 0)</arg>
<doc>Evaluates the given expression in Python and returns the result.</doc>
<msg timestamp="20240429 14:36:41.658" level="TRACE">Arguments: [ '231 + (48 * 0)' ]</msg>
<msg timestamp="20240429 14:36:41.658" level="TRACE">Return: 231</msg>
<msg timestamp="20240429 14:36:41.658" level="INFO">${end_y} = 231</msg>
<status status="PASS" starttime="20240429 14:36:41.657" endtime="20240429 14:36:41.658"/>
</kw>
<kw name="Swipe" library="AppiumLibrary">
<arg>${start_y}</arg>
<arg>${start_y}</arg>
<arg>${end_x}</arg>
<arg>${end_y}</arg>
<arg>1000</arg>
<doc>Swipe from one point to another point, for an optional duration.</doc>
<msg timestamp="20240429 14:36:41.659" level="TRACE">Arguments: [ 231 | 231 | 536.0 | 231 | 1000 ]</msg>
<msg timestamp="20240429 14:36:41.659" level="DEBUG">POST http://localhost:4723/session/ec110942-ad53-46fb-84f3-9966ce9d1f41/actions {"actions": [{"type": "pointer", "parameters": {"pointerType": "touch"}, "id": "touch", "actions": [{"type": "pointerMove", "duration": 250, "x": 231, "y": 231, "origin": "viewport"}, {"type": "pointerDown", "duration": 0, "button": 0}, {"type": "pointerMove", "duration": 1000, "x": 536, "y": 231, "origin": "viewport"}, {"type": "pointerUp", "duration": 0, "button": 0}]}]}</msg>
<msg timestamp="20240429 14:36:42.981" level="DEBUG">http://localhost:4723 "POST /session/ec110942-ad53-46fb-84f3-9966ce9d1f41/actions HTTP/1.1" 200 14</msg>
<msg timestamp="20240429 14:36:42.981" level="DEBUG">Remote response: status=200 | data={"value":null} | headers=HTTPHeaderDict({'X-Powered-By': 'Express', 'Vary': 'X-HTTP-Method-Override', 'Content-Type': 'application/json; charset=utf-8', 'Content-Length': '14', 'ETag': 'W/"e-9/1BuKMgFObM1mWJm+YjxtXJnUM"', 'Date': 'Mon, 29 Apr 2024 08:36:42 GMT', 'Connection': 'keep-alive', 'Keep-Alive': 'timeout=600'})</msg>
<msg timestamp="20240429 14:36:42.981" level="DEBUG">Finished Request</msg>
<msg timestamp="20240429 14:36:42.981" level="TRACE">Return: None</msg>
<status status="PASS" starttime="20240429 14:36:41.659" endtime="20240429 14:36:42.981"/>
</kw>
<kw name="Sleep" library="BuiltIn">
<arg>2 Seconds</arg>
<doc>Pauses the test executed for the given time.</doc>
<msg timestamp="20240429 14:36:42.982" level="TRACE">Arguments: [ '2 Seconds' ]</msg>
<msg timestamp="20240429 14:36:44.987" level="INFO">Slept 2 seconds</msg>
<msg timestamp="20240429 14:36:44.987" level="TRACE">Return: None</msg>
<status status="PASS" starttime="20240429 14:36:42.982" endtime="20240429 14:36:44.987"/>
</kw>
<kw name="Click Element" library="AppiumLibrary">
<arg>${btn_next}</arg>
<doc>Click element identified by `locator`.</doc>
<msg timestamp="20240429 14:36:44.987" level="TRACE">Arguments: [ "//android.widget.Button[@content-desc='Next']" ]</msg>
<msg timestamp="20240429 14:36:44.987" level="INFO">Clicking element '//android.widget.Button[@content-desc='Next']'.</msg>
<msg timestamp="20240429 14:36:44.987" level="DEBUG">POST http://localhost:4723/session/ec110942-ad53-46fb-84f3-9966ce9d1f41/elements {"using": "xpath", "value": "//android.widget.Button[@content-desc='Next']"}</msg>
<msg timestamp="20240429 14:36:45.113" level="DEBUG">http://localhost:4723 "POST /session/ec110942-ad53-46fb-84f3-9966ce9d1f41/elements HTTP/1.1" 200 139</msg>
[...]
<msg timestamp="20240429 14:39:50.278" level="DEBUG">Finished Request</msg>
<msg timestamp="20240429 14:39:50.278" level="INFO">xpath criteria: //android.widget.FrameLayout[@resource-id='android:id/content']/android.widget.FrameLayout/android.widget.FrameLayout/android.view.View/android.view.View/android.view.View/android.view.View/android.view.View/android.view.View/android.widget.ImageView[5]</msg>
<msg timestamp="20240429 14:39:50.278" level="TRACE">Return: None</msg>
<status status="PASS" starttime="20240429 14:39:49.594" endtime="20240429 14:39:50.278"/>
</kw>
<kw name="Sleep" library="BuiltIn">
<arg>2s</arg>
<doc>Pauses the test executed for the given time.</doc>
<msg timestamp="20240429 14:39:50.278" level="TRACE">Arguments: [ '2s' ]</msg>
<msg timestamp="20240429 14:39:52.292" level="INFO">Slept 2 seconds</msg>
<msg timestamp="20240429 14:39:52.292" level="TRACE">Return: None</msg>
<status status="PASS" starttime="20240429 14:39:50.278" endtime="20240429 14:39:52.292"/>
</kw>
<kw name="Click Element" library="AppiumLibrary">
<arg>${btn_next}</arg>
<doc>Click element identified by `locator`.</doc>
<msg timestamp="20240429 14:39:52.292" level="TRACE">Arguments: [ "//android.widget.Button[@content-desc='Next']" ]</msg>
<msg timestamp="20240429 14:39:52.292" level="INFO">Clicking element '//android.widget.Button[@content-desc='Next']'.</msg>
<msg timestamp="20240429 14:39:52.292" level="DEBUG">POST http://localhost:4723/session/ec110942-ad53-46fb-84f3-9966ce9d1f41/elements {"using": "xpath", "value": "//android.widget.Button[@content-desc='Next']"}</msg>
<msg timestamp="20240429 14:39:52.373" level="DEBUG">http://localhost:4723 "POST /session/ec110942-ad53-46fb-84f3-9966ce9d1f41/elements HTTP/1.1" 200 139</msg>
<msg timestamp="20240429 14:39:52.373" level="DEBUG">Remote response: status=200 | data={"value":[{"element-6066-11e4-a52e-4f735466cecf":"00000000-0000-000a-0000-03be00000004","ELEMENT":"00000000-0000-000a-0000-03be00000004"}]} | headers=HTTPHeaderDict({'X-Powered-By': 'Express', 'Vary': 'X-HTTP-Method-Override', 'Content-Type': 'application/json; charset=utf-8', 'Content-Length': '139', 'ETag': 'W/"8b-tl/f7hWJTwrr3jl6VYrCoxMbCf8"', 'Date': 'Mon, 29 Apr 2024 08:39:52 GMT', 'Connection': 'keep-alive', 'Keep-Alive': 'timeout=600'})</msg>
<msg timestamp="20240429 14:39:52.373" level="DEBUG">Finished Request</msg>
<msg timestamp="20240429 14:39:52.373" level="DEBUG">POST http://localhost:4723/session/ec110942-ad53-46fb-84f3-9966ce9d1f41/element/00000000-0000-000a-0000-03be00000004/click {"id": "00000000-0000-000a-0000-03be00000004"}</msg>
<msg timestamp="20240429 14:39:52.974" level="DEBUG">http://localhost:4723 "POST /session/ec110942-ad53-46fb-84f3-9966ce9d1f41/element/00000000-0000-000a-0000-03be00000004/click HTTP/1.1" 200 14</msg>
<msg timestamp="20240429 14:39:52.976" level="DEBUG">Remote response: status=200 | data={"value":null} | headers=HTTPHeaderDict({'X-Powered-By': 'Express', 'Vary': 'X-HTTP-Method-Override', 'Content-Type': 'application/json; charset=utf-8', 'Content-Length': '14', 'ETag': 'W/"e-9/1BuKMgFObM1mWJm+YjxtXJnUM"', 'Date': 'Mon, 29 Apr 2024 08:39:52 GMT', 'Connection': 'keep-alive', 'Keep-Alive': 'timeout=600'})</msg>
<msg timestamp="20240429 14:39:52.976" level="DEBUG">Finished Request</msg>
<msg timestamp="20240429 14:39:52.976" level="INFO">xpath criteria: //android.widget.Button[@content-desc='Next']</msg>
<msg timestamp="20240429 14:39:52.976" level="TRACE">Return: None</msg>
<status status="PASS" starttime="20240429 14:39:52.292" endtime="20240429 14:39:52.976"/>
</kw>
<msg timestamp="20240429 14:39:52.976" level="TRACE">Return: None</msg>
<status status="PASS" starttime="20240429 14:39:49.594" endtime="20240429 14:39:52.976"/>
</kw>
<kw name="Question 58" library="CoCo_keywords">
<msg timestamp="20240429 14:39:52.976" level="TRACE">Arguments: [  ]</msg>
<kw name="Click Element" library="AppiumLibrary">
<arg>${q58_yes}</arg>
<doc>Click element identified by `locator`.</doc>
<msg timestamp="20240429 14:39:52.976" level="TRACE">Arguments: [ "//android.view.View[@content-desc='Do you take dietary supplements or prescription medications regularly?']/android.widget.ImageView[3] " ]</msg>
<msg timestamp="20240429 14:39:52.978" level="INFO">Clicking element '//android.view.View[@content-desc='Do you take dietary supplements or prescription medications regularly?']/android.widget.ImageView[3] '.</msg>
<msg timestamp="20240429 14:39:52.978" level="DEBUG">POST http://localhost:4723/session/ec110942-ad53-46fb-84f3-9966ce9d1f41/elements {"using": "xpath", "value": "//android.view.View[@content-desc='Do you take dietary supplements or prescription medications regularly?']/android.widget.ImageView[3] "}</msg>
<msg timestamp="20240429 14:39:53.059" level="DEBUG">http://localhost:4723 "POST /session/ec110942-ad53-46fb-84f3-9966ce9d1f41/elements HTTP/1.1" 200 139</msg>
<msg timestamp="20240429 14:39:53.059" level="DEBUG">Remote response: status=200 | data={"value":[{"element-6066-11e4-a52e-4f735466cecf":"00000000-0000-000a-0000-03c600000004","ELEMENT":"00000000-0000-000a-0000-03c600000004"}]} | headers=HTTPHeaderDict({'X-Powered-By': 'Express', 'Vary': 'X-HTTP-Method-Override', 'Content-Type': 'application/json; charset=utf-8', 'Content-Length': '139', 'ETag': 'W/"8b-bAFjqrCc3b0QnlpafiMZ2mv7s1A"', 'Date': 'Mon, 29 Apr 2024 08:39:53 GMT', 'Connection': 'keep-alive', 'Keep-Alive': 'timeout=600'})</msg>
<msg timestamp="20240429 14:39:53.059" level="DEBUG">Finished Request</msg>
<msg timestamp="20240429 14:39:53.059" level="DEBUG">POST http://localhost:4723/session/ec110942-ad53-46fb-84f3-9966ce9d1f41/element/00000000-0000-000a-0000-03c600000004/click {"id": "00000000-0000-000a-0000-03c600000004"}</msg>
<msg timestamp="20240429 14:39:53.640" level="DEBUG">http://localhost:4723 "POST /session/ec110942-ad53-46fb-84f3-9966ce9d1f41/element/00000000-0000-000a-0000-03c600000004/click HTTP/1.1" 200 14</msg>
<msg timestamp="20240429 14:39:53.640" level="DEBUG">Remote response: status=200 | data={"value":null} | headers=HTTPHeaderDict({'X-Powered-By': 'Express', 'Vary': 'X-HTTP-Method-Override', 'Content-Type': 'application/json; charset=utf-8', 'Content-Length': '14', 'ETag': 'W/"e-9/1BuKMgFObM1mWJm+YjxtXJnUM"', 'Date': 'Mon, 29 Apr 2024 08:39:53 GMT', 'Connection': 'keep-alive', 'Keep-Alive': 'timeout=600'})</msg>
<msg timestamp="20240429 14:39:53.640" level="DEBUG">Finished Request</msg>
<msg timestamp="20240429 14:39:53.640" level="INFO">xpath criteria: //android.view.View[@content-desc='Do you take dietary supplements or prescription medications regularly?']/android.widget.ImageView[3]</msg>
<msg timestamp="20240429 14:39:53.640" level="TRACE">Return: None</msg>
<status status="PASS" starttime="20240429 14:39:52.976" endtime="20240429 14:39:53.640"/>
</kw>
<kw name="Sleep" library="BuiltIn">
<arg>2s</arg>
<doc>Pauses the test executed for the given time.</doc>
<msg timestamp="20240429 14:39:53.640" level="TRACE">Arguments: [ '2s' ]</msg>
<msg timestamp="20240429 14:39:55.654" level="INFO">Slept 2 seconds</msg>
<msg timestamp="20240429 14:39:55.654" level="TRACE">Return: None</msg>
<status status="PASS" starttime="20240429 14:39:53.640" endtime="20240429 14:39:55.654"/>
</kw>
<kw name="Click Element" library="AppiumLibrary">
<arg>${btn_next}</arg>
<doc>Click element identified by `locator`.</doc>
<msg timestamp="20240429 14:39:55.654" level="TRACE">Arguments: [ "//android.widget.Button[@content-desc='Next']" ]</msg>
<msg timestamp="20240429 14:39:55.654" level="INFO">Clicking element '//android.widget.Button[@content-desc='Next']'.</msg>
<msg timestamp="20240429 14:39:55.654" level="DEBUG">POST http://localhost:4723/session/ec110942-ad53-46fb-84f3-9966ce9d1f41/elements {"using": "xpath", "value": "//android.widget.Button[@content-desc='Next']"}</msg>
<msg timestamp="20240429 14:39:55.733" level="DEBUG">http://localhost:4723 "POST /session/ec110942-ad53-46fb-84f3-9966ce9d1f41/elements HTTP/1.1" 200 139</msg>
<msg timestamp="20240429 14:39:55.733" level="DEBUG">Remote response: status=200 | data={"value":[{"element-6066-11e4-a52e-4f735466cecf":"00000000-0000-000a-0000-03cb00000004","ELEMENT":"00000000-0000-000a-0000-03cb00000004"}]} | headers=HTTPHeaderDict({'X-Powered-By': 'Express', 'Vary': 'X-HTTP-Method-Override', 'Content-Type': 'application/json; charset=utf-8', 'Content-Length': '139', 'ETag': 'W/"8b-NSBk5LqerglppNfHIvALEEFryy8"', 'Date': 'Mon, 29 Apr 2024 08:39:55 GMT', 'Connection': 'keep-alive', 'Keep-Alive': 'timeout=600'})</msg>
<msg timestamp="20240429 14:39:55.733" level="DEBUG">Finished Request</msg>
<msg timestamp="20240429 14:39:55.733" level="DEBUG">POST http://localhost:4723/session/ec110942-ad53-46fb-84f3-9966ce9d1f41/element/00000000-0000-000a-0000-03cb00000004/click {"id": "00000000-0000-000a-0000-03cb00000004"}</msg>
<msg timestamp="20240429 14:39:56.339" level="DEBUG">http://localhost:4723 "POST /session/ec110942-ad53-46fb-84f3-9966ce9d1f41/element/00000000-0000-000a-0000-03cb00000004/click HTTP/1.1" 200 14</msg>
<msg timestamp="20240429 14:39:56.339" level="DEBUG">Remote response: status=200 | data={"value":null} | headers=HTTPHeaderDict({'X-Powered-By': 'Express', 'Vary': 'X-HTTP-Method-Override', 'Content-Type': 'application/json; charset=utf-8', 'Content-Length': '14', 'ETag': 'W/"e-9/1BuKMgFObM1mWJm+YjxtXJnUM"', 'Date': 'Mon, 29 Apr 2024 08:39:56 GMT', 'Connection': 'keep-alive', 'Keep-Alive': 'timeout=600'})</msg>
<msg timestamp="20240429 14:39:56.339" level="DEBUG">Finished Request</msg>
<msg timestamp="20240429 14:39:56.339" level="INFO">xpath criteria: //android.widget.Button[@content-desc='Next']</msg>
<msg timestamp="20240429 14:39:56.339" level="TRACE">Return: None</msg>
<status status="PASS" starttime="20240429 14:39:55.654" endtime="20240429 14:39:56.339"/>
</kw>
<msg timestamp="20240429 14:39:56.339" level="TRACE">Return: None</msg>
<status status="PASS" starttime="20240429 14:39:52.976" endtime="20240429 14:39:56.339"/>
</kw>
<kw name="Question 104" library="CoCo_keywords">
<msg timestamp="20240429 14:39:56.339" level="TRACE">Arguments: [  ]</msg>
<kw name="Click Element" library="AppiumLibrary">
<arg>${q104_no}</arg>
<doc>Click element identified by `locator`.</doc>
<msg timestamp="20240429 14:39:56.339" level="TRACE">Arguments: [ "//android.view.View[@content-desc='Have you ever become pregnant when you did not want to be?']/android.widget.ImageView[4]" ]</msg>
<msg timestamp="20240429 14:39:56.339" level="INFO">Clicking element '//android.view.View[@content-desc='Have you ever become pregnant when you did not want to be?']/android.widget.ImageView[4]'.</msg>
<msg timestamp="20240429 14:39:56.339" level="DEBUG">POST http://localhost:4723/session/ec110942-ad53-46fb-84f3-9966ce9d1f41/elements {"using": "xpath", "value": "//android.view.View[@content-desc='Have you ever become pregnant when you did not want to be?']/android.widget.ImageView[4]"}</msg>
<msg timestamp="20240429 14:39:56.418" level="DEBUG">http://localhost:4723 "POST /session/ec110942-ad53-46fb-84f3-9966ce9d1f41/elements HTTP/1.1" 200 139</msg>
<msg timestamp="20240429 14:39:56.418" level="DEBUG">Remote response: status=200 | data={"value":[{"element-6066-11e4-a52e-4f735466cecf":"00000000-0000-000a-0000-03d300000004","ELEMENT":"00000000-0000-000a-0000-03d300000004"}]} | headers=HTTPHeaderDict({'X-Powered-By': 'Express', 'Vary': 'X-HTTP-Method-Override', 'Content-Type': 'application/json; charset=utf-8', 'Content-Length': '139', 'ETag': 'W/"8b-vD8oWaJ33tsZEpKTOBefami23n8"', 'Date': 'Mon, 29 Apr 2024 08:39:56 GMT', 'Connection': 'keep-alive', 'Keep-Alive': 'timeout=600'})</msg>
<msg timestamp="20240429 14:39:56.418" level="DEBUG">Finished Request</msg>
<msg timestamp="20240429 14:39:56.418" level="DEBUG">POST http://localhost:4723/session/ec110942-ad53-46fb-84f3-9966ce9d1f41/element/00000000-0000-000a-0000-03d300000004/click {"id": "00000000-0000-000a-0000-03d300000004"}</msg>
<msg timestamp="20240429 14:39:57.020" level="DEBUG">http://localhost:4723 "POST /session/ec110942-ad53-46fb-84f3-9966ce9d1f41/element/00000000-0000-000a-0000-03d300000004/click HTTP/1.1" 200 14</msg>
<msg timestamp="20240429 14:39:57.020" level="DEBUG">Remote response: status=200 | data={"value":null} | headers=HTTPHeaderDict({'X-Powered-By': 'Express', 'Vary': 'X-HTTP-Method-Override', 'Content-Type': 'application/json; charset=utf-8', 'Content-Length': '14', 'ETag': 'W/"e-9/1BuKMgFObM1mWJm+YjxtXJnUM"', 'Date': 'Mon, 29 Apr 2024 08:39:57 GMT', 'Connection': 'keep-alive', 'Keep-Alive': 'timeout=600'})</msg>
<msg timestamp="20240429 14:39:57.020" level="DEBUG">Finished Request</msg>
<msg timestamp="20240429 14:39:57.020" level="INFO">xpath criteria: //android.view.View[@content-desc='Have you ever become pregnant when you did not want to be?']/android.widget.ImageView[4]</msg>
<msg timestamp="20240429 14:39:57.020" level="TRACE">Return: None</msg>
<status status="PASS" starttime="20240429 14:39:56.339" endtime="20240429 14:39:57.020"/>
</kw>
<kw name="Sleep" library="BuiltIn">
<arg>2s</arg>
<doc>Pauses the test executed for the given time.</doc>
<msg timestamp="20240429 14:39:57.020" level="TRACE">Arguments: [ '2s' ]</msg>
<msg timestamp="20240429 14:39:59.026" level="INFO">Slept 2 seconds</msg>
<msg timestamp="20240429 14:39:59.026" level="TRACE">Return: None</msg>
<status status="PASS" starttime="20240429 14:39:57.020" endtime="20240429 14:39:59.026"/>
</kw>
<kw name="Click Element" library="AppiumLibrary">
<arg>${btn_next}</arg>
<doc>Click element identified by `locator`.</doc>
<msg timestamp="20240429 14:39:59.026" level="TRACE">Arguments: [ "//android.widget.Button[@content-desc='Next']" ]</msg>
<msg timestamp="20240429 14:39:59.026" level="INFO">Clicking element '//android.widget.Button[@content-desc='Next']'.</msg>
<msg timestamp="20240429 14:39:59.026" level="DEBUG">POST http://localhost:4723/session/ec110942-ad53-46fb-84f3-9966ce9d1f41/elements {"using": "xpath", "value": "//android.widget.Button[@content-desc='Next']"}</msg>
<msg timestamp="20240429 14:39:59.105" level="DEBUG">http://localhost:4723 "POST /session/ec110942-ad53-46fb-84f3-9966ce9d1f41/elements HTTP/1.1" 200 139</msg>
<msg timestamp="20240429 14:39:59.105" level="DEBUG">Remote response: status=200 | data={"value":[{"element-6066-11e4-a52e-4f735466cecf":"00000000-0000-000a-0000-03d800000004","ELEMENT":"00000000-0000-000a-0000-03d800000004"}]} | headers=HTTPHeaderDict({'X-Powered-By': 'Express', 'Vary': 'X-HTTP-Method-Override', 'Content-Type': 'application/json; charset=utf-8', 'Content-Length': '139', 'ETag': 'W/"8b-w/YA3gNKMI0fBixsSFMO5kL4lp4"', 'Date': 'Mon, 29 Apr 2024 08:39:59 GMT', 'Connection': 'keep-alive', 'Keep-Alive': 'timeout=600'})</msg>
<msg timestamp="20240429 14:39:59.105" level="DEBUG">Finished Request</msg>
<msg timestamp="20240429 14:39:59.105" level="DEBUG">POST http://localhost:4723/session/ec110942-ad53-46fb-84f3-9966ce9d1f41/element/00000000-0000-000a-0000-03d800000004/click {"id": "00000000-0000-000a-0000-03d800000004"}</msg>
<msg timestamp="20240429 14:39:59.703" level="DEBUG">http://localhost:4723 "POST /session/ec110942-ad53-46fb-84f3-9966ce9d1f41/element/00000000-0000-000a-0000-03d800000004/click HTTP/1.1" 200 14</msg>
<msg timestamp="20240429 14:39:59.703" level="DEBUG">Remote response: status=200 | data={"value":null} | headers=HTTPHeaderDict({'X-Powered-By': 'Express', 'Vary': 'X-HTTP-Method-Override', 'Content-Type': 'application/json; charset=utf-8', 'Content-Length': '14', 'ETag': 'W/"e-9/1BuKMgFObM1mWJm+YjxtXJnUM"', 'Date': 'Mon, 29 Apr 2024 08:39:59 GMT', 'Connection': 'keep-alive', 'Keep-Alive': 'timeout=600'})</msg>
<msg timestamp="20240429 14:39:59.703" level="DEBUG">Finished Request</msg>
<msg timestamp="20240429 14:39:59.703" level="INFO">xpath criteria: //android.widget.Button[@content-desc='Next']</msg>
<msg timestamp="20240429 14:39:59.703" level="TRACE">Return: None</msg>
<status status="PASS" starttime="20240429 14:39:59.026" endtime="20240429 14:39:59.703"/>
</kw>
<msg timestamp="20240429 14:39:59.703" level="TRACE">Return: None</msg>
<status status="PASS" starttime="20240429 14:39:56.339" endtime="20240429 14:39:59.703"/>
</kw>
<kw name="Question 105" library="CoCo_keywords">
<msg timestamp="20240429 14:39:59.703" level="TRACE">Arguments: [  ]</msg>
<kw name="Sleep" library="BuiltIn">
<arg>2s</arg>
<doc>Pauses the test executed for the given time.</doc>
<msg timestamp="20240429 14:39:59.703" level="TRACE">Arguments: [ '2s' ]</msg>
<msg timestamp="20240429 14:40:01.711" level="INFO">Slept 2 seconds</msg>
<msg timestamp="20240429 14:40:01.711" level="TRACE">Return: None</msg>
<status status="PASS" starttime="20240429 14:39:59.703" endtime="20240429 14:40:01.711"/>
</kw>
<kw name="Click Element" library="AppiumLibrary">
<arg>${btn_next}</arg>
<doc>Click element identified by `locator`.</doc>
<msg timestamp="20240429 14:40:01.711" level="TRACE">Arguments: [ "//android.widget.Button[@content-desc='Next']" ]</msg>
<msg timestamp="20240429 14:40:01.711" level="INFO">Clicking element '//android.widget.Button[@content-desc='Next']'.</msg>
<msg timestamp="20240429 14:40:01.711" level="DEBUG">POST http://localhost:4723/session/ec110942-ad53-46fb-84f3-9966ce9d1f41/elements {"using": "xpath", "value": "//android.widget.Button[@content-desc='Next']"}</msg>
<msg timestamp="20240429 14:40:01.793" level="DEBUG">http://localhost:4723 "POST /session/ec110942-ad53-46fb-84f3-9966ce9d1f41/elements HTTP/1.1" 200 139</msg>
<msg timestamp="20240429 14:40:01.793" level="DEBUG">Remote response: status=200 | data={"value":[{"element-6066-11e4-a52e-4f735466cecf":"00000000-0000-000a-0000-03df00000004","ELEMENT":"00000000-0000-000a-0000-03df00000004"}]} | headers=HTTPHeaderDict({'X-Powered-By': 'Express', 'Vary': 'X-HTTP-Method-Override', 'Content-Type': 'application/json; charset=utf-8', 'Content-Length': '139', 'ETag': 'W/"8b-KmZ8HeXNSwiglJjtivD2NlXuUY0"', 'Date': 'Mon, 29 Apr 2024 08:40:01 GMT', 'Connection': 'keep-alive', 'Keep-Alive': 'timeout=600'})</msg>
<msg timestamp="20240429 14:40:01.793" level="DEBUG">Finished Request</msg>
<msg timestamp="20240429 14:40:01.793" level="DEBUG">POST http://localhost:4723/session/ec110942-ad53-46fb-84f3-9966ce9d1f41/element/00000000-0000-000a-0000-03df00000004/click {"id": "00000000-0000-000a-0000-03df00000004"}</msg>
<msg timestamp="20240429 14:40:03.730" level="DEBUG">http://localhost:4723 "POST /session/ec110942-ad53-46fb-84f3-9966ce9d1f41/element/00000000-0000-000a-0000-03df00000004/click HTTP/1.1" 200 14</msg>
<msg timestamp="20240429 14:40:03.730" level="DEBUG">Remote response: status=200 | data={"value":null} | headers=HTTPHeaderDict({'X-Powered-By': 'Express', 'Vary': 'X-HTTP-Method-Override', 'Content-Type': 'application/json; charset=utf-8', 'Content-Length': '14', 'ETag': 'W/"e-9/1BuKMgFObM1mWJm+YjxtXJnUM"', 'Date': 'Mon, 29 Apr 2024 08:40:03 GMT', 'Connection': 'keep-alive', 'Keep-Alive': 'timeout=600'})</msg>
<msg timestamp="20240429 14:40:03.730" level="DEBUG">Finished Request</msg>
<msg timestamp="20240429 14:40:03.730" level="INFO">xpath criteria: //android.widget.Button[@content-desc='Next']</msg>
<msg timestamp="20240429 14:40:03.730" level="TRACE">Return: None</msg>
<status status="PASS" starttime="20240429 14:40:01.711" endtime="20240429 14:40:03.730"/>
</kw>
<msg timestamp="20240429 14:40:03.730" level="TRACE">Return: None</msg>
<status status="PASS" starttime="20240429 14:39:59.703" endtime="20240429 14:40:03.730"/>
</kw>
<status status="PASS" starttime="20240429 14:35:39.324" endtime="20240429 14:40:03.733"/>
</test>
<status status="PASS" starttime="20240429 14:35:38.873" endtime="20240429 14:40:03.734"/>
</suite>
<statistics>
<total>
<stat pass="1" fail="0" skip="0">All Tests</stat>
</total>
<tag>
</tag>
<suite>
<stat pass="1" fail="0" skip="0" id="s1" name="Start-Session">Start-Session</stat>
</suite>
</statistics>
<errors>
</errors>
</robot>
