<?xml version="1.0" encoding="UTF-8"?>
<robot generator="Robot 5.0.1 (Python 3.10.7 on win32)" generated="20240426 11:12:32.308" rpa="false" schemaversion="3">
<suite id="s1" name="Start-Session" source="C:\Users\newaj\PycharmProjects\Mobile-Automation-Projects-using-Robot-Framework\Contraceptive Coach (COCO) - Which Method\TestCases\Start-Session.robot">
<test id="s1-t1" name="Open_Application" line="9">
<kw name="Open Application" library="AppiumLibrary">
<arg>http://localhost:4723</arg>
<arg>platformName=Android</arg>
<arg>platformVersion=11</arg>
<arg>deviceName=HA1HSDDT</arg>
<arg>automationName=UiAutomator2</arg>
<doc>Opens a new application to given Appium server.
Capabilities of appium server, Android and iOS,
Please check https://github.com/appium/appium/blob/master/docs/en/writing-running-appium/server-args.md
| *Option*            | *Man.* | *Description*     |
| remote_url          | Yes    | Appium server url |
| alias               | no     | alias             |
| strict_ssl          | No     | allows you to send commands to an invalid certificate host like a self-signed one. |</doc>
<msg timestamp="20240426 11:12:32.545" level="TRACE">Arguments: [ 'http://localhost:4723' | platformName='Android' | platformVersion='11' | deviceName='HA1HSDDT' | automationName='UiAutomator2' ]</msg>
<msg timestamp="20240426 11:12:32.545" level="DEBUG">POST http://localhost:4723/session {"capabilities": {"firstMatch": [{}], "alwaysMatch": {"platformName": "Android", "appium:platformVersion": "11", "appium:deviceName": "HA1HSDDT", "appium:automationName": "UiAutomator2"}}}</msg>
<msg timestamp="20240426 11:12:32.561" level="DEBUG">Starting new HTTP connection (1): localhost:4723</msg>
<msg timestamp="20240426 11:12:41.728" level="DEBUG">http://localhost:4723 "POST /session HTTP/1.1" 200 752</msg>
<msg timestamp="20240426 11:12:41.728" level="DEBUG">Remote response: status=200 | data={"value":{"capabilities":{"platformName":"Android","platformVersion":"11","deviceName":"HA1HSDDT","automationName":"UiAutomator2","platform":"LINUX","webStorageEnabled":false,"takesScreenshot":true,"javascriptEnabled":true,"databaseEnabled":false,"networkConnectionEnabled":true,"locationContextEnabled":false,"warnings":{},"desired":{"platformName":"Android","platformVersion":"11","deviceName":"HA1HSDDT","automationName":"UiAutomator2"},"deviceUDID":"HA1HSDDT","pixelRatio":"1","statBarHeight":24,"viewportRect":{"left":0,"top":24,"width":600,"height":1000},"deviceApiLevel":30,"deviceManufacturer":"LENOVO","deviceModel":"Lenovo TB-7306F","deviceScreenSize":"600x1024","deviceScreenDensity":160},"sessionId":"97aa1892-1d81-47e3-bc52-7b10eff0b6fa"}} | headers=HTTPHeaderDict({'X-Powered-By': 'Express', 'Vary': 'X-HTTP-Method-Override', 'Content-Type': 'application/json; charset=utf-8', 'Content-Length': '752', 'ETag': 'W/"2f0-8l6SWBAbP4SyoFHBawy7bIQWS/Q"', 'Date': 'Fri, 26 Apr 2024 05:12:41 GMT', 'Connection': 'keep-alive', 'Keep-Alive': 'timeout=600'})</msg>
<msg timestamp="20240426 11:12:41.728" level="DEBUG">Finished Request</msg>
<msg timestamp="20240426 11:12:41.728" level="DEBUG">Opened application with session id 97aa1892-1d81-47e3-bc52-7b10eff0b6fa</msg>
<msg timestamp="20240426 11:12:41.728" level="TRACE">Return: 1</msg>
<status status="PASS" starttime="20240426 11:12:32.545" endtime="20240426 11:12:41.728"/>
</kw>
<kw name="Click Element" library="AppiumLibrary">
<arg>${btn_app}</arg>
<doc>Click element identified by `locator`.</doc>
<msg timestamp="20240426 11:12:41.728" level="TRACE">Arguments: [ "//android.widget.TextView[@content-desc='COCO']" ]</msg>
<msg timestamp="20240426 11:12:41.731" level="INFO">Clicking element '//android.widget.TextView[@content-desc='COCO']'.</msg>
<msg timestamp="20240426 11:12:41.731" level="DEBUG">POST http://localhost:4723/session/97aa1892-1d81-47e3-bc52-7b10eff0b6fa/elements {"using": "xpath", "value": "//android.widget.TextView[@content-desc='COCO']"}</msg>
<msg timestamp="20240426 11:12:42.794" level="DEBUG">http://localhost:4723 "POST /session/97aa1892-1d81-47e3-bc52-7b10eff0b6fa/elements HTTP/1.1" 200 139</msg>
<msg timestamp="20240426 11:12:42.794" level="DEBUG">Remote response: status=200 | data={"value":[{"element-6066-11e4-a52e-4f735466cecf":"00000000-0000-03b8-ffff-ffff00000f5e","ELEMENT":"00000000-0000-03b8-ffff-ffff00000f5e"}]} | headers=HTTPHeaderDict({'X-Powered-By': 'Express', 'Vary': 'X-HTTP-Method-Override', 'Content-Type': 'application/json; charset=utf-8', 'Content-Length': '139', 'ETag': 'W/"8b-75oROLv9vcxyjodovwQ/4dREH9U"', 'Date': 'Fri, 26 Apr 2024 05:12:42 GMT', 'Connection': 'keep-alive', 'Keep-Alive': 'timeout=600'})</msg>
<msg timestamp="20240426 11:12:42.794" level="DEBUG">Finished Request</msg>
<msg timestamp="20240426 11:12:42.794" level="DEBUG">POST http://localhost:4723/session/97aa1892-1d81-47e3-bc52-7b10eff0b6fa/element/00000000-0000-03b8-ffff-ffff00000f5e/click {"id": "00000000-0000-03b8-ffff-ffff00000f5e"}</msg>
<msg timestamp="20240426 11:12:42.904" level="DEBUG">http://localhost:4723 "POST /session/97aa1892-1d81-47e3-bc52-7b10eff0b6fa/element/00000000-0000-03b8-ffff-ffff00000f5e/click HTTP/1.1" 200 14</msg>
<msg timestamp="20240426 11:12:42.904" level="DEBUG">Remote response: status=200 | data={"value":null} | headers=HTTPHeaderDict({'X-Powered-By': 'Express', 'Vary': 'X-HTTP-Method-Override', 'Content-Type': 'application/json; charset=utf-8', 'Content-Length': '14', 'ETag': 'W/"e-9/1BuKMgFObM1mWJm+YjxtXJnUM"', 'Date': 'Fri, 26 Apr 2024 05:12:42 GMT', 'Connection': 'keep-alive', 'Keep-Alive': 'timeout=600'})</msg>
<msg timestamp="20240426 11:12:42.904" level="DEBUG">Finished Request</msg>
<msg timestamp="20240426 11:12:42.904" level="INFO">xpath criteria: //android.widget.TextView[@content-desc='COCO']</msg>
<msg timestamp="20240426 11:12:42.904" level="TRACE">Return: None</msg>
<status status="PASS" starttime="20240426 11:12:41.728" endtime="20240426 11:12:42.904"/>
</kw>
<kw name="Sleep" library="BuiltIn">
<arg>5 seconds</arg>
<doc>Pauses the test executed for the given time.</doc>
<msg timestamp="20240426 11:12:42.904" level="TRACE">Arguments: [ '5 seconds' ]</msg>
<msg timestamp="20240426 11:12:47.915" level="INFO">Slept 5 seconds</msg>
<msg timestamp="20240426 11:12:47.915" level="TRACE">Return: None</msg>
<status status="PASS" starttime="20240426 11:12:42.904" endtime="20240426 11:12:47.915"/>
</kw>
<kw name="Wait Until Page Contains Element" library="AppiumLibrary">
<arg>${session}</arg>
<doc>Waits until element specified with `locator` appears on current page.</doc>
<msg timestamp="20240426 11:12:47.915" level="TRACE">Arguments: [ "//android.widget.ImageView[@content-desc='Session']" ]</msg>
<msg timestamp="20240426 11:12:47.915" level="DEBUG">POST http://localhost:4723/session/97aa1892-1d81-47e3-bc52-7b10eff0b6fa/elements {"using": "xpath", "value": "//android.widget.ImageView[@content-desc='Session']"}</msg>
<msg timestamp="20240426 11:12:48.014" level="DEBUG">http://localhost:4723 "POST /session/97aa1892-1d81-47e3-bc52-7b10eff0b6fa/elements HTTP/1.1" 200 12</msg>
<msg timestamp="20240426 11:12:48.014" level="DEBUG">Remote response: status=200 | data={"value":[]} | headers=HTTPHeaderDict({'X-Powered-By': 'Express', 'Vary': 'X-HTTP-Method-Override', 'Content-Type': 'application/json; charset=utf-8', 'Content-Length': '12', 'ETag': 'W/"c-ct3goOI+b+kRZv2R9j2fTtMXwkk"', 'Date': 'Fri, 26 Apr 2024 05:12:48 GMT', 'Connection': 'keep-alive', 'Keep-Alive': 'timeout=600'})</msg>
<msg timestamp="20240426 11:12:48.014" level="DEBUG">Finished Request</msg>
<msg timestamp="20240426 11:12:48.214" level="DEBUG">POST http://localhost:4723/session/97aa1892-1d81-47e3-bc52-7b10eff0b6fa/elements {"using": "xpath", "value": "//android.widget.ImageView[@content-desc='Session']"}</msg>
<msg timestamp="20240426 11:12:48.308" level="DEBUG">http://localhost:4723 "POST /session/97aa1892-1d81-47e3-bc52-7b10eff0b6fa/elements HTTP/1.1" 200 12</msg>
<msg timestamp="20240426 11:12:48.308" level="DEBUG">Remote response: status=200 | data={"value":[]} | headers=HTTPHeaderDict({'X-Powered-By': 'Express', 'Vary': 'X-HTTP-Method-Override', 'Content-Type': 'application/json; charset=utf-8', 'Content-Length': '12', 'ETag': 'W/"c-ct3goOI+b+kRZv2R9j2fTtMXwkk"', 'Date': 'Fri, 26 Apr 2024 05:12:48 GMT', 'Connection': 'keep-alive', 'Keep-Alive': 'timeout=600'})</msg>
<msg timestamp="20240426 11:12:48.308" level="DEBUG">Finished Request</msg>
<msg timestamp="20240426 11:12:48.525" level="DEBUG">POST http://localhost:4723/session/97aa1892-1d81-47e3-bc52-7b10eff0b6fa/elements {"using": "xpath", "value": "//android.widget.ImageView[@content-desc='Session']"}</msg>
<msg timestamp="20240426 11:12:49.964" level="DEBUG">http://localhost:4723 "POST /session/97aa1892-1d81-47e3-bc52-7b10eff0b6fa/elements HTTP/1.1" 200 139</msg>
<msg timestamp="20240426 11:12:49.964" level="DEBUG">Remote response: status=200 | data={"value":[{"element-6066-11e4-a52e-4f735466cecf":"00000000-0000-03c0-0000-000a00000004","ELEMENT":"00000000-0000-03c0-0000-000a00000004"}]} | headers=HTTPHeaderDict({'X-Powered-By': 'Express', 'Vary': 'X-HTTP-Method-Override', 'Content-Type': 'application/json; charset=utf-8', 'Content-Length': '139', 'ETag': 'W/"8b-U4M61jQrLfyieQ2VLSepJxli0CE"', 'Date': 'Fri, 26 Apr 2024 05:12:49 GMT', 'Connection': 'keep-alive', 'Keep-Alive': 'timeout=600'})</msg>
<msg timestamp="20240426 11:12:49.964" level="DEBUG">Finished Request</msg>
<msg timestamp="20240426 11:12:49.964" level="INFO">xpath criteria: //android.widget.ImageView[@content-desc='Session']
xpath criteria: //android.widget.ImageView[@content-desc='Session']
xpath criteria: //android.widget.ImageView[@content-desc='Session']</msg>
<msg timestamp="20240426 11:12:49.964" level="TRACE">Return: None</msg>
<status status="PASS" starttime="20240426 11:12:47.915" endtime="20240426 11:12:49.964"/>
</kw>
<kw name="Click Element" library="AppiumLibrary">
<arg>${session}</arg>
<doc>Click element identified by `locator`.</doc>
<msg timestamp="20240426 11:12:49.964" level="TRACE">Arguments: [ "//android.widget.ImageView[@content-desc='Session']" ]</msg>
<msg timestamp="20240426 11:12:49.964" level="INFO">Clicking element '//android.widget.ImageView[@content-desc='Session']'.</msg>
<msg timestamp="20240426 11:12:49.964" level="DEBUG">POST http://localhost:4723/session/97aa1892-1d81-47e3-bc52-7b10eff0b6fa/elements {"using": "xpath", "value": "//android.widget.ImageView[@content-desc='Session']"}</msg>
<msg timestamp="20240426 11:12:50.105" level="DEBUG">http://localhost:4723 "POST /session/97aa1892-1d81-47e3-bc52-7b10eff0b6fa/elements HTTP/1.1" 200 139</msg>
<msg timestamp="20240426 11:12:50.105" level="DEBUG">Remote response: status=200 | data={"value":[{"element-6066-11e4-a52e-4f735466cecf":"00000000-0000-03c0-0000-000a00000004","ELEMENT":"00000000-0000-03c0-0000-000a00000004"}]} | headers=HTTPHeaderDict({'X-Powered-By': 'Express', 'Vary': 'X-HTTP-Method-Override', 'Content-Type': 'application/json; charset=utf-8', 'Content-Length': '139', 'ETag': 'W/"8b-U4M61jQrLfyieQ2VLSepJxli0CE"', 'Date': 'Fri, 26 Apr 2024 05:12:50 GMT', 'Connection': 'keep-alive', 'Keep-Alive': 'timeout=600'})</msg>
<msg timestamp="20240426 11:12:50.105" level="DEBUG">Finished Request</msg>
<msg timestamp="20240426 11:12:50.105" level="DEBUG">POST http://localhost:4723/session/97aa1892-1d81-47e3-bc52-7b10eff0b6fa/element/00000000-0000-03c0-0000-000a00000004/click {"id": "00000000-0000-03c0-0000-000a00000004"}</msg>
<msg timestamp="20240426 11:12:55.694" level="DEBUG">http://localhost:4723 "POST /session/97aa1892-1d81-47e3-bc52-7b10eff0b6fa/element/00000000-0000-03c0-0000-000a00000004/click HTTP/1.1" 200 14</msg>
<msg timestamp="20240426 11:12:55.694" level="DEBUG">Remote response: status=200 | data={"value":null} | headers=HTTPHeaderDict({'X-Powered-By': 'Express', 'Vary': 'X-HTTP-Method-Override', 'Content-Type': 'application/json; charset=utf-8', 'Content-Length': '14', 'ETag': 'W/"e-9/1BuKMgFObM1mWJm+YjxtXJnUM"', 'Date': 'Fri, 26 Apr 2024 05:12:55 GMT', 'Connection': 'keep-alive', 'Keep-Alive': 'timeout=600'})</msg>
<msg timestamp="20240426 11:12:55.694" level="DEBUG">Finished Request</msg>
<msg timestamp="20240426 11:12:55.694" level="INFO">xpath criteria: //android.widget.ImageView[@content-desc='Session']</msg>
<msg timestamp="20240426 11:12:55.694" level="TRACE">Return: None</msg>
<status status="PASS" starttime="20240426 11:12:49.964" endtime="20240426 11:12:55.694"/>
</kw>
<kw name="Sleep" library="BuiltIn">
<arg>3 seconds</arg>
<doc>Pauses the test executed for the given time.</doc>
<msg timestamp="20240426 11:12:55.694" level="TRACE">Arguments: [ '3 seconds' ]</msg>
<msg timestamp="20240426 11:12:58.701" level="INFO">Slept 3 seconds</msg>
<msg timestamp="20240426 11:12:58.701" level="TRACE">Return: None</msg>
<status status="PASS" starttime="20240426 11:12:55.694" endtime="20240426 11:12:58.701"/>
</kw>
<kw name="Click Element" library="AppiumLibrary">
<arg>${btn_skip}</arg>
<doc>Click element identified by `locator`.</doc>
<msg timestamp="20240426 11:12:58.701" level="TRACE">Arguments: [ "//android.widget.Button[@content-desc='Skip the tutorial']" ]</msg>
<msg timestamp="20240426 11:12:58.703" level="INFO">Clicking element '//android.widget.Button[@content-desc='Skip the tutorial']'.</msg>
<msg timestamp="20240426 11:12:58.703" level="DEBUG">POST http://localhost:4723/session/97aa1892-1d81-47e3-bc52-7b10eff0b6fa/elements {"using": "xpath", "value": "//android.widget.Button[@content-desc='Skip the tutorial']"}</msg>
<msg timestamp="20240426 11:12:58.827" level="DEBUG">http://localhost:4723 "POST /session/97aa1892-1d81-47e3-bc52-7b10eff0b6fa/elements HTTP/1.1" 200 139</msg>
<msg timestamp="20240426 11:12:58.827" level="DEBUG">Remote response: status=200 | data={"value":[{"element-6066-11e4-a52e-4f735466cecf":"00000000-0000-03c0-0000-001d00000004","ELEMENT":"00000000-0000-03c0-0000-001d00000004"}]} | headers=HTTPHeaderDict({'X-Powered-By': 'Express', 'Vary': 'X-HTTP-Method-Override', 'Content-Type': 'application/json; charset=utf-8', 'Content-Length': '139', 'ETag': 'W/"8b-CjnrYxBATDdRet3ldRy7J8k09Rg"', 'Date': 'Fri, 26 Apr 2024 05:12:58 GMT', 'Connection': 'keep-alive', 'Keep-Alive': 'timeout=600'})</msg>
<msg timestamp="20240426 11:12:58.827" level="DEBUG">Finished Request</msg>
<msg timestamp="20240426 11:12:58.827" level="DEBUG">POST http://localhost:4723/session/97aa1892-1d81-47e3-bc52-7b10eff0b6fa/element/00000000-0000-03c0-0000-001d00000004/click {"id": "00000000-0000-03c0-0000-001d00000004"}</msg>
<msg timestamp="20240426 11:12:59.694" level="DEBUG">http://localhost:4723 "POST /session/97aa1892-1d81-47e3-bc52-7b10eff0b6fa/element/00000000-0000-03c0-0000-001d00000004/click HTTP/1.1" 200 14</msg>
<msg timestamp="20240426 11:12:59.694" level="DEBUG">Remote response: status=200 | data={"value":null} | headers=HTTPHeaderDict({'X-Powered-By': 'Express', 'Vary': 'X-HTTP-Method-Override', 'Content-Type': 'application/json; charset=utf-8', 'Content-Length': '14', 'ETag': 'W/"e-9/1BuKMgFObM1mWJm+YjxtXJnUM"', 'Date': 'Fri, 26 Apr 2024 05:12:59 GMT', 'Connection': 'keep-alive', 'Keep-Alive': 'timeout=600'})</msg>
<msg timestamp="20240426 11:12:59.694" level="DEBUG">Finished Request</msg>
<msg timestamp="20240426 11:12:59.694" level="INFO">xpath criteria: //android.widget.Button[@content-desc='Skip the tutorial']</msg>
<msg timestamp="20240426 11:12:59.694" level="TRACE">Return: None</msg>
<status status="PASS" starttime="20240426 11:12:58.701" endtime="20240426 11:12:59.694"/>
</kw>
<kw name="Sleep" library="BuiltIn">
<arg>2 Seconds</arg>
<doc>Pauses the test executed for the given time.</doc>
<msg timestamp="20240426 11:12:59.710" level="TRACE">Arguments: [ '2 Seconds' ]</msg>
<msg timestamp="20240426 11:13:01.715" level="INFO">Slept 2 seconds</msg>
<msg timestamp="20240426 11:13:01.715" level="TRACE">Return: None</msg>
<status status="PASS" starttime="20240426 11:12:59.694" endtime="20240426 11:13:01.715"/>
</kw>
<for flavor="IN RANGE">
<var>${counter}</var>
<value>0</value>
<value>5</value>
<value>opt.STEPS</value>
<msg timestamp="20240426 11:13:01.715" level="FAIL">Converting FOR IN RANGE values failed: NameError: name 'opt' is not defined.</msg>
<status status="FAIL" starttime="20240426 11:13:01.715" endtime="20240426 11:13:01.715"/>
</for>
<kw name="Click Element" library="AppiumLibrary">
<arg>${startsession}</arg>
<doc>Click element identified by `locator`.</doc>
<status status="NOT RUN" starttime="20240426 11:13:01.718" endtime="20240426 11:13:01.718"/>
</kw>
<status status="FAIL" starttime="20240426 11:12:32.545" endtime="20240426 11:13:01.718">Converting FOR IN RANGE values failed: NameError: name 'opt' is not defined.</status>
</test>
<status status="FAIL" starttime="20240426 11:12:32.308" endtime="20240426 11:13:01.718"/>
</suite>
<statistics>
<total>
<stat pass="0" fail="1" skip="0">All Tests</stat>
</total>
<tag>
</tag>
<suite>
<stat pass="0" fail="1" skip="0" id="s1" name="Start-Session">Start-Session</stat>
</suite>
</statistics>
<errors>
</errors>
</robot>
