<?xml version="1.0" encoding="UTF-8"?>
<robot generator="Robot 5.0.1 (Python 3.10.7 on win32)" generated="20240428 21:46:38.322" rpa="false" schemaversion="3">
<suite id="s1" name="Start-Session" source="C:\Users\newaj\PycharmProjects\Mobile-Automation-Projects-using-Robot-Framework\Contraceptive Coach (COCO) - Which Method\TestCases\Start-Session.robot">
<test id="s1-t1" name="CoCo_Skip Logic - Pattern 1" line="9">
<kw name="Open Application" library="AppiumLibrary">
<arg>http://localhost:4723</arg>
<arg>platformName=Android</arg>
<arg>platformVersion=11</arg>
<arg>deviceName=HA1HSDDT</arg>
<arg>automationName=UiAutomator2</arg>
<doc>Opens a new application to given Appium server.
Capabilities of appium server, Android and iOS,
Please check https://github.com/appium/appium/blob/master/docs/en/writing-running-appium/server-args.md
| *Option*            | *Man.* | *Description*     |
| remote_url          | Yes    | Appium server url |
| alias               | no     | alias             |
| strict_ssl          | No     | allows you to send commands to an invalid certificate host like a self-signed one. |</doc>
<msg timestamp="20240428 21:46:38.522" level="TRACE">Arguments: [ 'http://localhost:4723' | platformName='Android' | platformVersion='11' | deviceName='HA1HSDDT' | automationName='UiAutomator2' ]</msg>
<msg timestamp="20240428 21:46:38.522" level="DEBUG">POST http://localhost:4723/session {"capabilities": {"firstMatch": [{}], "alwaysMatch": {"platformName": "Android", "appium:platformVersion": "11", "appium:deviceName": "HA1HSDDT", "appium:automationName": "UiAutomator2"}}}</msg>
<msg timestamp="20240428 21:46:38.531" level="DEBUG">Starting new HTTP connection (1): localhost:4723</msg>
<msg timestamp="20240428 21:46:45.716" level="DEBUG">http://localhost:4723 "POST /session HTTP/1.1" 200 752</msg>
<msg timestamp="20240428 21:46:45.716" level="DEBUG">Remote response: status=200 | data={"value":{"capabilities":{"platformName":"Android","platformVersion":"11","deviceName":"HA1HSDDT","automationName":"UiAutomator2","platform":"LINUX","webStorageEnabled":false,"takesScreenshot":true,"javascriptEnabled":true,"databaseEnabled":false,"networkConnectionEnabled":true,"locationContextEnabled":false,"warnings":{},"desired":{"platformName":"Android","platformVersion":"11","deviceName":"HA1HSDDT","automationName":"UiAutomator2"},"deviceUDID":"HA1HSDDT","pixelRatio":"1","statBarHeight":24,"viewportRect":{"left":0,"top":24,"width":600,"height":1000},"deviceApiLevel":30,"deviceManufacturer":"LENOVO","deviceModel":"Lenovo TB-7306F","deviceScreenSize":"600x1024","deviceScreenDensity":160},"sessionId":"9dc360a8-76cd-47d1-acc3-4b958f90dc93"}} | headers=HTTPHeaderDict({'X-Powered-By': 'Express', 'Vary': 'X-HTTP-Method-Override', 'Content-Type': 'application/json; charset=utf-8', 'Content-Length': '752', 'ETag': 'W/"2f0-fwDBvdl6aBAh+9qqu85aaU6OmeE"', 'Date': 'Sun, 28 Apr 2024 15:46:45 GMT', 'Connection': 'keep-alive', 'Keep-Alive': 'timeout=600'})</msg>
<msg timestamp="20240428 21:46:45.716" level="DEBUG">Finished Request</msg>
<msg timestamp="20240428 21:46:45.716" level="DEBUG">Opened application with session id 9dc360a8-76cd-47d1-acc3-4b958f90dc93</msg>
<msg timestamp="20240428 21:46:45.716" level="TRACE">Return: 1</msg>
<status status="PASS" starttime="20240428 21:46:38.522" endtime="20240428 21:46:45.716"/>
</kw>
<kw name="Click Element" library="AppiumLibrary">
<arg>${btn_app}</arg>
<doc>Click element identified by `locator`.</doc>
<msg timestamp="20240428 21:46:45.716" level="TRACE">Arguments: [ "//android.widget.TextView[@content-desc='COCO']" ]</msg>
<msg timestamp="20240428 21:46:45.716" level="INFO">Clicking element '//android.widget.TextView[@content-desc='COCO']'.</msg>
<msg timestamp="20240428 21:46:45.716" level="DEBUG">POST http://localhost:4723/session/9dc360a8-76cd-47d1-acc3-4b958f90dc93/elements {"using": "xpath", "value": "//android.widget.TextView[@content-desc='COCO']"}</msg>
<msg timestamp="20240428 21:46:46.762" level="DEBUG">http://localhost:4723 "POST /session/9dc360a8-76cd-47d1-acc3-4b958f90dc93/elements HTTP/1.1" 200 139</msg>
<msg timestamp="20240428 21:46:46.762" level="DEBUG">Remote response: status=200 | data={"value":[{"element-6066-11e4-a52e-4f735466cecf":"00000000-0000-0522-ffff-ffff00000f5e","ELEMENT":"00000000-0000-0522-ffff-ffff00000f5e"}]} | headers=HTTPHeaderDict({'X-Powered-By': 'Express', 'Vary': 'X-HTTP-Method-Override', 'Content-Type': 'application/json; charset=utf-8', 'Content-Length': '139', 'ETag': 'W/"8b-P4gCiqGrrA06mIh0EDSdHOevtIE"', 'Date': 'Sun, 28 Apr 2024 15:46:46 GMT', 'Connection': 'keep-alive', 'Keep-Alive': 'timeout=600'})</msg>
<msg timestamp="20240428 21:46:46.762" level="DEBUG">Finished Request</msg>
<msg timestamp="20240428 21:46:46.762" level="DEBUG">POST http://localhost:4723/session/9dc360a8-76cd-47d1-acc3-4b958f90dc93/element/00000000-0000-0522-ffff-ffff00000f5e/click {"id": "00000000-0000-0522-ffff-ffff00000f5e"}</msg>
<msg timestamp="20240428 21:46:46.827" level="DEBUG">http://localhost:4723 "POST /session/9dc360a8-76cd-47d1-acc3-4b958f90dc93/element/00000000-0000-0522-ffff-ffff00000f5e/click HTTP/1.1" 200 14</msg>
<msg timestamp="20240428 21:46:46.827" level="DEBUG">Remote response: status=200 | data={"value":null} | headers=HTTPHeaderDict({'X-Powered-By': 'Express', 'Vary': 'X-HTTP-Method-Override', 'Content-Type': 'application/json; charset=utf-8', 'Content-Length': '14', 'ETag': 'W/"e-9/1BuKMgFObM1mWJm+YjxtXJnUM"', 'Date': 'Sun, 28 Apr 2024 15:46:46 GMT', 'Connection': 'keep-alive', 'Keep-Alive': 'timeout=600'})</msg>
<msg timestamp="20240428 21:46:46.827" level="DEBUG">Finished Request</msg>
<msg timestamp="20240428 21:46:46.827" level="INFO">xpath criteria: //android.widget.TextView[@content-desc='COCO']</msg>
<msg timestamp="20240428 21:46:46.827" level="TRACE">Return: None</msg>
<status status="PASS" starttime="20240428 21:46:45.716" endtime="20240428 21:46:46.827"/>
</kw>
<kw name="Sleep" library="BuiltIn">
<arg>5 seconds</arg>
<doc>Pauses the test executed for the given time.</doc>
<msg timestamp="20240428 21:46:46.827" level="TRACE">Arguments: [ '5 seconds' ]</msg>
<msg timestamp="20240428 21:46:51.833" level="INFO">Slept 5 seconds</msg>
<msg timestamp="20240428 21:46:51.833" level="TRACE">Return: None</msg>
<status status="PASS" starttime="20240428 21:46:46.827" endtime="20240428 21:46:51.833"/>
</kw>
<kw name="Start Session" library="CoCo_keywords">
<msg timestamp="20240428 21:46:51.834" level="TRACE">Arguments: [  ]</msg>
<kw name="Wait Until Page Contains Element" library="AppiumLibrary">
<arg>${session}</arg>
<doc>Waits until element specified with `locator` appears on current page.</doc>
<msg timestamp="20240428 21:46:51.834" level="TRACE">Arguments: [ "//android.widget.ImageView[@content-desc='Session']" ]</msg>
<msg timestamp="20240428 21:46:51.834" level="DEBUG">POST http://localhost:4723/session/9dc360a8-76cd-47d1-acc3-4b958f90dc93/elements {"using": "xpath", "value": "//android.widget.ImageView[@content-desc='Session']"}</msg>
<msg timestamp="20240428 21:46:51.957" level="DEBUG">http://localhost:4723 "POST /session/9dc360a8-76cd-47d1-acc3-4b958f90dc93/elements HTTP/1.1" 200 12</msg>
<msg timestamp="20240428 21:46:51.958" level="DEBUG">Remote response: status=200 | data={"value":[]} | headers=HTTPHeaderDict({'X-Powered-By': 'Express', 'Vary': 'X-HTTP-Method-Override', 'Content-Type': 'application/json; charset=utf-8', 'Content-Length': '12', 'ETag': 'W/"c-ct3goOI+b+kRZv2R9j2fTtMXwkk"', 'Date': 'Sun, 28 Apr 2024 15:46:51 GMT', 'Connection': 'keep-alive', 'Keep-Alive': 'timeout=600'})</msg>
<msg timestamp="20240428 21:46:51.958" level="DEBUG">Finished Request</msg>
<msg timestamp="20240428 21:46:52.165" level="DEBUG">POST http://localhost:4723/session/9dc360a8-76cd-47d1-acc3-4b958f90dc93/elements {"using": "xpath", "value": "//android.widget.ImageView[@content-desc='Session']"}</msg>
<msg timestamp="20240428 21:46:53.525" level="DEBUG">http://localhost:4723 "POST /session/9dc360a8-76cd-47d1-acc3-4b958f90dc93/elements HTTP/1.1" 200 139</msg>
<msg timestamp="20240428 21:46:53.526" level="DEBUG">Remote response: status=200 | data={"value":[{"element-6066-11e4-a52e-4f735466cecf":"00000000-0000-052a-0000-000a00000004","ELEMENT":"00000000-0000-052a-0000-000a00000004"}]} | headers=HTTPHeaderDict({'X-Powered-By': 'Express', 'Vary': 'X-HTTP-Method-Override', 'Content-Type': 'application/json; charset=utf-8', 'Content-Length': '139', 'ETag': 'W/"8b-BG8sXs7BvOAa3aMMzWl7iRbNQDk"', 'Date': 'Sun, 28 Apr 2024 15:46:53 GMT', 'Connection': 'keep-alive', 'Keep-Alive': 'timeout=600'})</msg>
<msg timestamp="20240428 21:46:53.526" level="DEBUG">Finished Request</msg>
<msg timestamp="20240428 21:46:53.526" level="INFO">xpath criteria: //android.widget.ImageView[@content-desc='Session']
xpath criteria: //android.widget.ImageView[@content-desc='Session']</msg>
<msg timestamp="20240428 21:46:53.526" level="TRACE">Return: None</msg>
<status status="PASS" starttime="20240428 21:46:51.834" endtime="20240428 21:46:53.526"/>
</kw>
<kw name="Click Element" library="AppiumLibrary">
<arg>${session}</arg>
<doc>Click element identified by `locator`.</doc>
<msg timestamp="20240428 21:46:53.526" level="TRACE">Arguments: [ "//android.widget.ImageView[@content-desc='Session']" ]</msg>
<msg timestamp="20240428 21:46:53.528" level="INFO">Clicking element '//android.widget.ImageView[@content-desc='Session']'.</msg>
<msg timestamp="20240428 21:46:53.528" level="DEBUG">POST http://localhost:4723/session/9dc360a8-76cd-47d1-acc3-4b958f90dc93/elements {"using": "xpath", "value": "//android.widget.ImageView[@content-desc='Session']"}</msg>
<msg timestamp="20240428 21:46:53.661" level="DEBUG">http://localhost:4723 "POST /session/9dc360a8-76cd-47d1-acc3-4b958f90dc93/elements HTTP/1.1" 200 139</msg>
<msg timestamp="20240428 21:46:53.661" level="DEBUG">Remote response: status=200 | data={"value":[{"element-6066-11e4-a52e-4f735466cecf":"00000000-0000-052a-0000-000a00000004","ELEMENT":"00000000-0000-052a-0000-000a00000004"}]} | headers=HTTPHeaderDict({'X-Powered-By': 'Express', 'Vary': 'X-HTTP-Method-Override', 'Content-Type': 'application/json; charset=utf-8', 'Content-Length': '139', 'ETag': 'W/"8b-BG8sXs7BvOAa3aMMzWl7iRbNQDk"', 'Date': 'Sun, 28 Apr 2024 15:46:53 GMT', 'Connection': 'keep-alive', 'Keep-Alive': 'timeout=600'})</msg>
<msg timestamp="20240428 21:46:53.661" level="DEBUG">Finished Request</msg>
<msg timestamp="20240428 21:46:53.661" level="DEBUG">POST http://localhost:4723/session/9dc360a8-76cd-47d1-acc3-4b958f90dc93/element/00000000-0000-052a-0000-000a00000004/click {"id": "00000000-0000-052a-0000-000a00000004"}</msg>
<msg timestamp="20240428 21:46:59.245" level="DEBUG">http://localhost:4723 "POST /session/9dc360a8-76cd-47d1-acc3-4b958f90dc93/element/00000000-0000-052a-0000-000a00000004/click HTTP/1.1" 200 14</msg>
<msg timestamp="20240428 21:46:59.245" level="DEBUG">Remote response: status=200 | data={"value":null} | headers=HTTPHeaderDict({'X-Powered-By': 'Express', 'Vary': 'X-HTTP-Method-Override', 'Content-Type': 'application/json; charset=utf-8', 'Content-Length': '14', 'ETag': 'W/"e-9/1BuKMgFObM1mWJm+YjxtXJnUM"', 'Date': 'Sun, 28 Apr 2024 15:46:59 GMT', 'Connection': 'keep-alive', 'Keep-Alive': 'timeout=600'})</msg>
<msg timestamp="20240428 21:46:59.245" level="DEBUG">Finished Request</msg>
<msg timestamp="20240428 21:46:59.245" level="INFO">xpath criteria: //android.widget.ImageView[@content-desc='Session']</msg>
<msg timestamp="20240428 21:46:59.245" level="TRACE">Return: None</msg>
<status status="PASS" starttime="20240428 21:46:53.526" endtime="20240428 21:46:59.245"/>
</kw>
<kw name="Sleep" library="BuiltIn">
<arg>3 seconds</arg>
<doc>Pauses the test executed for the given time.</doc>
<msg timestamp="20240428 21:46:59.246" level="TRACE">Arguments: [ '3 seconds' ]</msg>
<msg timestamp="20240428 21:47:02.247" level="INFO">Slept 3 seconds</msg>
<msg timestamp="20240428 21:47:02.247" level="TRACE">Return: None</msg>
<status status="PASS" starttime="20240428 21:46:59.246" endtime="20240428 21:47:02.247"/>
</kw>
<kw name="Click Element" library="AppiumLibrary">
<arg>${btn_skip}</arg>
<doc>Click element identified by `locator`.</doc>
<msg timestamp="20240428 21:47:02.248" level="TRACE">Arguments: [ "//android.widget.Button[@content-desc='Skip the tutorial']" ]</msg>
<msg timestamp="20240428 21:47:02.249" level="INFO">Clicking element '//android.widget.Button[@content-desc='Skip the tutorial']'.</msg>
<msg timestamp="20240428 21:47:02.249" level="DEBUG">POST http://localhost:4723/session/9dc360a8-76cd-47d1-acc3-4b958f90dc93/elements {"using": "xpath", "value": "//android.widget.Button[@content-desc='Skip the tutorial']"}</msg>
<msg timestamp="20240428 21:47:02.390" level="DEBUG">http://localhost:4723 "POST /session/9dc360a8-76cd-47d1-acc3-4b958f90dc93/elements HTTP/1.1" 200 139</msg>
<msg timestamp="20240428 21:47:02.390" level="DEBUG">Remote response: status=200 | data={"value":[{"element-6066-11e4-a52e-4f735466cecf":"00000000-0000-052a-0000-001d00000004","ELEMENT":"00000000-0000-052a-0000-001d00000004"}]} | headers=HTTPHeaderDict({'X-Powered-By': 'Express', 'Vary': 'X-HTTP-Method-Override', 'Content-Type': 'application/json; charset=utf-8', 'Content-Length': '139', 'ETag': 'W/"8b-6l9gbEq9OiHsRCDZmd02dH4m4ws"', 'Date': 'Sun, 28 Apr 2024 15:47:02 GMT', 'Connection': 'keep-alive', 'Keep-Alive': 'timeout=600'})</msg>
<msg timestamp="20240428 21:47:02.391" level="DEBUG">Finished Request</msg>
<msg timestamp="20240428 21:47:02.391" level="DEBUG">POST http://localhost:4723/session/9dc360a8-76cd-47d1-acc3-4b958f90dc93/element/00000000-0000-052a-0000-001d00000004/click {"id": "00000000-0000-052a-0000-001d00000004"}</msg>
<msg timestamp="20240428 21:47:03.265" level="DEBUG">http://localhost:4723 "POST /session/9dc360a8-76cd-47d1-acc3-4b958f90dc93/element/00000000-0000-052a-0000-001d00000004/click HTTP/1.1" 200 14</msg>
<msg timestamp="20240428 21:47:03.265" level="DEBUG">Remote response: status=200 | data={"value":null} | headers=HTTPHeaderDict({'X-Powered-By': 'Express', 'Vary': 'X-HTTP-Method-Override', 'Content-Type': 'application/json; charset=utf-8', 'Content-Length': '14', 'ETag': 'W/"e-9/1BuKMgFObM1mWJm+YjxtXJnUM"', 'Date': 'Sun, 28 Apr 2024 15:47:03 GMT', 'Connection': 'keep-alive', 'Keep-Alive': 'timeout=600'})</msg>
<msg timestamp="20240428 21:47:03.265" level="DEBUG">Finished Request</msg>
<msg timestamp="20240428 21:47:03.266" level="INFO">xpath criteria: //android.widget.Button[@content-desc='Skip the tutorial']</msg>
<msg timestamp="20240428 21:47:03.266" level="TRACE">Return: None</msg>
<status status="PASS" starttime="20240428 21:47:02.248" endtime="20240428 21:47:03.266"/>
</kw>
<kw name="Sleep" library="BuiltIn">
<arg>2 Seconds</arg>
<doc>Pauses the test executed for the given time.</doc>
<msg timestamp="20240428 21:47:03.266" level="TRACE">Arguments: [ '2 Seconds' ]</msg>
<msg timestamp="20240428 21:47:05.273" level="INFO">Slept 2 seconds</msg>
<msg timestamp="20240428 21:47:05.273" level="TRACE">Return: None</msg>
<status status="PASS" starttime="20240428 21:47:03.266" endtime="20240428 21:47:05.273"/>
</kw>
<kw name="Swipe By Percent" library="AppiumLibrary">
<arg>50</arg>
<arg>70</arg>
<arg>50</arg>
<arg>0</arg>
<doc>Swipe from one percent of the screen to another percent, for an optional duration.
Normal swipe fails to scale for different screen resolutions, this can be avoided using percent.</doc>
<msg timestamp="20240428 21:47:05.273" level="TRACE">Arguments: [ '50' | '70' | '50' | '0' ]</msg>
<msg timestamp="20240428 21:47:05.273" level="DEBUG">GET http://localhost:4723/session/9dc360a8-76cd-47d1-acc3-4b958f90dc93/window/rect {}</msg>
<msg timestamp="20240428 21:47:05.302" level="DEBUG">http://localhost:4723 "GET /session/9dc360a8-76cd-47d1-acc3-4b958f90dc93/window/rect HTTP/1.1" 200 49</msg>
<msg timestamp="20240428 21:47:05.302" level="DEBUG">Remote response: status=200 | data={"value":{"width":1024,"height":600,"x":0,"y":0}} | headers=HTTPHeaderDict({'X-Powered-By': 'Express', 'Content-Type': 'application/json; charset=utf-8', 'Content-Length': '49', 'ETag': 'W/"31-EBSmie5/1Cr24ZUubENun57+4uI"', 'Date': 'Sun, 28 Apr 2024 15:47:05 GMT', 'Connection': 'keep-alive', 'Keep-Alive': 'timeout=600'})</msg>
<msg timestamp="20240428 21:47:05.302" level="DEBUG">Finished Request</msg>
<msg timestamp="20240428 21:47:05.303" level="DEBUG">GET http://localhost:4723/session/9dc360a8-76cd-47d1-acc3-4b958f90dc93/window/rect {}</msg>
<msg timestamp="20240428 21:47:05.326" level="DEBUG">http://localhost:4723 "GET /session/9dc360a8-76cd-47d1-acc3-4b958f90dc93/window/rect HTTP/1.1" 200 49</msg>
<msg timestamp="20240428 21:47:05.326" level="DEBUG">Remote response: status=200 | data={"value":{"width":1024,"height":600,"x":0,"y":0}} | headers=HTTPHeaderDict({'X-Powered-By': 'Express', 'Content-Type': 'application/json; charset=utf-8', 'Content-Length': '49', 'ETag': 'W/"31-EBSmie5/1Cr24ZUubENun57+4uI"', 'Date': 'Sun, 28 Apr 2024 15:47:05 GMT', 'Connection': 'keep-alive', 'Keep-Alive': 'timeout=600'})</msg>
<msg timestamp="20240428 21:47:05.326" level="DEBUG">Finished Request</msg>
<msg timestamp="20240428 21:47:05.326" level="DEBUG">POST http://localhost:4723/session/9dc360a8-76cd-47d1-acc3-4b958f90dc93/actions {"actions": [{"type": "pointer", "parameters": {"pointerType": "touch"}, "id": "touch", "actions": [{"type": "pointerMove", "duration": 250, "x": 512, "y": 420, "origin": "viewport"}, {"type": "pointerDown", "duration": 0, "button": 0}, {"type": "pointerMove", "duration": 1000, "x": 512, "y": 0, "origin": "viewport"}, {"type": "pointerUp", "duration": 0, "button": 0}]}]}</msg>
<msg timestamp="20240428 21:47:06.680" level="DEBUG">http://localhost:4723 "POST /session/9dc360a8-76cd-47d1-acc3-4b958f90dc93/actions HTTP/1.1" 200 14</msg>
<msg timestamp="20240428 21:47:06.680" level="DEBUG">Remote response: status=200 | data={"value":null} | headers=HTTPHeaderDict({'X-Powered-By': 'Express', 'Vary': 'X-HTTP-Method-Override', 'Content-Type': 'application/json; charset=utf-8', 'Content-Length': '14', 'ETag': 'W/"e-9/1BuKMgFObM1mWJm+YjxtXJnUM"', 'Date': 'Sun, 28 Apr 2024 15:47:06 GMT', 'Connection': 'keep-alive', 'Keep-Alive': 'timeout=600'})</msg>
<msg timestamp="20240428 21:47:06.680" level="DEBUG">Finished Request</msg>
<msg timestamp="20240428 21:47:06.680" level="TRACE">Return: None</msg>
<status status="PASS" starttime="20240428 21:47:05.273" endtime="20240428 21:47:06.680"/>
</kw>
<kw name="Sleep" library="BuiltIn">
<arg>2 Seconds</arg>
<doc>Pauses the test executed for the given time.</doc>
<msg timestamp="20240428 21:47:06.680" level="TRACE">Arguments: [ '2 Seconds' ]</msg>
<msg timestamp="20240428 21:47:08.682" level="INFO">Slept 2 seconds</msg>
<msg timestamp="20240428 21:47:08.682" level="TRACE">Return: None</msg>
<status status="PASS" starttime="20240428 21:47:06.680" endtime="20240428 21:47:08.682"/>
</kw>
<kw name="Click Element" library="AppiumLibrary">
<arg>${startsession}</arg>
<doc>Click element identified by `locator`.</doc>
<msg timestamp="20240428 21:47:08.682" level="TRACE">Arguments: [ "//android.widget.Button[@content-desc='Start session']" ]</msg>
<msg timestamp="20240428 21:47:08.682" level="INFO">Clicking element '//android.widget.Button[@content-desc='Start session']'.</msg>
<msg timestamp="20240428 21:47:08.682" level="DEBUG">POST http://localhost:4723/session/9dc360a8-76cd-47d1-acc3-4b958f90dc93/elements {"using": "xpath", "value": "//android.widget.Button[@content-desc='Start session']"}</msg>
<msg timestamp="20240428 21:47:08.820" level="DEBUG">http://localhost:4723 "POST /session/9dc360a8-76cd-47d1-acc3-4b958f90dc93/elements HTTP/1.1" 200 139</msg>
<msg timestamp="20240428 21:47:08.820" level="DEBUG">Remote response: status=200 | data={"value":[{"element-6066-11e4-a52e-4f735466cecf":"00000000-0000-052a-0000-002800000004","ELEMENT":"00000000-0000-052a-0000-002800000004"}]} | headers=HTTPHeaderDict({'X-Powered-By': 'Express', 'Vary': 'X-HTTP-Method-Override', 'Content-Type': 'application/json; charset=utf-8', 'Content-Length': '139', 'ETag': 'W/"8b-SpBBACEvNH8KRJhEY7A2O54Oytg"', 'Date': 'Sun, 28 Apr 2024 15:47:08 GMT', 'Connection': 'keep-alive', 'Keep-Alive': 'timeout=600'})</msg>
<msg timestamp="20240428 21:47:08.820" level="DEBUG">Finished Request</msg>
<msg timestamp="20240428 21:47:08.820" level="DEBUG">POST http://localhost:4723/session/9dc360a8-76cd-47d1-acc3-4b958f90dc93/element/00000000-0000-052a-0000-002800000004/click {"id": "00000000-0000-052a-0000-002800000004"}</msg>
<msg timestamp="20240428 21:47:08.885" level="DEBUG">http://localhost:4723 "POST /session/9dc360a8-76cd-47d1-acc3-4b958f90dc93/element/00000000-0000-052a-0000-002800000004/click HTTP/1.1" 200 14</msg>
<msg timestamp="20240428 21:47:08.885" level="DEBUG">Remote response: status=200 | data={"value":null} | headers=HTTPHeaderDict({'X-Powered-By': 'Express', 'Vary': 'X-HTTP-Method-Override', 'Content-Type': 'application/json; charset=utf-8', 'Content-Length': '14', 'ETag': 'W/"e-9/1BuKMgFObM1mWJm+YjxtXJnUM"', 'Date': 'Sun, 28 Apr 2024 15:47:08 GMT', 'Connection': 'keep-alive', 'Keep-Alive': 'timeout=600'})</msg>
<msg timestamp="20240428 21:47:08.886" level="DEBUG">Finished Request</msg>
<msg timestamp="20240428 21:47:08.886" level="INFO">xpath criteria: //android.widget.Button[@content-desc='Start session']</msg>
<msg timestamp="20240428 21:47:08.886" level="TRACE">Return: None</msg>
<status status="PASS" starttime="20240428 21:47:08.682" endtime="20240428 21:47:08.886"/>
</kw>
<kw name="Sleep" library="BuiltIn">
<arg>2 Seconds</arg>
<doc>Pauses the test executed for the given time.</doc>
<msg timestamp="20240428 21:47:08.886" level="TRACE">Arguments: [ '2 Seconds' ]</msg>
<msg timestamp="20240428 21:47:10.901" level="INFO">Slept 2 seconds</msg>
<msg timestamp="20240428 21:47:10.901" level="TRACE">Return: None</msg>
<status status="PASS" starttime="20240428 21:47:08.886" endtime="20240428 21:47:10.901"/>
</kw>
<kw name="Click Element" library="AppiumLibrary">
<arg>${birthyear}</arg>
<doc>Click element identified by `locator`.</doc>
<msg timestamp="20240428 21:47:10.901" level="TRACE">Arguments: [ "//android.widget.EditText[@text='YYYY']" ]</msg>
<msg timestamp="20240428 21:47:10.902" level="INFO">Clicking element '//android.widget.EditText[@text='YYYY']'.</msg>
<msg timestamp="20240428 21:47:10.902" level="DEBUG">POST http://localhost:4723/session/9dc360a8-76cd-47d1-acc3-4b958f90dc93/elements {"using": "xpath", "value": "//android.widget.EditText[@text='YYYY']"}</msg>
<msg timestamp="20240428 21:47:11.022" level="DEBUG">http://localhost:4723 "POST /session/9dc360a8-76cd-47d1-acc3-4b958f90dc93/elements HTTP/1.1" 200 139</msg>
<msg timestamp="20240428 21:47:11.022" level="DEBUG">Remote response: status=200 | data={"value":[{"element-6066-11e4-a52e-4f735466cecf":"00000000-0000-052a-0000-002e00000004","ELEMENT":"00000000-0000-052a-0000-002e00000004"}]} | headers=HTTPHeaderDict({'X-Powered-By': 'Express', 'Vary': 'X-HTTP-Method-Override', 'Content-Type': 'application/json; charset=utf-8', 'Content-Length': '139', 'ETag': 'W/"8b-r204yjOuPVkoyozhAn+aQ6zDTrQ"', 'Date': 'Sun, 28 Apr 2024 15:47:11 GMT', 'Connection': 'keep-alive', 'Keep-Alive': 'timeout=600'})</msg>
<msg timestamp="20240428 21:47:11.022" level="DEBUG">Finished Request</msg>
<msg timestamp="20240428 21:47:11.030" level="DEBUG">POST http://localhost:4723/session/9dc360a8-76cd-47d1-acc3-4b958f90dc93/element/00000000-0000-052a-0000-002e00000004/click {"id": "00000000-0000-052a-0000-002e00000004"}</msg>
<msg timestamp="20240428 21:47:11.120" level="DEBUG">http://localhost:4723 "POST /session/9dc360a8-76cd-47d1-acc3-4b958f90dc93/element/00000000-0000-052a-0000-002e00000004/click HTTP/1.1" 200 14</msg>
<msg timestamp="20240428 21:47:11.120" level="DEBUG">Remote response: status=200 | data={"value":null} | headers=HTTPHeaderDict({'X-Powered-By': 'Express', 'Vary': 'X-HTTP-Method-Override', 'Content-Type': 'application/json; charset=utf-8', 'Content-Length': '14', 'ETag': 'W/"e-9/1BuKMgFObM1mWJm+YjxtXJnUM"', 'Date': 'Sun, 28 Apr 2024 15:47:11 GMT', 'Connection': 'keep-alive', 'Keep-Alive': 'timeout=600'})</msg>
<msg timestamp="20240428 21:47:11.120" level="DEBUG">Finished Request</msg>
<msg timestamp="20240428 21:47:11.120" level="INFO">xpath criteria: //android.widget.EditText[@text='YYYY']</msg>
<msg timestamp="20240428 21:47:11.120" level="TRACE">Return: None</msg>
<status status="PASS" starttime="20240428 21:47:10.901" endtime="20240428 21:47:11.120"/>
</kw>
<kw name="Enter Birthyear" library="CoCo_keywords">
<msg timestamp="20240428 21:47:11.120" level="TRACE">Arguments: [  ]</msg>
<kw name="Input Text" library="AppiumLibrary">
<arg>${birthyear}</arg>
<arg>1995</arg>
<doc>Types the given `text` into text field identified by `locator`.</doc>
<msg timestamp="20240428 21:47:11.120" level="TRACE">Arguments: [ "//android.widget.EditText[@text='YYYY']" | '1995' ]</msg>
<msg timestamp="20240428 21:47:11.120" level="INFO">Typing text '1995' into text field '//android.widget.EditText[@text='YYYY']'</msg>
<msg timestamp="20240428 21:47:11.120" level="DEBUG">POST http://localhost:4723/session/9dc360a8-76cd-47d1-acc3-4b958f90dc93/elements {"using": "xpath", "value": "//android.widget.EditText[@text='YYYY']"}</msg>
<msg timestamp="20240428 21:47:12.320" level="DEBUG">http://localhost:4723 "POST /session/9dc360a8-76cd-47d1-acc3-4b958f90dc93/elements HTTP/1.1" 200 139</msg>
<msg timestamp="20240428 21:47:12.321" level="DEBUG">Remote response: status=200 | data={"value":[{"element-6066-11e4-a52e-4f735466cecf":"00000000-0000-052a-0000-002e00000004","ELEMENT":"00000000-0000-052a-0000-002e00000004"}]} | headers=HTTPHeaderDict({'X-Powered-By': 'Express', 'Vary': 'X-HTTP-Method-Override', 'Content-Type': 'application/json; charset=utf-8', 'Content-Length': '139', 'ETag': 'W/"8b-r204yjOuPVkoyozhAn+aQ6zDTrQ"', 'Date': 'Sun, 28 Apr 2024 15:47:12 GMT', 'Connection': 'keep-alive', 'Keep-Alive': 'timeout=600'})</msg>
<msg timestamp="20240428 21:47:12.321" level="DEBUG">Finished Request</msg>
<msg timestamp="20240428 21:47:12.321" level="DEBUG">POST http://localhost:4723/session/9dc360a8-76cd-47d1-acc3-4b958f90dc93/element/00000000-0000-052a-0000-002e00000004/value {"text": "1995", "value": ["1", "9", "9", "5"], "id": "00000000-0000-052a-0000-002e00000004"}</msg>
<msg timestamp="20240428 21:47:12.384" level="DEBUG">http://localhost:4723 "POST /session/9dc360a8-76cd-47d1-acc3-4b958f90dc93/element/00000000-0000-052a-0000-002e00000004/value HTTP/1.1" 200 14</msg>
<msg timestamp="20240428 21:47:12.384" level="DEBUG">Remote response: status=200 | data={"value":null} | headers=HTTPHeaderDict({'X-Powered-By': 'Express', 'Vary': 'X-HTTP-Method-Override', 'Content-Type': 'application/json; charset=utf-8', 'Content-Length': '14', 'ETag': 'W/"e-9/1BuKMgFObM1mWJm+YjxtXJnUM"', 'Date': 'Sun, 28 Apr 2024 15:47:12 GMT', 'Connection': 'keep-alive', 'Keep-Alive': 'timeout=600'})</msg>
<msg timestamp="20240428 21:47:12.384" level="DEBUG">Finished Request</msg>
<msg timestamp="20240428 21:47:12.384" level="INFO">xpath criteria: //android.widget.EditText[@text='YYYY']</msg>
<msg timestamp="20240428 21:47:12.384" level="TRACE">Return: None</msg>
<status status="PASS" starttime="20240428 21:47:11.120" endtime="20240428 21:47:12.384"/>
</kw>
<msg timestamp="20240428 21:47:12.385" level="TRACE">Return: None</msg>
<status status="PASS" starttime="20240428 21:47:11.120" endtime="20240428 21:47:12.385"/>
</kw>
<kw name="Go Back" library="AppiumLibrary">
<doc>Goes one step backward in the browser history.</doc>
<msg timestamp="20240428 21:47:12.385" level="TRACE">Arguments: [  ]</msg>
<msg timestamp="20240428 21:47:12.385" level="DEBUG">POST http://localhost:4723/session/9dc360a8-76cd-47d1-acc3-4b958f90dc93/back {}</msg>
<msg timestamp="20240428 21:47:12.509" level="DEBUG">http://localhost:4723 "POST /session/9dc360a8-76cd-47d1-acc3-4b958f90dc93/back HTTP/1.1" 200 65</msg>
<msg timestamp="20240428 21:47:12.509" level="DEBUG">Remote response: status=200 | data={"sessionId":"9dc360a8-76cd-47d1-acc3-4b958f90dc93","value":null} | headers=HTTPHeaderDict({'X-Powered-By': 'Express', 'Vary': 'X-HTTP-Method-Override', 'Content-Type': 'application/json; charset=utf-8', 'Content-Length': '65', 'ETag': 'W/"41-gtVzOryHEJNm9TIUppF10lVE+7U"', 'Date': 'Sun, 28 Apr 2024 15:47:12 GMT', 'Connection': 'keep-alive', 'Keep-Alive': 'timeout=600'})</msg>
<msg timestamp="20240428 21:47:12.509" level="DEBUG">Finished Request</msg>
<msg timestamp="20240428 21:47:12.509" level="TRACE">Return: None</msg>
<status status="PASS" starttime="20240428 21:47:12.385" endtime="20240428 21:47:12.509"/>
</kw>
<kw name="Sleep" library="BuiltIn">
<arg>2 Seconds</arg>
<doc>Pauses the test executed for the given time.</doc>
<msg timestamp="20240428 21:47:12.509" level="TRACE">Arguments: [ '2 Seconds' ]</msg>
<msg timestamp="20240428 21:47:14.516" level="INFO">Slept 2 seconds</msg>
<msg timestamp="20240428 21:47:14.516" level="TRACE">Return: None</msg>
<status status="PASS" starttime="20240428 21:47:12.509" endtime="20240428 21:47:14.516"/>
</kw>
<kw name="Click Element" library="AppiumLibrary">
<arg>${choose}</arg>
<doc>Click element identified by `locator`.</doc>
<msg timestamp="20240428 21:47:14.516" level="TRACE">Arguments: [ "//android.widget.Button[@content-desc='Choose']" ]</msg>
<msg timestamp="20240428 21:47:14.516" level="INFO">Clicking element '//android.widget.Button[@content-desc='Choose']'.</msg>
<msg timestamp="20240428 21:47:14.516" level="DEBUG">POST http://localhost:4723/session/9dc360a8-76cd-47d1-acc3-4b958f90dc93/elements {"using": "xpath", "value": "//android.widget.Button[@content-desc='Choose']"}</msg>
<msg timestamp="20240428 21:47:14.647" level="DEBUG">http://localhost:4723 "POST /session/9dc360a8-76cd-47d1-acc3-4b958f90dc93/elements HTTP/1.1" 200 139</msg>
<msg timestamp="20240428 21:47:14.647" level="DEBUG">Remote response: status=200 | data={"value":[{"element-6066-11e4-a52e-4f735466cecf":"00000000-0000-052a-0000-003200000004","ELEMENT":"00000000-0000-052a-0000-003200000004"}]} | headers=HTTPHeaderDict({'X-Powered-By': 'Express', 'Vary': 'X-HTTP-Method-Override', 'Content-Type': 'application/json; charset=utf-8', 'Content-Length': '139', 'ETag': 'W/"8b-GBDDp1ksGT5hJyLpX9LggWNf6fA"', 'Date': 'Sun, 28 Apr 2024 15:47:14 GMT', 'Connection': 'keep-alive', 'Keep-Alive': 'timeout=600'})</msg>
<msg timestamp="20240428 21:47:14.647" level="DEBUG">Finished Request</msg>
<msg timestamp="20240428 21:47:14.647" level="DEBUG">POST http://localhost:4723/session/9dc360a8-76cd-47d1-acc3-4b958f90dc93/element/00000000-0000-052a-0000-003200000004/click {"id": "00000000-0000-052a-0000-003200000004"}</msg>
<msg timestamp="20240428 21:47:14.727" level="DEBUG">http://localhost:4723 "POST /session/9dc360a8-76cd-47d1-acc3-4b958f90dc93/element/00000000-0000-052a-0000-003200000004/click HTTP/1.1" 200 14</msg>
<msg timestamp="20240428 21:47:14.727" level="DEBUG">Remote response: status=200 | data={"value":null} | headers=HTTPHeaderDict({'X-Powered-By': 'Express', 'Vary': 'X-HTTP-Method-Override', 'Content-Type': 'application/json; charset=utf-8', 'Content-Length': '14', 'ETag': 'W/"e-9/1BuKMgFObM1mWJm+YjxtXJnUM"', 'Date': 'Sun, 28 Apr 2024 15:47:14 GMT', 'Connection': 'keep-alive', 'Keep-Alive': 'timeout=600'})</msg>
<msg timestamp="20240428 21:47:14.727" level="DEBUG">Finished Request</msg>
<msg timestamp="20240428 21:47:14.727" level="INFO">xpath criteria: //android.widget.Button[@content-desc='Choose']</msg>
<msg timestamp="20240428 21:47:14.727" level="TRACE">Return: None</msg>
<status status="PASS" starttime="20240428 21:47:14.516" endtime="20240428 21:47:14.727"/>
</kw>
<kw name="Sleep" library="BuiltIn">
<arg>2 Seconds</arg>
<doc>Pauses the test executed for the given time.</doc>
<msg timestamp="20240428 21:47:14.727" level="TRACE">Arguments: [ '2 Seconds' ]</msg>
<msg timestamp="20240428 21:47:16.735" level="INFO">Slept 2 seconds</msg>
<msg timestamp="20240428 21:47:16.735" level="TRACE">Return: None</msg>
<status status="PASS" starttime="20240428 21:47:14.727" endtime="20240428 21:47:16.735"/>
</kw>
<kw name="Click Element" library="AppiumLibrary">
<arg>${degree}</arg>
<doc>Click element identified by `locator`.</doc>
<msg timestamp="20240428 21:47:16.735" level="TRACE">Arguments: [ "//android.view.View[@content-desc='Completed a university degree or more']" ]</msg>
<msg timestamp="20240428 21:47:16.735" level="INFO">Clicking element '//android.view.View[@content-desc='Completed a university degree or more']'.</msg>
<msg timestamp="20240428 21:47:16.735" level="DEBUG">POST http://localhost:4723/session/9dc360a8-76cd-47d1-acc3-4b958f90dc93/elements {"using": "xpath", "value": "//android.view.View[@content-desc='Completed a university degree or more']"}</msg>
<msg timestamp="20240428 21:47:16.846" level="DEBUG">http://localhost:4723 "POST /session/9dc360a8-76cd-47d1-acc3-4b958f90dc93/elements HTTP/1.1" 200 139</msg>
<msg timestamp="20240428 21:47:16.846" level="DEBUG">Remote response: status=200 | data={"value":[{"element-6066-11e4-a52e-4f735466cecf":"00000000-0000-052a-0000-003d00000004","ELEMENT":"00000000-0000-052a-0000-003d00000004"}]} | headers=HTTPHeaderDict({'X-Powered-By': 'Express', 'Vary': 'X-HTTP-Method-Override', 'Content-Type': 'application/json; charset=utf-8', 'Content-Length': '139', 'ETag': 'W/"8b-X89TmdplmO/3d9vHwnuOgj/yJpc"', 'Date': 'Sun, 28 Apr 2024 15:47:16 GMT', 'Connection': 'keep-alive', 'Keep-Alive': 'timeout=600'})</msg>
<msg timestamp="20240428 21:47:16.846" level="DEBUG">Finished Request</msg>
<msg timestamp="20240428 21:47:16.846" level="DEBUG">POST http://localhost:4723/session/9dc360a8-76cd-47d1-acc3-4b958f90dc93/element/00000000-0000-052a-0000-003d00000004/click {"id": "00000000-0000-052a-0000-003d00000004"}</msg>
<msg timestamp="20240428 21:47:17.921" level="DEBUG">http://localhost:4723 "POST /session/9dc360a8-76cd-47d1-acc3-4b958f90dc93/element/00000000-0000-052a-0000-003d00000004/click HTTP/1.1" 200 14</msg>
<msg timestamp="20240428 21:47:17.921" level="DEBUG">Remote response: status=200 | data={"value":null} | headers=HTTPHeaderDict({'X-Powered-By': 'Express', 'Vary': 'X-HTTP-Method-Override', 'Content-Type': 'application/json; charset=utf-8', 'Content-Length': '14', 'ETag': 'W/"e-9/1BuKMgFObM1mWJm+YjxtXJnUM"', 'Date': 'Sun, 28 Apr 2024 15:47:17 GMT', 'Connection': 'keep-alive', 'Keep-Alive': 'timeout=600'})</msg>
<msg timestamp="20240428 21:47:17.921" level="DEBUG">Finished Request</msg>
<msg timestamp="20240428 21:47:17.921" level="INFO">xpath criteria: //android.view.View[@content-desc='Completed a university degree or more']</msg>
<msg timestamp="20240428 21:47:17.921" level="TRACE">Return: None</msg>
<status status="PASS" starttime="20240428 21:47:16.735" endtime="20240428 21:47:17.921"/>
</kw>
<kw name="Go Back" library="AppiumLibrary">
<doc>Goes one step backward in the browser history.</doc>
<msg timestamp="20240428 21:47:17.921" level="TRACE">Arguments: [  ]</msg>
<msg timestamp="20240428 21:47:17.921" level="DEBUG">POST http://localhost:4723/session/9dc360a8-76cd-47d1-acc3-4b958f90dc93/back {}</msg>
<msg timestamp="20240428 21:47:18.069" level="DEBUG">http://localhost:4723 "POST /session/9dc360a8-76cd-47d1-acc3-4b958f90dc93/back HTTP/1.1" 200 65</msg>
<msg timestamp="20240428 21:47:18.069" level="DEBUG">Remote response: status=200 | data={"sessionId":"9dc360a8-76cd-47d1-acc3-4b958f90dc93","value":null} | headers=HTTPHeaderDict({'X-Powered-By': 'Express', 'Vary': 'X-HTTP-Method-Override', 'Content-Type': 'application/json; charset=utf-8', 'Content-Length': '65', 'ETag': 'W/"41-gtVzOryHEJNm9TIUppF10lVE+7U"', 'Date': 'Sun, 28 Apr 2024 15:47:18 GMT', 'Connection': 'keep-alive', 'Keep-Alive': 'timeout=600'})</msg>
<msg timestamp="20240428 21:47:18.069" level="DEBUG">Finished Request</msg>
<msg timestamp="20240428 21:47:18.069" level="TRACE">Return: None</msg>
<status status="PASS" starttime="20240428 21:47:17.921" endtime="20240428 21:47:18.069"/>
</kw>
<kw name="Sleep" library="BuiltIn">
<arg>2 Seconds</arg>
<doc>Pauses the test executed for the given time.</doc>
<msg timestamp="20240428 21:47:18.069" level="TRACE">Arguments: [ '2 Seconds' ]</msg>
<msg timestamp="20240428 21:47:20.078" level="INFO">Slept 2 seconds</msg>
<msg timestamp="20240428 21:47:20.078" level="TRACE">Return: None</msg>
<status status="PASS" starttime="20240428 21:47:18.069" endtime="20240428 21:47:20.078"/>
</kw>
<kw name="Click Element" library="AppiumLibrary">
<arg>${startsession2}</arg>
<doc>Click element identified by `locator`.</doc>
<msg timestamp="20240428 21:47:20.078" level="TRACE">Arguments: [ "//android.widget.Button[@content-desc='Start Session']" ]</msg>
<msg timestamp="20240428 21:47:20.078" level="INFO">Clicking element '//android.widget.Button[@content-desc='Start Session']'.</msg>
<msg timestamp="20240428 21:47:20.078" level="DEBUG">POST http://localhost:4723/session/9dc360a8-76cd-47d1-acc3-4b958f90dc93/elements {"using": "xpath", "value": "//android.widget.Button[@content-desc='Start Session']"}</msg>
<msg timestamp="20240428 21:47:20.197" level="DEBUG">http://localhost:4723 "POST /session/9dc360a8-76cd-47d1-acc3-4b958f90dc93/elements HTTP/1.1" 200 139</msg>
<msg timestamp="20240428 21:47:20.197" level="DEBUG">Remote response: status=200 | data={"value":[{"element-6066-11e4-a52e-4f735466cecf":"00000000-0000-052a-0000-003100000004","ELEMENT":"00000000-0000-052a-0000-003100000004"}]} | headers=HTTPHeaderDict({'X-Powered-By': 'Express', 'Vary': 'X-HTTP-Method-Override', 'Content-Type': 'application/json; charset=utf-8', 'Content-Length': '139', 'ETag': 'W/"8b-wtQ/MmMSVqYbby9tZ3dc6VNZRWc"', 'Date': 'Sun, 28 Apr 2024 15:47:20 GMT', 'Connection': 'keep-alive', 'Keep-Alive': 'timeout=600'})</msg>
<msg timestamp="20240428 21:47:20.197" level="DEBUG">Finished Request</msg>
<msg timestamp="20240428 21:47:20.197" level="DEBUG">POST http://localhost:4723/session/9dc360a8-76cd-47d1-acc3-4b958f90dc93/element/00000000-0000-052a-0000-003100000004/click {"id": "00000000-0000-052a-0000-003100000004"}</msg>
<msg timestamp="20240428 21:47:20.958" level="DEBUG">http://localhost:4723 "POST /session/9dc360a8-76cd-47d1-acc3-4b958f90dc93/element/00000000-0000-052a-0000-003100000004/click HTTP/1.1" 200 14</msg>
<msg timestamp="20240428 21:47:20.958" level="DEBUG">Remote response: status=200 | data={"value":null} | headers=HTTPHeaderDict({'X-Powered-By': 'Express', 'Vary': 'X-HTTP-Method-Override', 'Content-Type': 'application/json; charset=utf-8', 'Content-Length': '14', 'ETag': 'W/"e-9/1BuKMgFObM1mWJm+YjxtXJnUM"', 'Date': 'Sun, 28 Apr 2024 15:47:20 GMT', 'Connection': 'keep-alive', 'Keep-Alive': 'timeout=600'})</msg>
<msg timestamp="20240428 21:47:20.958" level="DEBUG">Finished Request</msg>
<msg timestamp="20240428 21:47:20.958" level="INFO">xpath criteria: //android.widget.Button[@content-desc='Start Session']</msg>
<msg timestamp="20240428 21:47:20.958" level="TRACE">Return: None</msg>
<status status="PASS" starttime="20240428 21:47:20.078" endtime="20240428 21:47:20.958"/>
</kw>
<msg timestamp="20240428 21:47:20.958" level="TRACE">Return: None</msg>
<status status="PASS" starttime="20240428 21:46:51.833" endtime="20240428 21:47:20.958"/>
</kw>
<kw name="Sleep" library="BuiltIn">
<arg>2 Seconds</arg>
<doc>Pauses the test executed for the given time.</doc>
<msg timestamp="20240428 21:47:20.965" level="TRACE">Arguments: [ '2 Seconds' ]</msg>
<msg timestamp="20240428 21:47:22.971" level="INFO">Slept 2 seconds</msg>
<msg timestamp="20240428 21:47:22.971" level="TRACE">Return: None</msg>
<status status="PASS" starttime="20240428 21:47:20.958" endtime="20240428 21:47:22.971"/>
</kw>
<kw name="Question 1" library="CoCo_keywords">
<msg timestamp="20240428 21:47:22.973" level="TRACE">Arguments: [  ]</msg>
<kw name="Click Element" library="AppiumLibrary">
<arg>${q1_no}</arg>
<doc>Click element identified by `locator`.</doc>
<msg timestamp="20240428 21:47:22.973" level="TRACE">Arguments: [ "//android.view.View[@content-desc='Have you ever had sex?']/android.widget.ImageView[4]" ]</msg>
<msg timestamp="20240428 21:47:22.973" level="INFO">Clicking element '//android.view.View[@content-desc='Have you ever had sex?']/android.widget.ImageView[4]'.</msg>
<msg timestamp="20240428 21:47:22.973" level="DEBUG">POST http://localhost:4723/session/9dc360a8-76cd-47d1-acc3-4b958f90dc93/elements {"using": "xpath", "value": "//android.view.View[@content-desc='Have you ever had sex?']/android.widget.ImageView[4]"}</msg>
<msg timestamp="20240428 21:47:23.098" level="DEBUG">http://localhost:4723 "POST /session/9dc360a8-76cd-47d1-acc3-4b958f90dc93/elements HTTP/1.1" 200 139</msg>
<msg timestamp="20240428 21:47:23.098" level="DEBUG">Remote response: status=200 | data={"value":[{"element-6066-11e4-a52e-4f735466cecf":"00000000-0000-052a-0000-004800000004","ELEMENT":"00000000-0000-052a-0000-004800000004"}]} | headers=HTTPHeaderDict({'X-Powered-By': 'Express', 'Vary': 'X-HTTP-Method-Override', 'Content-Type': 'application/json; charset=utf-8', 'Content-Length': '139', 'ETag': 'W/"8b-X0709ovO+gg3gAb4kXrB3CsFmA8"', 'Date': 'Sun, 28 Apr 2024 15:47:23 GMT', 'Connection': 'keep-alive', 'Keep-Alive': 'timeout=600'})</msg>
<msg timestamp="20240428 21:47:23.098" level="DEBUG">Finished Request</msg>
<msg timestamp="20240428 21:47:23.098" level="DEBUG">POST http://localhost:4723/session/9dc360a8-76cd-47d1-acc3-4b958f90dc93/element/00000000-0000-052a-0000-004800000004/click {"id": "00000000-0000-052a-0000-004800000004"}</msg>
<msg timestamp="20240428 21:47:24.278" level="DEBUG">http://localhost:4723 "POST /session/9dc360a8-76cd-47d1-acc3-4b958f90dc93/element/00000000-0000-052a-0000-004800000004/click HTTP/1.1" 200 14</msg>
<msg timestamp="20240428 21:47:24.278" level="DEBUG">Remote response: status=200 | data={"value":null} | headers=HTTPHeaderDict({'X-Powered-By': 'Express', 'Vary': 'X-HTTP-Method-Override', 'Content-Type': 'application/json; charset=utf-8', 'Content-Length': '14', 'ETag': 'W/"e-9/1BuKMgFObM1mWJm+YjxtXJnUM"', 'Date': 'Sun, 28 Apr 2024 15:47:24 GMT', 'Connection': 'keep-alive', 'Keep-Alive': 'timeout=600'})</msg>
<msg timestamp="20240428 21:47:24.278" level="DEBUG">Finished Request</msg>
<msg timestamp="20240428 21:47:24.278" level="INFO">xpath criteria: //android.view.View[@content-desc='Have you ever had sex?']/android.widget.ImageView[4]</msg>
<msg timestamp="20240428 21:47:24.278" level="TRACE">Return: None</msg>
<status status="PASS" starttime="20240428 21:47:22.973" endtime="20240428 21:47:24.278"/>
</kw>
<kw name="Sleep" library="BuiltIn">
<arg>2 Seconds</arg>
<doc>Pauses the test executed for the given time.</doc>
<msg timestamp="20240428 21:47:24.278" level="TRACE">Arguments: [ '2 Seconds' ]</msg>
<msg timestamp="20240428 21:47:26.293" level="INFO">Slept 2 seconds</msg>
<msg timestamp="20240428 21:47:26.293" level="TRACE">Return: None</msg>
<status status="PASS" starttime="20240428 21:47:24.278" endtime="20240428 21:47:26.293"/>
</kw>
<kw name="Click Element" library="AppiumLibrary">
<arg>${q1_next}</arg>
<doc>Click element identified by `locator`.</doc>
<msg timestamp="20240428 21:47:26.293" level="TRACE">Arguments: [ "//android.widget.Button[@content-desc='Next']" ]</msg>
<msg timestamp="20240428 21:47:26.293" level="INFO">Clicking element '//android.widget.Button[@content-desc='Next']'.</msg>
<msg timestamp="20240428 21:47:26.293" level="DEBUG">POST http://localhost:4723/session/9dc360a8-76cd-47d1-acc3-4b958f90dc93/elements {"using": "xpath", "value": "//android.widget.Button[@content-desc='Next']"}</msg>
<msg timestamp="20240428 21:47:26.403" level="DEBUG">http://localhost:4723 "POST /session/9dc360a8-76cd-47d1-acc3-4b958f90dc93/elements HTTP/1.1" 200 139</msg>
<msg timestamp="20240428 21:47:26.403" level="DEBUG">Remote response: status=200 | data={"value":[{"element-6066-11e4-a52e-4f735466cecf":"00000000-0000-052a-0000-004c00000004","ELEMENT":"00000000-0000-052a-0000-004c00000004"}]} | headers=HTTPHeaderDict({'X-Powered-By': 'Express', 'Vary': 'X-HTTP-Method-Override', 'Content-Type': 'application/json; charset=utf-8', 'Content-Length': '139', 'ETag': 'W/"8b-xPa2SBZBblHY/cKENa/nDU4SuN8"', 'Date': 'Sun, 28 Apr 2024 15:47:26 GMT', 'Connection': 'keep-alive', 'Keep-Alive': 'timeout=600'})</msg>
<msg timestamp="20240428 21:47:26.403" level="DEBUG">Finished Request</msg>
<msg timestamp="20240428 21:47:26.403" level="DEBUG">POST http://localhost:4723/session/9dc360a8-76cd-47d1-acc3-4b958f90dc93/element/00000000-0000-052a-0000-004c00000004/click {"id": "00000000-0000-052a-0000-004c00000004"}</msg>
<msg timestamp="20240428 21:47:27.035" level="DEBUG">http://localhost:4723 "POST /session/9dc360a8-76cd-47d1-acc3-4b958f90dc93/element/00000000-0000-052a-0000-004c00000004/click HTTP/1.1" 200 14</msg>
<msg timestamp="20240428 21:47:27.035" level="DEBUG">Remote response: status=200 | data={"value":null} | headers=HTTPHeaderDict({'X-Powered-By': 'Express', 'Vary': 'X-HTTP-Method-Override', 'Content-Type': 'application/json; charset=utf-8', 'Content-Length': '14', 'ETag': 'W/"e-9/1BuKMgFObM1mWJm+YjxtXJnUM"', 'Date': 'Sun, 28 Apr 2024 15:47:27 GMT', 'Connection': 'keep-alive', 'Keep-Alive': 'timeout=600'})</msg>
<msg timestamp="20240428 21:47:27.035" level="DEBUG">Finished Request</msg>
<msg timestamp="20240428 21:47:27.035" level="INFO">xpath criteria: //android.widget.Button[@content-desc='Next']</msg>
<msg timestamp="20240428 21:47:27.035" level="TRACE">Return: None</msg>
<status status="PASS" starttime="20240428 21:47:26.293" endtime="20240428 21:47:27.035"/>
</kw>
<msg timestamp="20240428 21:47:27.035" level="TRACE">Return: None</msg>
<status status="PASS" starttime="20240428 21:47:22.971" endtime="20240428 21:47:27.035"/>
</kw>
<kw name="Question 6" library="CoCo_keywords">
<msg timestamp="20240428 21:47:27.035" level="TRACE">Arguments: [  ]</msg>
<kw name="Click Element" library="AppiumLibrary">
<arg>${q6_now}</arg>
<doc>Click element identified by `locator`.</doc>
<msg timestamp="20240428 21:47:27.035" level="TRACE">Arguments: [ "//android.widget.RadioButton[@content-desc='Now']" ]</msg>
<msg timestamp="20240428 21:47:27.035" level="INFO">Clicking element '//android.widget.RadioButton[@content-desc='Now']'.</msg>
<msg timestamp="20240428 21:47:27.035" level="DEBUG">POST http://localhost:4723/session/9dc360a8-76cd-47d1-acc3-4b958f90dc93/elements {"using": "xpath", "value": "//android.widget.RadioButton[@content-desc='Now']"}</msg>
<msg timestamp="20240428 21:47:27.160" level="DEBUG">http://localhost:4723 "POST /session/9dc360a8-76cd-47d1-acc3-4b958f90dc93/elements HTTP/1.1" 200 139</msg>
<msg timestamp="20240428 21:47:27.160" level="DEBUG">Remote response: status=200 | data={"value":[{"element-6066-11e4-a52e-4f735466cecf":"00000000-0000-052a-0000-005300000004","ELEMENT":"00000000-0000-052a-0000-005300000004"}]} | headers=HTTPHeaderDict({'X-Powered-By': 'Express', 'Vary': 'X-HTTP-Method-Override', 'Content-Type': 'application/json; charset=utf-8', 'Content-Length': '139', 'ETag': 'W/"8b-8Vh06BForHjIrxLMNUe+VQeh7Wg"', 'Date': 'Sun, 28 Apr 2024 15:47:27 GMT', 'Connection': 'keep-alive', 'Keep-Alive': 'timeout=600'})</msg>
<msg timestamp="20240428 21:47:27.160" level="DEBUG">Finished Request</msg>
<msg timestamp="20240428 21:47:27.160" level="DEBUG">POST http://localhost:4723/session/9dc360a8-76cd-47d1-acc3-4b958f90dc93/element/00000000-0000-052a-0000-005300000004/click {"id": "00000000-0000-052a-0000-005300000004"}</msg>
<msg timestamp="20240428 21:47:27.738" level="DEBUG">http://localhost:4723 "POST /session/9dc360a8-76cd-47d1-acc3-4b958f90dc93/element/00000000-0000-052a-0000-005300000004/click HTTP/1.1" 200 14</msg>
<msg timestamp="20240428 21:47:27.738" level="DEBUG">Remote response: status=200 | data={"value":null} | headers=HTTPHeaderDict({'X-Powered-By': 'Express', 'Vary': 'X-HTTP-Method-Override', 'Content-Type': 'application/json; charset=utf-8', 'Content-Length': '14', 'ETag': 'W/"e-9/1BuKMgFObM1mWJm+YjxtXJnUM"', 'Date': 'Sun, 28 Apr 2024 15:47:27 GMT', 'Connection': 'keep-alive', 'Keep-Alive': 'timeout=600'})</msg>
<msg timestamp="20240428 21:47:27.738" level="DEBUG">Finished Request</msg>
<msg timestamp="20240428 21:47:27.738" level="INFO">xpath criteria: //android.widget.RadioButton[@content-desc='Now']</msg>
<msg timestamp="20240428 21:47:27.738" level="TRACE">Return: None</msg>
<status status="PASS" starttime="20240428 21:47:27.035" endtime="20240428 21:47:27.738"/>
</kw>
<kw name="Sleep" library="BuiltIn">
<arg>2 Seconds</arg>
<doc>Pauses the test executed for the given time.</doc>
<msg timestamp="20240428 21:47:27.738" level="TRACE">Arguments: [ '2 Seconds' ]</msg>
<msg timestamp="20240428 21:47:29.748" level="INFO">Slept 2 seconds</msg>
<msg timestamp="20240428 21:47:29.748" level="TRACE">Return: None</msg>
<status status="PASS" starttime="20240428 21:47:27.738" endtime="20240428 21:47:29.748"/>
</kw>
<kw name="Swipe By Percent" library="AppiumLibrary">
<arg>50</arg>
<arg>70</arg>
<arg>50</arg>
<arg>0</arg>
<doc>Swipe from one percent of the screen to another percent, for an optional duration.
Normal swipe fails to scale for different screen resolutions, this can be avoided using percent.</doc>
<msg timestamp="20240428 21:47:29.748" level="TRACE">Arguments: [ '50' | '70' | '50' | '0' ]</msg>
<msg timestamp="20240428 21:47:29.748" level="DEBUG">GET http://localhost:4723/session/9dc360a8-76cd-47d1-acc3-4b958f90dc93/window/rect {}</msg>
<msg timestamp="20240428 21:47:29.772" level="DEBUG">http://localhost:4723 "GET /session/9dc360a8-76cd-47d1-acc3-4b958f90dc93/window/rect HTTP/1.1" 200 49</msg>
<msg timestamp="20240428 21:47:29.772" level="DEBUG">Remote response: status=200 | data={"value":{"width":1024,"height":600,"x":0,"y":0}} | headers=HTTPHeaderDict({'X-Powered-By': 'Express', 'Content-Type': 'application/json; charset=utf-8', 'Content-Length': '49', 'ETag': 'W/"31-EBSmie5/1Cr24ZUubENun57+4uI"', 'Date': 'Sun, 28 Apr 2024 15:47:29 GMT', 'Connection': 'keep-alive', 'Keep-Alive': 'timeout=600'})</msg>
<msg timestamp="20240428 21:47:29.772" level="DEBUG">Finished Request</msg>
<msg timestamp="20240428 21:47:29.772" level="DEBUG">GET http://localhost:4723/session/9dc360a8-76cd-47d1-acc3-4b958f90dc93/window/rect {}</msg>
<msg timestamp="20240428 21:47:29.785" level="DEBUG">http://localhost:4723 "GET /session/9dc360a8-76cd-47d1-acc3-4b958f90dc93/window/rect HTTP/1.1" 200 49</msg>
<msg timestamp="20240428 21:47:29.785" level="DEBUG">Remote response: status=200 | data={"value":{"width":1024,"height":600,"x":0,"y":0}} | headers=HTTPHeaderDict({'X-Powered-By': 'Express', 'Content-Type': 'application/json; charset=utf-8', 'Content-Length': '49', 'ETag': 'W/"31-EBSmie5/1Cr24ZUubENun57+4uI"', 'Date': 'Sun, 28 Apr 2024 15:47:29 GMT', 'Connection': 'keep-alive', 'Keep-Alive': 'timeout=600'})</msg>
<msg timestamp="20240428 21:47:29.785" level="DEBUG">Finished Request</msg>
<msg timestamp="20240428 21:47:29.785" level="DEBUG">POST http://localhost:4723/session/9dc360a8-76cd-47d1-acc3-4b958f90dc93/actions {"actions": [{"type": "pointer", "parameters": {"pointerType": "touch"}, "id": "touch", "actions": [{"type": "pointerMove", "duration": 250, "x": 512, "y": 420, "origin": "viewport"}, {"type": "pointerDown", "duration": 0, "button": 0}, {"type": "pointerMove", "duration": 1000, "x": 512, "y": 0, "origin": "viewport"}, {"type": "pointerUp", "duration": 0, "button": 0}]}]}</msg>
<msg timestamp="20240428 21:47:31.141" level="DEBUG">http://localhost:4723 "POST /session/9dc360a8-76cd-47d1-acc3-4b958f90dc93/actions HTTP/1.1" 200 14</msg>
<msg timestamp="20240428 21:47:31.141" level="DEBUG">Remote response: status=200 | data={"value":null} | headers=HTTPHeaderDict({'X-Powered-By': 'Express', 'Vary': 'X-HTTP-Method-Override', 'Content-Type': 'application/json; charset=utf-8', 'Content-Length': '14', 'ETag': 'W/"e-9/1BuKMgFObM1mWJm+YjxtXJnUM"', 'Date': 'Sun, 28 Apr 2024 15:47:31 GMT', 'Connection': 'keep-alive', 'Keep-Alive': 'timeout=600'})</msg>
<msg timestamp="20240428 21:47:31.141" level="DEBUG">Finished Request</msg>
<msg timestamp="20240428 21:47:31.141" level="TRACE">Return: None</msg>
<status status="PASS" starttime="20240428 21:47:29.748" endtime="20240428 21:47:31.141"/>
</kw>
<kw name="Sleep" library="BuiltIn">
<arg>2 Seconds</arg>
<doc>Pauses the test executed for the given time.</doc>
<msg timestamp="20240428 21:47:31.141" level="TRACE">Arguments: [ '2 Seconds' ]</msg>
<msg timestamp="20240428 21:47:33.147" level="INFO">Slept 2 seconds</msg>
<msg timestamp="20240428 21:47:33.147" level="TRACE">Return: None</msg>
<status status="PASS" starttime="20240428 21:47:31.141" endtime="20240428 21:47:33.147"/>
</kw>
<kw name="Click Element" library="AppiumLibrary">
<arg>${q6_next}</arg>
<doc>Click element identified by `locator`.</doc>
<msg timestamp="20240428 21:47:33.147" level="TRACE">Arguments: [ "//android.widget.Button[@content-desc='Next']" ]</msg>
<msg timestamp="20240428 21:47:33.147" level="INFO">Clicking element '//android.widget.Button[@content-desc='Next']'.</msg>
<msg timestamp="20240428 21:47:33.147" level="DEBUG">POST http://localhost:4723/session/9dc360a8-76cd-47d1-acc3-4b958f90dc93/elements {"using": "xpath", "value": "//android.widget.Button[@content-desc='Next']"}</msg>
<msg timestamp="20240428 21:47:33.287" level="DEBUG">http://localhost:4723 "POST /session/9dc360a8-76cd-47d1-acc3-4b958f90dc93/elements HTTP/1.1" 200 139</msg>
<msg timestamp="20240428 21:47:33.287" level="DEBUG">Remote response: status=200 | data={"value":[{"element-6066-11e4-a52e-4f735466cecf":"00000000-0000-052a-0000-005200000004","ELEMENT":"00000000-0000-052a-0000-005200000004"}]} | headers=HTTPHeaderDict({'X-Powered-By': 'Express', 'Vary': 'X-HTTP-Method-Override', 'Content-Type': 'application/json; charset=utf-8', 'Content-Length': '139', 'ETag': 'W/"8b-A8SFV5YyUSLcLiIC/5fE76A9wBE"', 'Date': 'Sun, 28 Apr 2024 15:47:33 GMT', 'Connection': 'keep-alive', 'Keep-Alive': 'timeout=600'})</msg>
<msg timestamp="20240428 21:47:33.287" level="DEBUG">Finished Request</msg>
<msg timestamp="20240428 21:47:33.287" level="DEBUG">POST http://localhost:4723/session/9dc360a8-76cd-47d1-acc3-4b958f90dc93/element/00000000-0000-052a-0000-005200000004/click {"id": "00000000-0000-052a-0000-005200000004"}</msg>
<msg timestamp="20240428 21:47:34.435" level="DEBUG">http://localhost:4723 "POST /session/9dc360a8-76cd-47d1-acc3-4b958f90dc93/element/00000000-0000-052a-0000-005200000004/click HTTP/1.1" 200 14</msg>
<msg timestamp="20240428 21:47:34.436" level="DEBUG">Remote response: status=200 | data={"value":null} | headers=HTTPHeaderDict({'X-Powered-By': 'Express', 'Vary': 'X-HTTP-Method-Override', 'Content-Type': 'application/json; charset=utf-8', 'Content-Length': '14', 'ETag': 'W/"e-9/1BuKMgFObM1mWJm+YjxtXJnUM"', 'Date': 'Sun, 28 Apr 2024 15:47:34 GMT', 'Connection': 'keep-alive', 'Keep-Alive': 'timeout=600'})</msg>
<msg timestamp="20240428 21:47:34.436" level="DEBUG">Finished Request</msg>
<msg timestamp="20240428 21:47:34.436" level="INFO">xpath criteria: //android.widget.Button[@content-desc='Next']</msg>
<msg timestamp="20240428 21:47:34.436" level="TRACE">Return: None</msg>
<status status="PASS" starttime="20240428 21:47:33.147" endtime="20240428 21:47:34.436"/>
</kw>
<msg timestamp="20240428 21:47:34.436" level="TRACE">Return: None</msg>
<status status="PASS" starttime="20240428 21:47:27.035" endtime="20240428 21:47:34.436"/>
</kw>
<status status="PASS" starttime="20240428 21:46:38.522" endtime="20240428 21:47:34.437"/>
</test>
<status status="PASS" starttime="20240428 21:46:38.322" endtime="20240428 21:47:34.438"/>
</suite>
<statistics>
<total>
<stat pass="1" fail="0" skip="0">All Tests</stat>
</total>
<tag>
</tag>
<suite>
<stat pass="1" fail="0" skip="0" id="s1" name="Start-Session">Start-Session</stat>
</suite>
</statistics>
<errors>
</errors>
</robot>
