<?xml version="1.0" encoding="UTF-8"?>
<robot generator="Robot 5.0.1 (Python 3.10.7 on win32)" generated="20240319 13:20:09.881" rpa="false" schemaversion="3">
<suite id="s1" name="openApplication" source="C:\Users\newaj\PycharmProjects\Mobile-Automation-Projects-using-Robot-Framework\Android Projects\TestCases\openApplication.robot">
<test id="s1-t1" name="Open_Application" line="9">
<kw name="Open Application" library="AppiumLibrary">
<arg>http://localhost:4723</arg>
<arg>platformName=Android</arg>
<arg>platformVersion=11</arg>
<arg>deviceName=HA1HSDDT</arg>
<arg>appPackage=com.savethechildren.coco.coco</arg>
<arg>appActivity=com.savethechildren.coco.coco.MainActivity</arg>
<arg>automationName=UiAutomator2</arg>
<doc>Opens a new application to given Appium server.
Capabilities of appium server, Android and iOS,
Please check https://github.com/appium/appium/blob/master/docs/en/writing-running-appium/server-args.md
| *Option*            | *Man.* | *Description*     |
| remote_url          | Yes    | Appium server url |
| alias               | no     | alias             |
| strict_ssl          | No     | allows you to send commands to an invalid certificate host like a self-signed one. |</doc>
<status status="PASS" starttime="20240319 13:20:10.120" endtime="20240319 13:20:30.810"/>
</kw>
<status status="PASS" starttime="20240319 13:20:10.119" endtime="20240319 13:20:30.811"/>
</test>
<status status="PASS" starttime="20240319 13:20:09.883" endtime="20240319 13:20:30.812"/>
</suite>
<statistics>
<total>
<stat pass="1" fail="0" skip="0">All Tests</stat>
</total>
<tag>
</tag>
<suite>
<stat pass="1" fail="0" skip="0" id="s1" name="openApplication">openApplication</stat>
</suite>
</statistics>
<errors>
</errors>
</robot>
